2025-06-30 09:52:13.079 - INFO: vbln_usulan: 202505
2025-06-30 09:52:55.165 - INFO: Jumlah data dikembalikan: 24
2025-06-30 10:12:35.436 - INFO: vbln_usulan: 202505
2025-06-30 10:13:11.633 - INFO: Jumlah data dikembalikan: 24
2025-06-30 10:13:20.729 - INFO: draw = 1
2025-06-30 10:13:20.730 - INFO: start = 0
2025-06-30 10:13:20.730 - INFO: length = 10
2025-06-30 10:13:20.731 - INFO: sortBy = TOTAL_COUNT
2025-06-30 10:13:20.731 - INFO: sortDir = asc
2025-06-30 10:13:20.731 - INFO: searchValue = 
2025-06-30 10:13:20.733 - INFO: vbln_usulan = 202505
2025-06-30 10:13:20.733 - INFO: vkd_bank = 200
2025-06-30 10:13:20.734 - INFO: vkd_dist = 11
2025-06-30 10:16:33.734 - INFO: vbln_usulan: 202505
2025-06-30 10:17:09.810 - INFO: Jumlah data dikembalikan: 24
2025-06-30 10:17:34.860 - INFO: draw = 1
2025-06-30 10:17:34.861 - INFO: start = 1
2025-06-30 10:17:34.861 - INFO: length = 10
2025-06-30 10:17:34.862 - INFO: sortBy = TOTAL_COUNT
2025-06-30 10:17:34.862 - INFO: sortDir = asc
2025-06-30 10:17:34.863 - INFO: searchValue = 
2025-06-30 10:17:34.865 - INFO: vbln_usulan = 202505
2025-06-30 10:17:34.865 - INFO: vkd_bank = 200
2025-06-30 10:17:34.866 - INFO: vkd_dist = 11
2025-06-30 10:18:57.574 - INFO: vbln_usulan: 202505
2025-06-30 10:19:03.094 - INFO: Jumlah data dikembalikan: 24
2025-06-30 10:19:07.059 - INFO: draw = 1
2025-06-30 10:19:07.059 - INFO: start = 1
2025-06-30 10:19:07.060 - INFO: length = 10
2025-06-30 10:19:07.060 - INFO: sortBy = TOTAL_COUNT
2025-06-30 10:19:07.060 - INFO: sortDir = asc
2025-06-30 10:19:07.061 - INFO: searchValue = 
2025-06-30 10:19:07.061 - INFO: vbln_usulan = 202505
2025-06-30 10:19:07.061 - INFO: vkd_bank = 200
2025-06-30 10:19:07.062 - INFO: vkd_dist = 11
2025-06-30 10:22:17.594 - INFO: draw = 1
2025-06-30 10:22:17.596 - INFO: start = 1
2025-06-30 10:22:17.596 - INFO: length = 10
2025-06-30 10:22:17.597 - INFO: sortBy = TOTAL_COUNT
2025-06-30 10:22:17.597 - INFO: sortDir = asc
2025-06-30 10:22:17.597 - INFO: searchValue = 
2025-06-30 10:22:17.599 - INFO: vbln_usulan = 202505
2025-06-30 10:22:17.599 - INFO: vkd_bank = 200
2025-06-30 10:22:17.600 - INFO: vkd_dist = 11
2025-06-30 10:29:01.287 - INFO: vbln_usulan: 202505
2025-06-30 10:29:37.391 - INFO: Jumlah data dikembalikan: 24
2025-06-30 10:29:45.690 - INFO: draw = 1
2025-06-30 10:29:45.691 - INFO: start = 1
2025-06-30 10:29:45.691 - INFO: length = 10
2025-06-30 10:29:45.691 - INFO: sortBy = TOTAL_COUNT
2025-06-30 10:29:45.691 - INFO: sortDir = asc
2025-06-30 10:29:45.692 - INFO: searchValue = 
2025-06-30 10:29:45.692 - INFO: vbln_usulan = 202505
2025-06-30 10:29:45.693 - INFO: vkd_bank = 200
2025-06-30 10:29:45.694 - INFO: vkd_dist = 11
2025-06-30 10:30:59.799 - INFO: draw = 2
2025-06-30 10:30:59.800 - INFO: start = 7501
2025-06-30 10:30:59.800 - INFO: length = 10
2025-06-30 10:30:59.801 - INFO: sortBy = TOTAL_COUNT
2025-06-30 10:30:59.803 - INFO: sortDir = asc
2025-06-30 10:30:59.803 - INFO: searchValue = 
2025-06-30 10:30:59.804 - INFO: vbln_usulan = 202505
2025-06-30 10:30:59.805 - INFO: vkd_bank = 200
2025-06-30 10:30:59.805 - INFO: vkd_dist = 11
2025-06-30 10:32:29.076 - INFO: vbln_usulan: 202505
2025-06-30 10:32:35.374 - INFO: Jumlah data dikembalikan: 24
2025-06-30 10:33:06.337 - INFO: draw = 1
2025-06-30 10:33:06.337 - INFO: start = 1
2025-06-30 10:33:06.338 - INFO: length = 10
2025-06-30 10:33:06.338 - INFO: sortBy = TOTAL_COUNT
2025-06-30 10:33:06.339 - INFO: sortDir = asc
2025-06-30 10:33:06.340 - INFO: searchValue = 
2025-06-30 10:33:06.341 - INFO: vbln_usulan = 202505
2025-06-30 10:33:06.342 - INFO: vkd_bank = 200
2025-06-30 10:33:06.343 - INFO: vkd_dist = 11
2025-06-30 10:36:51.612 - INFO: vbln_usulan: 202505
2025-06-30 10:36:57.476 - INFO: Jumlah data dikembalikan: 24
2025-06-30 10:39:19.450 - INFO: vbln_usulan: 202505
2025-06-30 10:39:55.764 - INFO: Jumlah data dikembalikan: 24
2025-06-30 10:40:35.197 - INFO: draw = 1
2025-06-30 10:40:35.198 - INFO: start = 1
2025-06-30 10:40:35.199 - INFO: length = 10
2025-06-30 10:40:35.200 - INFO: sortBy = TOTAL_COUNT
2025-06-30 10:40:35.200 - INFO: sortDir = asc
2025-06-30 10:40:35.200 - INFO: searchValue = 
2025-06-30 10:40:35.201 - INFO: vbln_usulan = 202505
2025-06-30 10:40:35.202 - INFO: vkd_bank = 200
2025-06-30 10:40:35.203 - INFO: vkd_dist = 11
2025-06-30 10:43:21.066 - INFO: vbln_usulan: 202505
2025-06-30 10:43:26.572 - INFO: Jumlah data dikembalikan: 24
2025-06-30 10:44:26.472 - INFO: vbln_usulan: 202505
2025-06-30 10:44:32.883 - INFO: Jumlah data dikembalikan: 24
2025-06-30 10:47:14.121 - INFO: vbln_usulan: 202505
2025-06-30 10:47:19.943 - INFO: Jumlah data dikembalikan: 24
2025-06-30 10:47:54.054 - INFO: vbln_usulan: 202505
2025-06-30 10:47:59.562 - INFO: Jumlah data dikembalikan: 24
2025-06-30 10:48:02.866 - INFO: draw = 1
2025-06-30 10:48:02.871 - INFO: start = 1
2025-06-30 10:48:02.871 - INFO: length = 10
2025-06-30 10:48:02.872 - INFO: sortBy = TOTAL_COUNT
2025-06-30 10:48:02.872 - INFO: sortDir = asc
2025-06-30 10:48:02.872 - INFO: searchValue = 
2025-06-30 10:48:02.873 - INFO: vbln_usulan = 202505
2025-06-30 10:48:02.873 - INFO: vkd_bank = 200
2025-06-30 10:48:02.874 - INFO: vkd_dist = 11
2025-06-30 10:48:20.675 - INFO: draw = 1
2025-06-30 10:48:20.675 - INFO: start = 1
2025-06-30 10:48:20.676 - INFO: length = 10
2025-06-30 10:48:20.676 - INFO: sortBy = TOTAL_COUNT
2025-06-30 10:48:20.676 - INFO: sortDir = asc
2025-06-30 10:48:20.676 - INFO: searchValue = 
2025-06-30 10:48:20.676 - INFO: vbln_usulan = 202505
2025-06-30 10:48:20.676 - INFO: vkd_bank = 200
2025-06-30 10:48:20.676 - INFO: vkd_dist = 12
2025-06-30 10:52:19.535 - INFO: vbln_usulan: 202505
2025-06-30 10:52:25.106 - INFO: Jumlah data dikembalikan: 24
2025-06-30 10:52:28.486 - INFO: draw = 1
2025-06-30 10:52:28.487 - INFO: start = 1
2025-06-30 10:52:28.487 - INFO: length = 10
2025-06-30 10:52:28.487 - INFO: sortBy = TOTAL_COUNT
2025-06-30 10:52:28.488 - INFO: sortDir = asc
2025-06-30 10:52:28.488 - INFO: searchValue = 
2025-06-30 10:52:28.488 - INFO: vbln_usulan = 202505
2025-06-30 10:52:28.488 - INFO: vkd_bank = 200
2025-06-30 10:52:28.488 - INFO: vkd_dist = 12
2025-06-30 12:42:35.331 - INFO: draw = 1
2025-06-30 12:42:35.332 - INFO: start = 1
2025-06-30 12:42:35.332 - INFO: length = 10
2025-06-30 12:42:35.332 - INFO: sortBy = TOTAL_COUNT
2025-06-30 12:42:35.333 - INFO: sortDir = asc
2025-06-30 12:42:35.333 - INFO: searchValue = 
2025-06-30 12:42:35.334 - INFO: vbln_usulan = 202505
2025-06-30 12:42:35.335 - INFO: vkd_bank = 200
2025-06-30 12:42:35.335 - INFO: vkd_dist = 11
2025-06-30 12:48:48.710 - INFO: vbln_usulan: 202505
2025-06-30 12:49:25.419 - INFO: Jumlah data dikembalikan: 24
2025-06-30 12:49:41.899 - INFO: draw = 1
2025-06-30 12:49:41.899 - INFO: start = 1
2025-06-30 12:49:41.899 - INFO: length = 10
2025-06-30 12:49:41.899 - INFO: sortBy = TOTAL_COUNT
2025-06-30 12:49:41.899 - INFO: sortDir = asc
2025-06-30 12:49:41.899 - INFO: searchValue = 
2025-06-30 12:49:41.899 - INFO: vbln_usulan = 202505
2025-06-30 12:49:41.899 - INFO: vkd_bank = 200
2025-06-30 12:49:41.899 - INFO: vkd_dist = 11
2025-06-30 12:49:52.356 - INFO: draw = 2
2025-06-30 12:49:52.357 - INFO: start = 101
2025-06-30 12:49:52.357 - INFO: length = 10
2025-06-30 12:49:52.357 - INFO: sortBy = TOTAL_COUNT
2025-06-30 12:49:52.357 - INFO: sortDir = asc
2025-06-30 12:49:52.357 - INFO: searchValue = 
2025-06-30 12:49:52.357 - INFO: vbln_usulan = 202505
2025-06-30 12:49:52.357 - INFO: vkd_bank = 200
2025-06-30 12:49:52.357 - INFO: vkd_dist = 11
2025-06-30 12:49:54.396 - INFO: draw = 3
2025-06-30 12:49:54.396 - INFO: start = 201
2025-06-30 12:49:54.396 - INFO: length = 10
2025-06-30 12:49:54.399 - INFO: sortBy = TOTAL_COUNT
2025-06-30 12:49:54.399 - INFO: sortDir = asc
2025-06-30 12:49:54.400 - INFO: searchValue = 
2025-06-30 12:49:54.400 - INFO: vbln_usulan = 202505
2025-06-30 12:49:54.400 - INFO: vkd_bank = 200
2025-06-30 12:49:54.401 - INFO: vkd_dist = 11
2025-06-30 12:49:55.057 - INFO: draw = 4
2025-06-30 12:49:55.063 - INFO: start = 301
2025-06-30 12:49:55.064 - INFO: length = 10
2025-06-30 12:49:55.065 - INFO: sortBy = TOTAL_COUNT
2025-06-30 12:49:55.067 - INFO: sortDir = asc
2025-06-30 12:49:55.067 - INFO: searchValue = 
2025-06-30 12:49:55.068 - INFO: vbln_usulan = 202505
2025-06-30 12:49:55.068 - INFO: vkd_bank = 200
2025-06-30 12:49:55.068 - INFO: vkd_dist = 11
2025-06-30 12:49:56.126 - INFO: draw = 5
2025-06-30 12:49:56.127 - INFO: start = 201
2025-06-30 12:49:56.127 - INFO: length = 10
2025-06-30 12:49:56.127 - INFO: sortBy = TOTAL_COUNT
2025-06-30 12:49:56.127 - INFO: sortDir = asc
2025-06-30 12:49:56.127 - INFO: searchValue = 
2025-06-30 12:49:56.127 - INFO: vbln_usulan = 202505
2025-06-30 12:49:56.127 - INFO: vkd_bank = 200
2025-06-30 12:49:56.130 - INFO: vkd_dist = 11
2025-06-30 12:49:58.657 - INFO: draw = 6
2025-06-30 12:49:58.657 - INFO: start = 101
2025-06-30 12:49:58.657 - INFO: length = 10
2025-06-30 12:49:58.657 - INFO: sortBy = TOTAL_COUNT
2025-06-30 12:49:58.657 - INFO: sortDir = asc
2025-06-30 12:49:58.657 - INFO: searchValue = 
2025-06-30 12:49:58.657 - INFO: vbln_usulan = 202505
2025-06-30 12:49:58.657 - INFO: vkd_bank = 200
2025-06-30 12:49:58.657 - INFO: vkd_dist = 11
2025-06-30 12:50:08.557 - INFO: draw = 1
2025-06-30 12:50:08.558 - INFO: start = 1
2025-06-30 12:50:08.559 - INFO: length = 10
2025-06-30 12:50:08.559 - INFO: sortBy = TOTAL_COUNT
2025-06-30 12:50:08.559 - INFO: sortDir = asc
2025-06-30 12:50:08.559 - INFO: searchValue = 
2025-06-30 12:50:08.559 - INFO: vbln_usulan = 202505
2025-06-30 12:50:08.559 - INFO: vkd_bank = 200
2025-06-30 12:50:08.562 - INFO: vkd_dist = 11
2025-06-30 12:51:43.875 - INFO: draw = 2
2025-06-30 12:51:43.875 - INFO: start = 7501
2025-06-30 12:51:43.875 - INFO: length = 10
2025-06-30 12:51:43.875 - INFO: sortBy = TOTAL_COUNT
2025-06-30 12:51:43.875 - INFO: sortDir = asc
2025-06-30 12:51:43.875 - INFO: searchValue = 
2025-06-30 12:51:43.875 - INFO: vbln_usulan = 202505
2025-06-30 12:51:43.875 - INFO: vkd_bank = 200
2025-06-30 12:51:43.875 - INFO: vkd_dist = 11
2025-06-30 12:51:46.199 - INFO: draw = 3
2025-06-30 12:51:46.199 - INFO: start = 1
2025-06-30 12:51:46.199 - INFO: length = 10
2025-06-30 12:51:46.199 - INFO: sortBy = TOTAL_COUNT
2025-06-30 12:51:46.199 - INFO: sortDir = asc
2025-06-30 12:51:46.206 - INFO: searchValue = 
2025-06-30 12:51:46.206 - INFO: vbln_usulan = 202505
2025-06-30 12:51:46.206 - INFO: vkd_bank = 200
2025-06-30 12:51:46.206 - INFO: vkd_dist = 11
2025-06-30 12:52:35.981 - INFO: draw = 4
2025-06-30 12:52:35.981 - INFO: start = 101
2025-06-30 12:52:35.982 - INFO: length = 10
2025-06-30 12:52:35.982 - INFO: sortBy = TOTAL_COUNT
2025-06-30 12:52:35.982 - INFO: sortDir = asc
2025-06-30 12:52:35.982 - INFO: searchValue = 
2025-06-30 12:52:35.982 - INFO: vbln_usulan = 202505
2025-06-30 12:52:35.982 - INFO: vkd_bank = 200
2025-06-30 12:52:35.982 - INFO: vkd_dist = 11
2025-06-30 12:52:50.779 - INFO: draw = 1
2025-06-30 12:52:50.779 - INFO: start = 1
2025-06-30 12:52:50.779 - INFO: length = 10
2025-06-30 12:52:50.779 - INFO: sortBy = TOTAL_COUNT
2025-06-30 12:52:50.779 - INFO: sortDir = asc
2025-06-30 12:52:50.779 - INFO: searchValue = 
2025-06-30 12:52:50.779 - INFO: vbln_usulan = 202505
2025-06-30 12:52:50.779 - INFO: vkd_bank = 200
2025-06-30 12:52:50.779 - INFO: vkd_dist = 11
2025-06-30 12:52:59.732 - INFO: draw = 2
2025-06-30 12:52:59.733 - INFO: start = 101
2025-06-30 12:52:59.734 - INFO: length = 10
2025-06-30 12:52:59.735 - INFO: sortBy = TOTAL_COUNT
2025-06-30 12:52:59.735 - INFO: sortDir = asc
2025-06-30 12:52:59.736 - INFO: searchValue = 
2025-06-30 12:52:59.737 - INFO: vbln_usulan = 202505
2025-06-30 12:52:59.737 - INFO: vkd_bank = 200
2025-06-30 12:52:59.738 - INFO: vkd_dist = 11
2025-06-30 13:06:44.034 - INFO: vbln_usulan: 202505
2025-06-30 13:07:20.342 - INFO: Jumlah data dikembalikan: 24
2025-06-30 13:08:17.382 - INFO: draw = 1
2025-06-30 13:08:17.383 - INFO: start = 1
2025-06-30 13:08:17.384 - INFO: length = 10
2025-06-30 13:08:17.386 - INFO: sortBy = TOTAL_COUNT
2025-06-30 13:08:17.387 - INFO: sortDir = asc
2025-06-30 13:08:17.388 - INFO: searchValue = 
2025-06-30 13:08:17.388 - INFO: vbln_usulan = 202505
2025-06-30 13:08:17.389 - INFO: vkd_bank = 200
2025-06-30 13:08:17.389 - INFO: vkd_dist = 11
2025-06-30 13:08:28.956 - INFO: draw = 2
2025-06-30 13:08:28.956 - INFO: start = 11
2025-06-30 13:08:28.956 - INFO: length = 10
2025-06-30 13:08:28.957 - INFO: sortBy = TOTAL_COUNT
2025-06-30 13:08:28.957 - INFO: sortDir = asc
2025-06-30 13:08:28.957 - INFO: searchValue = 
2025-06-30 13:08:28.957 - INFO: vbln_usulan = 202505
2025-06-30 13:08:28.958 - INFO: vkd_bank = 200
2025-06-30 13:08:28.958 - INFO: vkd_dist = 11
2025-06-30 13:08:42.590 - INFO: draw = 3
2025-06-30 13:08:42.591 - INFO: start = 21
2025-06-30 13:08:42.591 - INFO: length = 10
2025-06-30 13:08:42.592 - INFO: sortBy = TOTAL_COUNT
2025-06-30 13:08:42.592 - INFO: sortDir = asc
2025-06-30 13:08:42.593 - INFO: searchValue = 
2025-06-30 13:08:42.593 - INFO: vbln_usulan = 202505
2025-06-30 13:08:42.593 - INFO: vkd_bank = 200
2025-06-30 13:08:42.594 - INFO: vkd_dist = 11
2025-06-30 13:09:21.604 - INFO: draw = 4
2025-06-30 13:09:21.605 - INFO: start = 1
2025-06-30 13:09:21.606 - INFO: length = 10
2025-06-30 13:09:21.606 - INFO: sortBy = TOTAL_COUNT
2025-06-30 13:09:21.607 - INFO: sortDir = asc
2025-06-30 13:09:21.607 - INFO: searchValue = 
2025-06-30 13:09:21.607 - INFO: vbln_usulan = 202505
2025-06-30 13:09:21.607 - INFO: vkd_bank = 200
2025-06-30 13:09:21.608 - INFO: vkd_dist = 11
2025-06-30 13:12:02.481 - INFO: vbln_usulan: 202505
2025-06-30 13:12:07.943 - INFO: Jumlah data dikembalikan: 24
2025-06-30 13:12:35.966 - INFO: draw = 1
2025-06-30 13:12:35.966 - INFO: start = 1
2025-06-30 13:12:35.966 - INFO: length = 10
2025-06-30 13:12:35.968 - INFO: sortBy = TGLAPPROVE
2025-06-30 13:12:35.968 - INFO: sortDir = asc
2025-06-30 13:12:35.969 - INFO: searchValue = 
2025-06-30 13:12:35.969 - INFO: vbln_usulan = 202505
2025-06-30 13:12:35.970 - INFO: vkd_bank = 200
2025-06-30 13:12:35.970 - INFO: vkd_dist = 11
2025-06-30 13:12:43.618 - INFO: draw = 2
2025-06-30 13:12:43.619 - INFO: start = 11
2025-06-30 13:12:43.619 - INFO: length = 10
2025-06-30 13:12:43.622 - INFO: sortBy = TGLAPPROVE
2025-06-30 13:12:43.622 - INFO: sortDir = asc
2025-06-30 13:12:43.622 - INFO: searchValue = 
2025-06-30 13:12:43.622 - INFO: vbln_usulan = 202505
2025-06-30 13:12:43.622 - INFO: vkd_bank = 200
2025-06-30 13:12:43.622 - INFO: vkd_dist = 11
2025-06-30 13:12:59.752 - INFO: draw = 3
2025-06-30 13:12:59.752 - INFO: start = 1
2025-06-30 13:12:59.752 - INFO: length = 10
2025-06-30 13:12:59.752 - INFO: sortBy = TGLAPPROVE
2025-06-30 13:12:59.752 - INFO: sortDir = asc
2025-06-30 13:12:59.752 - INFO: searchValue = 
2025-06-30 13:12:59.752 - INFO: vbln_usulan = 202505
2025-06-30 13:12:59.752 - INFO: vkd_bank = 200
2025-06-30 13:12:59.752 - INFO: vkd_dist = 11
2025-06-30 13:13:17.105 - INFO: draw = 4
2025-06-30 13:13:17.106 - INFO: start = 751
2025-06-30 13:13:17.106 - INFO: length = 10
2025-06-30 13:13:17.106 - INFO: sortBy = TGLAPPROVE
2025-06-30 13:13:17.106 - INFO: sortDir = asc
2025-06-30 13:13:17.106 - INFO: searchValue = 
2025-06-30 13:13:17.106 - INFO: vbln_usulan = 202505
2025-06-30 13:13:17.106 - INFO: vkd_bank = 200
2025-06-30 13:13:17.106 - INFO: vkd_dist = 11
2025-06-30 13:13:38.610 - INFO: draw = 5
2025-06-30 13:13:38.612 - INFO: start = 1
2025-06-30 13:13:38.612 - INFO: length = 10
2025-06-30 13:13:38.612 - INFO: sortBy = TGLAPPROVE
2025-06-30 13:13:38.615 - INFO: sortDir = asc
2025-06-30 13:13:38.618 - INFO: searchValue = 
2025-06-30 13:13:38.618 - INFO: vbln_usulan = 202505
2025-06-30 13:13:38.618 - INFO: vkd_bank = 200
2025-06-30 13:13:38.619 - INFO: vkd_dist = 11
2025-06-30 13:13:43.699 - INFO: draw = 1
2025-06-30 13:13:43.705 - INFO: start = 1
2025-06-30 13:13:43.708 - INFO: length = 10
2025-06-30 13:13:43.708 - INFO: sortBy = TGLAPPROVE
2025-06-30 13:13:43.708 - INFO: sortDir = asc
2025-06-30 13:13:43.708 - INFO: searchValue = 
2025-06-30 13:13:43.710 - INFO: vbln_usulan = 202505
2025-06-30 13:13:43.710 - INFO: vkd_bank = 200
2025-06-30 13:13:43.710 - INFO: vkd_dist = 11
2025-06-30 13:13:56.103 - INFO: draw = 2
2025-06-30 13:13:56.104 - INFO: start = 11
2025-06-30 13:13:56.104 - INFO: length = 10
2025-06-30 13:13:56.104 - INFO: sortBy = TGLAPPROVE
2025-06-30 13:13:56.104 - INFO: sortDir = asc
2025-06-30 13:13:56.104 - INFO: searchValue = 
2025-06-30 13:13:56.104 - INFO: vbln_usulan = 202505
2025-06-30 13:13:56.104 - INFO: vkd_bank = 200
2025-06-30 13:13:56.104 - INFO: vkd_dist = 11
2025-06-30 13:14:13.247 - INFO: draw = 3
2025-06-30 13:14:13.248 - INFO: start = 751
2025-06-30 13:14:13.248 - INFO: length = 10
2025-06-30 13:14:13.248 - INFO: sortBy = TGLAPPROVE
2025-06-30 13:14:13.248 - INFO: sortDir = asc
2025-06-30 13:14:13.248 - INFO: searchValue = 
2025-06-30 13:14:13.248 - INFO: vbln_usulan = 202505
2025-06-30 13:14:13.248 - INFO: vkd_bank = 200
2025-06-30 13:14:13.248 - INFO: vkd_dist = 11
2025-06-30 13:14:19.984 - INFO: draw = 4
2025-06-30 13:14:19.984 - INFO: start = 1
2025-06-30 13:14:19.984 - INFO: length = 10
2025-06-30 13:14:19.984 - INFO: sortBy = TGLAPPROVE
2025-06-30 13:14:19.984 - INFO: sortDir = asc
2025-06-30 13:14:19.984 - INFO: searchValue = 
2025-06-30 13:14:19.984 - INFO: vbln_usulan = 202505
2025-06-30 13:14:19.984 - INFO: vkd_bank = 200
2025-06-30 13:14:19.984 - INFO: vkd_dist = 11
2025-06-30 13:14:30.567 - INFO: draw = 5
2025-06-30 13:14:30.568 - INFO: start = 11
2025-06-30 13:14:30.569 - INFO: length = 10
2025-06-30 13:14:30.569 - INFO: sortBy = TGLAPPROVE
2025-06-30 13:14:30.569 - INFO: sortDir = asc
2025-06-30 13:14:30.569 - INFO: searchValue = 
2025-06-30 13:14:30.572 - INFO: vbln_usulan = 202505
2025-06-30 13:14:30.572 - INFO: vkd_bank = 200
2025-06-30 13:14:30.572 - INFO: vkd_dist = 11
2025-06-30 13:14:46.520 - INFO: draw = 1
2025-06-30 13:14:46.521 - INFO: start = 1
2025-06-30 13:14:46.521 - INFO: length = 10
2025-06-30 13:14:46.521 - INFO: sortBy = TGLAPPROVE
2025-06-30 13:14:46.521 - INFO: sortDir = asc
2025-06-30 13:14:46.522 - INFO: searchValue = 
2025-06-30 13:14:46.522 - INFO: vbln_usulan = 202505
2025-06-30 13:14:46.522 - INFO: vkd_bank = 200
2025-06-30 13:14:46.522 - INFO: vkd_dist = 11
2025-06-30 13:14:57.370 - INFO: draw = 2
2025-06-30 13:14:57.371 - INFO: start = 11
2025-06-30 13:14:57.372 - INFO: length = 10
2025-06-30 13:14:57.372 - INFO: sortBy = TGLAPPROVE
2025-06-30 13:14:57.373 - INFO: sortDir = asc
2025-06-30 13:14:57.373 - INFO: searchValue = 
2025-06-30 13:14:57.373 - INFO: vbln_usulan = 202505
2025-06-30 13:14:57.374 - INFO: vkd_bank = 200
2025-06-30 13:14:57.375 - INFO: vkd_dist = 11
2025-06-30 14:31:09.958 - INFO: draw = 1
2025-06-30 14:31:09.963 - INFO: start = 1
2025-06-30 14:31:09.963 - INFO: length = 10
2025-06-30 14:31:09.964 - INFO: sortBy = TGLAPPROVE
2025-06-30 14:31:09.964 - INFO: sortDir = asc
2025-06-30 14:31:09.964 - INFO: searchValue = 
2025-06-30 14:31:09.964 - INFO: vbln_usulan = 202505
2025-06-30 14:31:09.965 - INFO: vkd_bank = 200
2025-06-30 14:31:09.965 - INFO: vkd_dist = 11
2025-06-30 14:39:02.563 - INFO: vbln_usulan: 202505
2025-06-30 14:39:39.703 - INFO: Jumlah data dikembalikan: 24
2025-06-30 15:43:40.828 - INFO: draw = 1
2025-06-30 15:43:40.833 - INFO: start = 0
2025-06-30 15:43:40.833 - INFO: length = 10
2025-06-30 15:43:40.833 - INFO: sortBy = TGLAPPROVE
2025-06-30 15:43:40.833 - INFO: sortDir = asc
2025-06-30 15:43:40.833 - INFO: searchValue = 
2025-06-30 15:43:40.833 - INFO: vbln_usulan = 202505
2025-06-30 15:43:40.836 - INFO: vkd_bank = 200
2025-06-30 15:43:40.836 - INFO: vkd_dist = 11
2025-06-30 15:44:57.353 - INFO: draw = 1
2025-06-30 15:44:57.354 - INFO: start = 0
2025-06-30 15:44:57.354 - INFO: length = 10
2025-06-30 15:44:57.354 - INFO: sortBy = TGLAPPROVE
2025-06-30 15:44:57.355 - INFO: sortDir = asc
2025-06-30 15:44:57.356 - INFO: searchValue = 
2025-06-30 15:44:57.357 - INFO: vbln_usulan = 202505
2025-06-30 15:44:57.357 - INFO: vkd_bank = 200
2025-06-30 15:44:57.357 - INFO: vkd_dist = 11
2025-06-30 15:48:04.318 - INFO: vbln_usulan: 202505
2025-06-30 15:48:41.313 - INFO: Jumlah data dikembalikan: 24
2025-06-30 15:49:25.140 - INFO: draw = 1
2025-06-30 15:49:25.140 - INFO: start = 0
2025-06-30 15:49:25.140 - INFO: length = 10
2025-06-30 15:49:25.141 - INFO: sortBy = KD_DIST
2025-06-30 15:49:25.141 - INFO: sortDir = asc
2025-06-30 15:49:25.141 - INFO: searchValue = 
2025-06-30 15:49:25.144 - INFO: vbln_usulan = 202505
2025-06-30 15:49:25.145 - INFO: vkd_bank = 200
2025-06-30 15:49:25.145 - INFO: vkd_dist = 11
2025-06-30 15:56:09.103 - INFO: vbln_usulan: 202505
2025-06-30 15:56:45.252 - INFO: Jumlah data dikembalikan: 24
2025-06-30 15:56:53.216 - INFO: draw = 1
2025-06-30 15:56:53.218 - INFO: start = 0
2025-06-30 15:56:53.225 - INFO: length = 10
2025-06-30 15:56:53.227 - INFO: sortBy = KD_DIST
2025-06-30 15:56:53.228 - INFO: sortDir = asc
2025-06-30 15:56:53.229 - INFO: searchValue = 
2025-06-30 15:56:53.230 - INFO: vbln_usulan = 202505
2025-06-30 15:56:53.231 - INFO: vkd_bank = 200
2025-06-30 15:56:53.231 - INFO: vkd_dist = 11
2025-06-30 15:59:05.420 - INFO: draw = 1
2025-06-30 15:59:05.429 - INFO: start = 0
2025-06-30 15:59:05.430 - INFO: length = 10
2025-06-30 15:59:05.430 - INFO: sortBy = KD_DIST
2025-06-30 15:59:05.431 - INFO: sortDir = asc
2025-06-30 15:59:05.431 - INFO: searchValue = 
2025-06-30 15:59:05.432 - INFO: vbln_usulan = 202505
2025-06-30 15:59:05.432 - INFO: vkd_bank = 200
2025-06-30 15:59:05.433 - INFO: vkd_dist = 11
2025-06-30 15:59:34.993 - INFO: draw = 1
2025-06-30 15:59:34.993 - INFO: start = 0
2025-06-30 15:59:34.993 - INFO: length = 10
2025-06-30 15:59:34.993 - INFO: sortBy = KD_DIST
2025-06-30 15:59:34.993 - INFO: sortDir = asc
2025-06-30 15:59:34.993 - INFO: searchValue = 
2025-06-30 15:59:34.993 - INFO: vbln_usulan = 202505
2025-06-30 15:59:34.993 - INFO: vkd_bank = 200
2025-06-30 15:59:34.993 - INFO: vkd_dist = 11
2025-06-30 15:59:47.645 - INFO: draw = 2
2025-06-30 15:59:47.645 - INFO: start = 750
2025-06-30 15:59:47.645 - INFO: length = 10
2025-06-30 15:59:47.645 - INFO: sortBy = KD_DIST
2025-06-30 15:59:47.645 - INFO: sortDir = asc
2025-06-30 15:59:47.645 - INFO: searchValue = 
2025-06-30 15:59:47.645 - INFO: vbln_usulan = 202505
2025-06-30 15:59:47.645 - INFO: vkd_bank = 200
2025-06-30 15:59:47.645 - INFO: vkd_dist = 11
2025-06-30 15:59:49.004 - INFO: draw = 3
2025-06-30 15:59:49.004 - INFO: start = 10
2025-06-30 15:59:49.004 - INFO: length = 10
2025-06-30 15:59:49.004 - INFO: sortBy = KD_DIST
2025-06-30 15:59:49.004 - INFO: sortDir = asc
2025-06-30 15:59:49.004 - INFO: searchValue = 
2025-06-30 15:59:49.004 - INFO: vbln_usulan = 202505
2025-06-30 15:59:49.004 - INFO: vkd_bank = 200
2025-06-30 15:59:49.004 - INFO: vkd_dist = 11
2025-06-30 15:59:54.767 - INFO: draw = 1
2025-06-30 15:59:54.767 - INFO: start = 0
2025-06-30 15:59:54.767 - INFO: length = 10
2025-06-30 15:59:54.767 - INFO: sortBy = KD_DIST
2025-06-30 15:59:54.767 - INFO: sortDir = asc
2025-06-30 15:59:54.767 - INFO: searchValue = 
2025-06-30 15:59:54.767 - INFO: vbln_usulan = 202505
2025-06-30 15:59:54.767 - INFO: vkd_bank = 200
2025-06-30 15:59:54.767 - INFO: vkd_dist = 12
2025-06-30 16:00:08.133 - INFO: draw = 1
2025-06-30 16:00:08.133 - INFO: start = 0
2025-06-30 16:00:08.133 - INFO: length = 10
2025-06-30 16:00:08.133 - INFO: sortBy = KD_DIST
2025-06-30 16:00:08.133 - INFO: sortDir = asc
2025-06-30 16:00:08.148 - INFO: searchValue = 
2025-06-30 16:00:08.148 - INFO: vbln_usulan = 202505
2025-06-30 16:00:08.148 - INFO: vkd_bank = 200
2025-06-30 16:00:08.148 - INFO: vkd_dist = 16
2025-06-30 16:00:21.900 - INFO: draw = 1
2025-06-30 16:00:21.900 - INFO: start = 0
2025-06-30 16:00:21.900 - INFO: length = 10
2025-06-30 16:00:21.900 - INFO: sortBy = KD_DIST
2025-06-30 16:00:21.900 - INFO: sortDir = asc
2025-06-30 16:00:21.900 - INFO: searchValue = 
2025-06-30 16:00:21.900 - INFO: vbln_usulan = 202505
2025-06-30 16:00:21.900 - INFO: vkd_bank = 200
2025-06-30 16:00:21.900 - INFO: vkd_dist = 16
2025-06-30 16:00:45.501 - INFO: draw = 2
2025-06-30 16:00:45.502 - INFO: start = 220
2025-06-30 16:00:45.502 - INFO: length = 10
2025-06-30 16:00:45.503 - INFO: sortBy = KD_DIST
2025-06-30 16:00:45.504 - INFO: sortDir = asc
2025-06-30 16:00:45.504 - INFO: searchValue = 
2025-06-30 16:00:45.504 - INFO: vbln_usulan = 202505
2025-06-30 16:00:45.504 - INFO: vkd_bank = 200
2025-06-30 16:00:45.505 - INFO: vkd_dist = 16
2025-06-30 16:00:46.462 - INFO: draw = 3
2025-06-30 16:00:46.462 - INFO: start = 10
2025-06-30 16:00:46.462 - INFO: length = 10
2025-06-30 16:00:46.462 - INFO: sortBy = KD_DIST
2025-06-30 16:00:46.462 - INFO: sortDir = asc
2025-06-30 16:00:46.478 - INFO: searchValue = 
2025-06-30 16:00:46.478 - INFO: vbln_usulan = 202505
2025-06-30 16:00:46.479 - INFO: vkd_bank = 200
2025-06-30 16:00:46.480 - INFO: vkd_dist = 16
2025-06-30 16:01:18.227 - INFO: draw = 1
2025-06-30 16:01:18.227 - INFO: start = 0
2025-06-30 16:01:18.229 - INFO: length = 10
2025-06-30 16:01:18.229 - INFO: sortBy = KD_DIST
2025-06-30 16:01:18.229 - INFO: sortDir = asc
2025-06-30 16:01:18.229 - INFO: searchValue = 
2025-06-30 16:01:18.229 - INFO: vbln_usulan = 202505
2025-06-30 16:01:18.229 - INFO: vkd_bank = 200
2025-06-30 16:01:18.229 - INFO: vkd_dist = 16
2025-06-30 16:01:25.311 - INFO: draw = 2
2025-06-30 16:01:25.311 - INFO: start = 10
2025-06-30 16:01:25.312 - INFO: length = 10
2025-06-30 16:01:25.312 - INFO: sortBy = KD_DIST
2025-06-30 16:01:25.312 - INFO: sortDir = asc
2025-06-30 16:01:25.312 - INFO: searchValue = 
2025-06-30 16:01:25.312 - INFO: vbln_usulan = 202505
2025-06-30 16:01:25.312 - INFO: vkd_bank = 200
2025-06-30 16:01:25.312 - INFO: vkd_dist = 16
2025-06-30 16:04:19.647 - INFO: vbln_usulan: 202505
2025-06-30 16:04:25.335 - INFO: Jumlah data dikembalikan: 24
2025-06-30 16:04:33.098 - INFO: draw = 1
2025-06-30 16:04:33.099 - INFO: start = 0
2025-06-30 16:04:33.099 - INFO: length = 10
2025-06-30 16:04:33.100 - INFO: sortBy = KD_DIST
2025-06-30 16:04:33.101 - INFO: sortDir = asc
2025-06-30 16:04:33.101 - INFO: searchValue = 
2025-06-30 16:04:33.102 - INFO: vbln_usulan = 202505
2025-06-30 16:04:33.103 - INFO: vkd_bank = 200
2025-06-30 16:04:33.103 - INFO: vkd_dist = 11
2025-06-30 16:04:54.831 - INFO: draw = 2
2025-06-30 16:04:54.832 - INFO: start = 10
2025-06-30 16:04:54.833 - INFO: length = 10
2025-06-30 16:04:54.834 - INFO: sortBy = KD_DIST
2025-06-30 16:04:54.835 - INFO: sortDir = asc
2025-06-30 16:04:54.836 - INFO: searchValue = 
2025-06-30 16:04:54.836 - INFO: vbln_usulan = 202505
2025-06-30 16:04:54.837 - INFO: vkd_bank = 200
2025-06-30 16:04:54.837 - INFO: vkd_dist = 11
2025-06-30 16:05:06.295 - INFO: draw = 3
2025-06-30 16:05:06.296 - INFO: start = 30
2025-06-30 16:05:06.296 - INFO: length = 10
2025-06-30 16:05:06.296 - INFO: sortBy = KD_DIST
2025-06-30 16:05:06.296 - INFO: sortDir = asc
2025-06-30 16:05:06.296 - INFO: searchValue = 
2025-06-30 16:05:06.298 - INFO: vbln_usulan = 202505
2025-06-30 16:05:06.298 - INFO: vkd_bank = 200
2025-06-30 16:05:06.298 - INFO: vkd_dist = 11
2025-06-30 16:05:19.815 - INFO: draw = 4
2025-06-30 16:05:19.815 - INFO: start = 750
2025-06-30 16:05:19.815 - INFO: length = 10
2025-06-30 16:05:19.816 - INFO: sortBy = KD_DIST
2025-06-30 16:05:19.816 - INFO: sortDir = asc
2025-06-30 16:05:19.816 - INFO: searchValue = 
2025-06-30 16:05:19.816 - INFO: vbln_usulan = 202505
2025-06-30 16:05:19.816 - INFO: vkd_bank = 200
2025-06-30 16:05:19.816 - INFO: vkd_dist = 11
2025-06-30 16:05:31.103 - INFO: draw = 5
2025-06-30 16:05:31.104 - INFO: start = 710
2025-06-30 16:05:31.104 - INFO: length = 10
2025-06-30 16:05:31.104 - INFO: sortBy = KD_DIST
2025-06-30 16:05:31.104 - INFO: sortDir = asc
2025-06-30 16:05:31.104 - INFO: searchValue = 
2025-06-30 16:05:31.104 - INFO: vbln_usulan = 202505
2025-06-30 16:05:31.104 - INFO: vkd_bank = 200
2025-06-30 16:05:31.104 - INFO: vkd_dist = 11
2025-06-30 16:05:38.506 - INFO: draw = 6
2025-06-30 16:05:38.506 - INFO: start = 0
2025-06-30 16:05:38.506 - INFO: length = 10
2025-06-30 16:05:38.506 - INFO: sortBy = KD_DIST
2025-06-30 16:05:38.506 - INFO: sortDir = asc
2025-06-30 16:05:38.506 - INFO: searchValue = 
2025-06-30 16:05:38.506 - INFO: vbln_usulan = 202505
2025-06-30 16:05:38.506 - INFO: vkd_bank = 200
2025-06-30 16:05:38.506 - INFO: vkd_dist = 11
2025-06-30 16:05:47.533 - INFO: draw = 7
2025-06-30 16:05:47.533 - INFO: start = 20
2025-06-30 16:05:47.533 - INFO: length = 10
2025-06-30 16:05:47.533 - INFO: sortBy = KD_DIST
2025-06-30 16:05:47.533 - INFO: sortDir = asc
2025-06-30 16:05:47.534 - INFO: searchValue = 
2025-06-30 16:05:47.534 - INFO: vbln_usulan = 202505
2025-06-30 16:05:47.534 - INFO: vkd_bank = 200
2025-06-30 16:05:47.534 - INFO: vkd_dist = 11
2025-06-30 16:06:04.850 - INFO: draw = 8
2025-06-30 16:06:04.850 - INFO: start = 40
2025-06-30 16:06:04.850 - INFO: length = 10
2025-06-30 16:06:04.850 - INFO: sortBy = KD_DIST
2025-06-30 16:06:04.850 - INFO: sortDir = asc
2025-06-30 16:06:04.850 - INFO: searchValue = 
2025-06-30 16:06:04.850 - INFO: vbln_usulan = 202505
2025-06-30 16:06:04.850 - INFO: vkd_bank = 200
2025-06-30 16:06:04.850 - INFO: vkd_dist = 11
2025-06-30 16:07:32.781 - INFO: vbln_usulan: 202505
2025-06-30 16:07:33.202 - INFO: vbln_usulan: 202505
2025-06-30 16:07:39.208 - INFO: Jumlah data dikembalikan: 24
2025-06-30 16:07:39.636 - INFO: Jumlah data dikembalikan: 24
2025-06-30 16:07:44.684 - INFO: vbln_usulan: 202505
2025-06-30 16:07:45.377 - INFO: vbln_usulan: 202505
2025-06-30 16:07:50.578 - INFO: Jumlah data dikembalikan: 24
2025-06-30 16:07:51.813 - INFO: Jumlah data dikembalikan: 24
2025-06-30 16:20:31.913 - INFO: draw = 1
2025-06-30 16:20:31.913 - INFO: start = 0
2025-06-30 16:20:31.913 - INFO: length = 10
2025-06-30 16:20:31.913 - INFO: sortBy = KD_DIST
2025-06-30 16:20:31.913 - INFO: sortDir = asc
2025-06-30 16:20:31.913 - INFO: searchValue = 
2025-06-30 16:20:31.913 - INFO: vbln_usulan = 202505
2025-06-30 16:20:31.913 - INFO: vkd_bank = 200
2025-06-30 16:20:31.913 - INFO: vkd_dist = 11
