2025-07-03 07:32:05.263 - INFO: vbln_usulan: 202507
2025-07-03 07:32:52.011 - INFO: Jumlah data dikembalikan: 3
2025-07-03 07:36:44.713 - INFO: draw = 1
2025-07-03 07:36:44.714 - INFO: offset (startIndex) = 0
2025-07-03 07:36:44.715 - INFO: limit (length) = 10
2025-07-03 07:36:44.715 - INFO: sortBy = KD_DIST ASC
2025-07-03 07:36:44.716 - INFO: searchValue = 
2025-07-03 07:36:44.716 - INFO: vbln_usulan = 202507
2025-07-03 07:36:44.717 - INFO: vkd_bank = 200
2025-07-03 07:36:44.718 - INFO: vkd_dist = 22
2025-07-03 07:37:06.076 - INFO: draw = 2
2025-07-03 07:37:06.077 - INFO: offset (startIndex) = 200
2025-07-03 07:37:06.078 - INFO: limit (length) = 10
2025-07-03 07:37:06.078 - INFO: sortBy = KD_DIST ASC
2025-07-03 07:37:06.078 - INFO: searchValue = 
2025-07-03 07:37:06.078 - INFO: vbln_usulan = 202507
2025-07-03 07:37:06.078 - INFO: vkd_bank = 200
2025-07-03 07:37:06.078 - INFO: vkd_dist = 22
2025-07-03 07:37:11.690 - INFO: draw = 3
2025-07-03 07:37:11.690 - INFO: offset (startIndex) = 190
2025-07-03 07:37:11.690 - INFO: limit (length) = 10
2025-07-03 07:37:11.690 - INFO: sortBy = KD_DIST ASC
2025-07-03 07:37:11.693 - INFO: searchValue = 
2025-07-03 07:37:11.693 - INFO: vbln_usulan = 202507
2025-07-03 07:37:11.694 - INFO: vkd_bank = 200
2025-07-03 07:37:11.694 - INFO: vkd_dist = 22
2025-07-03 07:37:16.953 - INFO: draw = 4
2025-07-03 07:37:16.953 - INFO: offset (startIndex) = 0
2025-07-03 07:37:16.954 - INFO: limit (length) = 1000
2025-07-03 07:37:16.954 - INFO: sortBy = KD_DIST ASC
2025-07-03 07:37:16.954 - INFO: searchValue = 
2025-07-03 07:37:16.955 - INFO: vbln_usulan = 202507
2025-07-03 07:37:16.955 - INFO: vkd_bank = 200
2025-07-03 07:37:16.955 - INFO: vkd_dist = 22
2025-07-03 07:42:44.429 - INFO: vbln_usulan: 202507
2025-07-03 07:42:48.473 - INFO: Jumlah data dikembalikan: 3
2025-07-03 07:42:51.850 - INFO: draw = 1
2025-07-03 07:42:51.854 - INFO: offset (startIndex) = 0
2025-07-03 07:42:51.854 - INFO: limit (length) = 10
2025-07-03 07:42:51.854 - INFO: sortBy = KD_DIST ASC
2025-07-03 07:42:51.854 - INFO: searchValue = 
2025-07-03 07:42:51.854 - INFO: vbln_usulan = 202507
2025-07-03 07:42:51.854 - INFO: vkd_bank = 200
2025-07-03 07:42:51.854 - INFO: vkd_dist = 22
2025-07-03 07:42:59.149 - INFO: draw = 2
2025-07-03 07:42:59.151 - INFO: offset (startIndex) = 0
2025-07-03 07:42:59.151 - INFO: limit (length) = 1000
2025-07-03 07:42:59.151 - INFO: sortBy = KD_DIST ASC
2025-07-03 07:42:59.151 - INFO: searchValue = 
2025-07-03 07:42:59.151 - INFO: vbln_usulan = 202507
2025-07-03 07:42:59.154 - INFO: vkd_bank = 200
2025-07-03 07:42:59.154 - INFO: vkd_dist = 22
2025-07-03 07:47:14.759 - INFO: vbln_usulan: 202507
2025-07-03 07:47:18.327 - INFO: Jumlah data dikembalikan: 3
2025-07-03 07:47:23.946 - INFO: draw = 1
2025-07-03 07:47:23.946 - INFO: offset (startIndex) = 0
2025-07-03 07:47:23.947 - INFO: limit (length) = 10
2025-07-03 07:47:23.948 - INFO: sortBy = KD_DIST ASC
2025-07-03 07:47:23.948 - INFO: searchValue = 
2025-07-03 07:47:23.949 - INFO: vbln_usulan = 202507
2025-07-03 07:47:23.949 - INFO: vkd_bank = 200
2025-07-03 07:47:23.950 - INFO: vkd_dist = 22
2025-07-03 07:47:34.669 - INFO: draw = 2
2025-07-03 07:47:34.669 - INFO: offset (startIndex) = 0
2025-07-03 07:47:34.669 - INFO: limit (length) = 1000
2025-07-03 07:47:34.670 - INFO: sortBy = KD_DIST ASC
2025-07-03 07:47:34.670 - INFO: searchValue = 
2025-07-03 07:47:34.670 - INFO: vbln_usulan = 202507
2025-07-03 07:47:34.670 - INFO: vkd_bank = 200
2025-07-03 07:47:34.671 - INFO: vkd_dist = 22
2025-07-03 07:47:55.705 - INFO: draw = 1
2025-07-03 07:47:55.705 - INFO: offset (startIndex) = 0
2025-07-03 07:47:55.706 - INFO: limit (length) = 10
2025-07-03 07:47:55.706 - INFO: sortBy = KD_DIST ASC
2025-07-03 07:47:55.707 - INFO: searchValue = 
2025-07-03 07:47:55.707 - INFO: vbln_usulan = 202507
2025-07-03 07:47:55.707 - INFO: vkd_bank = 200
2025-07-03 07:47:55.707 - INFO: vkd_dist = 22
2025-07-03 07:48:01.766 - INFO: draw = 2
2025-07-03 07:48:01.766 - INFO: offset (startIndex) = 0
2025-07-03 07:48:01.766 - INFO: limit (length) = 1000
2025-07-03 07:48:01.767 - INFO: sortBy = KD_DIST ASC
2025-07-03 07:48:01.767 - INFO: searchValue = 
2025-07-03 07:48:01.768 - INFO: vbln_usulan = 202507
2025-07-03 07:48:01.768 - INFO: vkd_bank = 200
2025-07-03 07:48:01.768 - INFO: vkd_dist = 22
2025-07-03 07:51:06.535 - INFO: vbln_usulan: 202507
2025-07-03 07:51:10.057 - INFO: Jumlah data dikembalikan: 3
2025-07-03 07:51:12.469 - INFO: draw = 1
2025-07-03 07:51:12.469 - INFO: offset (startIndex) = 0
2025-07-03 07:51:12.470 - INFO: limit (length) = 10
2025-07-03 07:51:12.470 - INFO: sortBy = KD_DIST ASC
2025-07-03 07:51:12.471 - INFO: searchValue = 
2025-07-03 07:51:12.472 - INFO: vbln_usulan = 202507
2025-07-03 07:51:12.472 - INFO: vkd_bank = 200
2025-07-03 07:51:12.472 - INFO: vkd_dist = 22
2025-07-03 07:51:20.403 - INFO: vbln_usulan: 202507
2025-07-03 07:51:23.832 - INFO: Jumlah data dikembalikan: 3
2025-07-03 07:51:33.014 - INFO: draw = 1
2025-07-03 07:51:33.015 - INFO: offset (startIndex) = 0
2025-07-03 07:51:33.015 - INFO: limit (length) = 10
2025-07-03 07:51:33.016 - INFO: sortBy = KD_DIST ASC
2025-07-03 07:51:33.016 - INFO: searchValue = 
2025-07-03 07:51:33.016 - INFO: vbln_usulan = 202507
2025-07-03 07:51:33.016 - INFO: vkd_bank = 200
2025-07-03 07:51:33.016 - INFO: vkd_dist = 22
2025-07-03 07:51:38.630 - INFO: draw = 2
2025-07-03 07:51:38.632 - INFO: offset (startIndex) = 0
2025-07-03 07:51:38.632 - INFO: limit (length) = 1000
2025-07-03 07:51:38.632 - INFO: sortBy = KD_DIST ASC
2025-07-03 07:51:38.632 - INFO: searchValue = 
2025-07-03 07:51:38.632 - INFO: vbln_usulan = 202507
2025-07-03 07:51:38.632 - INFO: vkd_bank = 200
2025-07-03 07:51:38.632 - INFO: vkd_dist = 22
2025-07-03 07:52:38.503 - INFO: vbln_usulan: 202507
2025-07-03 07:52:42.154 - INFO: Jumlah data dikembalikan: 3
2025-07-03 07:52:45.167 - INFO: draw = 1
2025-07-03 07:52:45.167 - INFO: offset (startIndex) = 0
2025-07-03 07:52:45.168 - INFO: limit (length) = 10
2025-07-03 07:52:45.168 - INFO: sortBy = KD_DIST ASC
2025-07-03 07:52:45.169 - INFO: searchValue = 
2025-07-03 07:52:45.169 - INFO: vbln_usulan = 202507
2025-07-03 07:52:45.170 - INFO: vkd_bank = 200
2025-07-03 07:52:45.170 - INFO: vkd_dist = 22
2025-07-03 07:52:49.699 - INFO: draw = 2
2025-07-03 07:52:49.702 - INFO: offset (startIndex) = 0
2025-07-03 07:52:49.703 - INFO: limit (length) = 1000
2025-07-03 07:52:49.703 - INFO: sortBy = KD_DIST ASC
2025-07-03 07:52:49.703 - INFO: searchValue = 
2025-07-03 07:52:49.703 - INFO: vbln_usulan = 202507
2025-07-03 07:52:49.704 - INFO: vkd_bank = 200
2025-07-03 07:52:49.704 - INFO: vkd_dist = 22
2025-07-03 07:53:29.901 - INFO: vbln_usulan: 202507
2025-07-03 07:53:33.481 - INFO: Jumlah data dikembalikan: 3
2025-07-03 07:53:36.045 - INFO: draw = 1
2025-07-03 07:53:36.046 - INFO: offset (startIndex) = 0
2025-07-03 07:53:36.046 - INFO: limit (length) = 10
2025-07-03 07:53:36.046 - INFO: sortBy = KD_DIST ASC
2025-07-03 07:53:36.046 - INFO: searchValue = 
2025-07-03 07:53:36.046 - INFO: vbln_usulan = 202507
2025-07-03 07:53:36.046 - INFO: vkd_bank = 200
2025-07-03 07:53:36.046 - INFO: vkd_dist = 22
2025-07-03 07:53:45.511 - INFO: draw = 2
2025-07-03 07:53:45.512 - INFO: offset (startIndex) = 0
2025-07-03 07:53:45.512 - INFO: limit (length) = 1000
2025-07-03 07:53:45.513 - INFO: sortBy = KD_DIST ASC
2025-07-03 07:53:45.513 - INFO: searchValue = 
2025-07-03 07:53:45.513 - INFO: vbln_usulan = 202507
2025-07-03 07:53:45.513 - INFO: vkd_bank = 200
2025-07-03 07:53:45.513 - INFO: vkd_dist = 22
2025-07-03 07:55:51.294 - INFO: vbln_usulan: 202507
2025-07-03 07:55:55.338 - INFO: Jumlah data dikembalikan: 3
2025-07-03 07:55:59.840 - INFO: draw = 1
2025-07-03 07:55:59.840 - INFO: offset (startIndex) = 0
2025-07-03 07:55:59.841 - INFO: limit (length) = 10
2025-07-03 07:55:59.841 - INFO: sortBy = KD_DIST ASC
2025-07-03 07:55:59.841 - INFO: searchValue = 
2025-07-03 07:55:59.841 - INFO: vbln_usulan = 202507
2025-07-03 07:55:59.842 - INFO: vkd_bank = 200
2025-07-03 07:55:59.842 - INFO: vkd_dist = 22
2025-07-03 07:56:05.363 - INFO: draw = 2
2025-07-03 07:56:05.363 - INFO: offset (startIndex) = 0
2025-07-03 07:56:05.364 - INFO: limit (length) = 1000
2025-07-03 07:56:05.364 - INFO: sortBy = KD_DIST ASC
2025-07-03 07:56:05.365 - INFO: searchValue = 
2025-07-03 07:56:05.366 - INFO: vbln_usulan = 202507
2025-07-03 07:56:05.366 - INFO: vkd_bank = 200
2025-07-03 07:56:05.366 - INFO: vkd_dist = 22
2025-07-03 09:21:27.344 - INFO: vbln_usulan: 202507
2025-07-03 09:21:31.432 - INFO: Jumlah data dikembalikan: 3
2025-07-03 09:21:40.160 - INFO: draw = 1
2025-07-03 09:21:40.160 - INFO: offset (startIndex) = 0
2025-07-03 09:21:40.161 - INFO: limit (length) = 10
2025-07-03 09:21:40.161 - INFO: sortBy = KD_DIST ASC
2025-07-03 09:21:40.162 - INFO: searchValue = 
2025-07-03 09:21:40.162 - INFO: vbln_usulan = 202507
2025-07-03 09:21:40.162 - INFO: vkd_bank = 200
2025-07-03 09:21:40.163 - INFO: vkd_dist = 22
2025-07-03 09:21:46.416 - INFO: draw = 2
2025-07-03 09:21:46.416 - INFO: offset (startIndex) = 0
2025-07-03 09:21:46.416 - INFO: limit (length) = 1000
2025-07-03 09:21:46.416 - INFO: sortBy = KD_DIST ASC
2025-07-03 09:21:46.416 - INFO: searchValue = 
2025-07-03 09:21:46.416 - INFO: vbln_usulan = 202507
2025-07-03 09:21:46.416 - INFO: vkd_bank = 200
2025-07-03 09:21:46.416 - INFO: vkd_dist = 22
2025-07-03 09:22:06.000 - INFO: draw = 1
2025-07-03 09:22:06.000 - INFO: offset (startIndex) = 0
2025-07-03 09:22:06.000 - INFO: limit (length) = 10
2025-07-03 09:22:06.001 - INFO: sortBy = KD_DIST ASC
2025-07-03 09:22:06.001 - INFO: searchValue = 
2025-07-03 09:22:06.001 - INFO: vbln_usulan = 202507
2025-07-03 09:22:06.001 - INFO: vkd_bank = 200
2025-07-03 09:22:06.001 - INFO: vkd_dist = 22
2025-07-03 09:22:13.892 - INFO: vbln_usulan: 202507
2025-07-03 09:22:17.913 - INFO: Jumlah data dikembalikan: 3
2025-07-03 09:22:19.925 - INFO: draw = 1
2025-07-03 09:22:19.926 - INFO: offset (startIndex) = 0
2025-07-03 09:22:19.926 - INFO: limit (length) = 10
2025-07-03 09:22:19.927 - INFO: sortBy = KD_DIST ASC
2025-07-03 09:22:19.927 - INFO: searchValue = 
2025-07-03 09:22:19.927 - INFO: vbln_usulan = 202507
2025-07-03 09:22:19.927 - INFO: vkd_bank = 200
2025-07-03 09:22:19.927 - INFO: vkd_dist = 22
2025-07-03 09:22:27.506 - INFO: draw = 2
2025-07-03 09:22:27.506 - INFO: offset (startIndex) = 0
2025-07-03 09:22:27.506 - INFO: limit (length) = 1000
2025-07-03 09:22:27.506 - INFO: sortBy = KD_DIST ASC
2025-07-03 09:22:27.506 - INFO: searchValue = 
2025-07-03 09:22:27.506 - INFO: vbln_usulan = 202507
2025-07-03 09:22:27.506 - INFO: vkd_bank = 200
2025-07-03 09:22:27.506 - INFO: vkd_dist = 22
2025-07-03 09:32:47.688 - INFO: vbln_usulan: 202507
2025-07-03 09:32:51.759 - INFO: Jumlah data dikembalikan: 3
2025-07-03 09:33:03.977 - INFO: vbln_usulan: 202507
2025-07-03 09:33:08.023 - INFO: Jumlah data dikembalikan: 3
2025-07-03 09:33:22.679 - INFO: vbln_usulan: 202506
2025-07-03 09:33:33.290 - INFO: Jumlah data dikembalikan: 24
2025-07-03 09:36:43.753 - INFO: vbln_usulan: 202507
2025-07-03 09:36:45.609 - INFO: vbln_usulan: 202507
2025-07-03 09:36:47.357 - INFO: Jumlah data dikembalikan: 3
2025-07-03 09:36:49.167 - INFO: Jumlah data dikembalikan: 3
2025-07-03 09:43:22.049 - INFO: vbln_usulan: 202507
2025-07-03 09:43:26.046 - INFO: Jumlah data dikembalikan: 3
2025-07-03 09:46:17.242 - INFO: vbln_usulan: 202501
2025-07-03 09:46:24.748 - INFO: Jumlah data dikembalikan: 23
2025-07-03 09:50:34.214 - INFO: vbln_usulan: 202507
2025-07-03 09:50:37.806 - INFO: Jumlah data dikembalikan: 3
2025-07-03 09:51:40.181 - INFO: vbln_usulan: 202507
2025-07-03 09:51:44.145 - INFO: Jumlah data dikembalikan: 3
2025-07-03 10:06:37.264 - INFO: vbln_usulan: 202507
2025-07-03 10:06:40.714 - INFO: Jumlah data dikembalikan: 3
2025-07-03 10:07:53.702 - INFO: vbln_usulan: 202506
2025-07-03 10:07:59.719 - INFO: Jumlah data dikembalikan: 24
2025-07-03 10:11:36.714 - INFO: vbln_usulan: 202507
2025-07-03 10:11:40.731 - INFO: Jumlah data dikembalikan: 3
2025-07-03 10:13:05.319 - INFO: vbln_usulan: 202507
2025-07-03 10:13:08.893 - INFO: Jumlah data dikembalikan: 3
2025-07-03 10:14:21.061 - INFO: vbln_usulan: 202507
2025-07-03 10:14:24.573 - INFO: Jumlah data dikembalikan: 3
2025-07-03 10:15:59.571 - INFO: vbln_usulan: 202507
2025-07-03 10:16:03.574 - INFO: Jumlah data dikembalikan: 3
2025-07-03 10:16:50.984 - INFO: vbln_usulan: 202507
2025-07-03 10:16:54.554 - INFO: Jumlah data dikembalikan: 3
2025-07-03 10:17:10.322 - INFO: vbln_usulan: 202507
2025-07-03 10:17:14.365 - INFO: Jumlah data dikembalikan: 3
2025-07-03 10:30:28.143 - INFO: vbln_usulan: 202507
2025-07-03 10:30:31.676 - INFO: Jumlah data dikembalikan: 3
2025-07-03 10:30:56.850 - INFO: vbln_usulan: 202507
2025-07-03 10:31:00.311 - INFO: Jumlah data dikembalikan: 3
2025-07-03 10:31:12.835 - INFO: vbln_usulan: 202506
2025-07-03 10:31:18.650 - INFO: Jumlah data dikembalikan: 24
2025-07-03 10:31:23.489 - INFO: draw = 1
2025-07-03 10:31:23.490 - INFO: offset (startIndex) = 0
2025-07-03 10:31:23.490 - INFO: limit (length) = 10
2025-07-03 10:31:23.491 - INFO: sortBy = KD_DIST ASC
2025-07-03 10:31:23.492 - INFO: searchValue = 
2025-07-03 10:31:23.493 - INFO: vbln_usulan = 202506
2025-07-03 10:31:23.495 - INFO: vkd_bank = 111
2025-07-03 10:31:23.495 - INFO: vkd_dist = 00
2025-07-03 10:31:32.780 - INFO: draw = 2
2025-07-03 10:31:32.780 - INFO: offset (startIndex) = 0
2025-07-03 10:31:32.781 - INFO: limit (length) = 1000
2025-07-03 10:31:32.781 - INFO: sortBy = KD_DIST ASC
2025-07-03 10:31:32.781 - INFO: searchValue = 
2025-07-03 10:31:32.782 - INFO: vbln_usulan = 202506
2025-07-03 10:31:32.782 - INFO: vkd_bank = 111
2025-07-03 10:31:32.783 - INFO: vkd_dist = 00
2025-07-03 10:37:50.328 - INFO: vbln_usulan: 202507
2025-07-03 10:37:54.388 - INFO: Jumlah data dikembalikan: 3
2025-07-03 10:40:37.898 - INFO: draw = 1
2025-07-03 10:40:37.898 - INFO: offset (startIndex) = 0
2025-07-03 10:40:37.902 - INFO: limit (length) = 10
2025-07-03 10:40:37.902 - INFO: sortBy = KD_DIST ASC
2025-07-03 10:40:37.902 - INFO: searchValue = 
2025-07-03 10:40:37.902 - INFO: vbln_usulan = 202507
2025-07-03 10:40:37.904 - INFO: vkd_bank = 200
2025-07-03 10:40:37.904 - INFO: vkd_dist = 22
2025-07-03 10:41:10.155 - INFO: draw = 1
2025-07-03 10:41:10.155 - INFO: offset (startIndex) = 0
2025-07-03 10:41:10.155 - INFO: limit (length) = 10
2025-07-03 10:41:10.155 - INFO: sortBy = KD_DIST ASC
2025-07-03 10:41:10.157 - INFO: searchValue = 
2025-07-03 10:41:10.157 - INFO: vbln_usulan = 202507
2025-07-03 10:41:10.158 - INFO: vkd_bank = 200
2025-07-03 10:41:10.158 - INFO: vkd_dist = 22
2025-07-03 10:41:15.755 - INFO: draw = 2
2025-07-03 10:41:15.755 - INFO: offset (startIndex) = 0
2025-07-03 10:41:15.755 - INFO: limit (length) = 1000
2025-07-03 10:41:15.755 - INFO: sortBy = KD_DIST ASC
2025-07-03 10:41:15.755 - INFO: searchValue = 
2025-07-03 10:41:15.755 - INFO: vbln_usulan = 202507
2025-07-03 10:41:15.755 - INFO: vkd_bank = 200
2025-07-03 10:41:15.755 - INFO: vkd_dist = 22
2025-07-03 10:41:53.952 - INFO: draw = 1
2025-07-03 10:41:53.952 - INFO: offset (startIndex) = 0
2025-07-03 10:41:53.953 - INFO: limit (length) = 10
2025-07-03 10:41:53.953 - INFO: sortBy = KD_DIST ASC
2025-07-03 10:41:53.953 - INFO: searchValue = 
2025-07-03 10:41:53.953 - INFO: vbln_usulan = 202507
2025-07-03 10:41:53.953 - INFO: vkd_bank = 200
2025-07-03 10:41:53.953 - INFO: vkd_dist = 31
2025-07-03 10:46:05.508 - INFO: vbln_usulan: 202507
2025-07-03 10:46:39.593 - INFO: Jumlah data dikembalikan: 3
2025-07-03 10:46:42.749 - INFO: draw = 1
2025-07-03 10:46:42.749 - INFO: offset (startIndex) = 0
2025-07-03 10:46:42.749 - INFO: limit (length) = 10
2025-07-03 10:46:42.751 - INFO: sortBy = KD_DIST ASC
2025-07-03 10:46:42.751 - INFO: searchValue = 
2025-07-03 10:46:42.751 - INFO: vbln_usulan = 202507
2025-07-03 10:46:42.751 - INFO: vkd_bank = 200
2025-07-03 10:46:42.751 - INFO: vkd_dist = 31
2025-07-03 10:47:41.418 - INFO: draw = 1
2025-07-03 10:47:41.419 - INFO: offset (startIndex) = 0
2025-07-03 10:47:41.419 - INFO: limit (length) = 10
2025-07-03 10:47:41.419 - INFO: sortBy = KD_DIST ASC
2025-07-03 10:47:41.419 - INFO: searchValue = 
2025-07-03 10:47:41.420 - INFO: vbln_usulan = 202507
2025-07-03 10:47:41.422 - INFO: vkd_bank = 200
2025-07-03 10:47:41.423 - INFO: vkd_dist = 22
2025-07-03 16:10:34.519 - INFO: vbln_usulan: 202507
2025-07-03 16:10:39.265 - INFO: vbln_usulan: 202507
2025-07-03 16:10:47.842 - INFO: vbln_usulan: 202507
2025-07-03 16:11:08.628 - INFO: Jumlah data dikembalikan: 5
2025-07-03 16:11:13.301 - INFO: Jumlah data dikembalikan: 5
2025-07-03 16:11:21.810 - INFO: Jumlah data dikembalikan: 5
2025-07-03 16:28:41.456 - INFO: vbln_usulan: July 2025
2025-07-03 16:28:41.516 - INFO: Jumlah data dikembalikan: 0
2025-07-03 16:29:15.554 - INFO: vbln_usulan: July 2025
2025-07-03 16:29:15.633 - INFO: Jumlah data dikembalikan: 0
2025-07-03 16:29:22.713 - INFO: vbln_usulan: July 2025
2025-07-03 16:29:22.783 - INFO: Jumlah data dikembalikan: 0
