2025-06-25 07:31:14.121 - INFO: vbln_usulan: 202505
2025-06-25 07:31:16.284 - INFO: vbln_usulan: 202505
2025-06-25 07:31:59.295 - INFO: Jumlah data dikembalikan: 32
2025-06-25 07:31:59.295 - INFO: Jumlah data dikembalikan: 32
2025-06-25 07:33:51.160 - INFO: vbln_usulan: 202505
2025-06-25 07:33:52.469 - INFO: vbln_usulan: 202505
2025-06-25 07:33:57.040 - INFO: Jumlah data dikembalikan: 32
2025-06-25 07:33:58.021 - INFO: Jumlah data dikembalikan: 32
2025-06-25 07:34:18.117 - INFO: vbln_usulan: 202505
2025-06-25 07:34:19.392 - INFO: vbln_usulan: 202505
2025-06-25 07:34:23.545 - INFO: Jumlah data dikembalikan: 32
2025-06-25 07:34:24.751 - INFO: Jumlah data dikembalikan: 32
2025-06-25 07:34:46.184 - INFO: vbln_usulan: 202505
2025-06-25 07:34:47.653 - INFO: vbln_usulan: 202505
2025-06-25 07:34:51.784 - INFO: Jumlah data dikembalikan: 32
2025-06-25 07:34:53.920 - INFO: Jumlah data dikembalikan: 32
2025-06-25 07:35:27.240 - INFO: vbln_usulan: 202505
2025-06-25 07:35:28.683 - INFO: vbln_usulan: 202505
2025-06-25 07:35:33.113 - INFO: Jumlah data dikembalikan: 32
2025-06-25 07:35:34.847 - INFO: Jumlah data dikembalikan: 32
2025-06-25 07:35:46.585 - INFO: vbln_usulan: 202505
2025-06-25 07:35:48.033 - INFO: vbln_usulan: 202505
2025-06-25 07:35:52.794 - INFO: Jumlah data dikembalikan: 32
2025-06-25 07:35:53.612 - INFO: Jumlah data dikembalikan: 32
2025-06-25 07:36:02.894 - INFO: vbln_usulan: 202505
2025-06-25 07:36:04.190 - INFO: vbln_usulan: 202505
2025-06-25 07:36:08.480 - INFO: Jumlah data dikembalikan: 32
2025-06-25 07:36:10.395 - INFO: Jumlah data dikembalikan: 32
2025-06-25 07:36:42.433 - INFO: vbln_usulan: 202505
2025-06-25 07:36:44.601 - INFO: vbln_usulan: 202505
2025-06-25 07:36:48.460 - INFO: Jumlah data dikembalikan: 32
2025-06-25 07:36:50.864 - INFO: Jumlah data dikembalikan: 32
2025-06-25 07:37:12.152 - INFO: vbln_usulan: 202505
2025-06-25 07:37:13.561 - INFO: vbln_usulan: 202505
2025-06-25 07:37:18.410 - INFO: Jumlah data dikembalikan: 32
2025-06-25 07:37:19.750 - INFO: Jumlah data dikembalikan: 32
2025-06-25 07:37:42.737 - INFO: vbln_usulan: 202505
2025-06-25 07:37:43.971 - INFO: vbln_usulan: 202505
2025-06-25 07:37:49.090 - INFO: Jumlah data dikembalikan: 32
2025-06-25 07:37:49.680 - INFO: Jumlah data dikembalikan: 32
2025-06-25 07:38:05.892 - INFO: vbln_usulan: 202505
2025-06-25 07:38:07.040 - INFO: vbln_usulan: 202505
2025-06-25 07:38:12.336 - INFO: Jumlah data dikembalikan: 32
2025-06-25 07:38:13.010 - INFO: Jumlah data dikembalikan: 32
2025-06-25 07:38:30.383 - INFO: vbln_usulan: 202505
2025-06-25 07:38:31.834 - INFO: vbln_usulan: 202505
2025-06-25 07:38:36.719 - INFO: Jumlah data dikembalikan: 32
2025-06-25 07:38:37.509 - INFO: Jumlah data dikembalikan: 32
2025-06-25 07:38:56.232 - INFO: vbln_usulan: 202505
2025-06-25 07:38:58.254 - INFO: vbln_usulan: 202505
2025-06-25 07:39:02.500 - INFO: Jumlah data dikembalikan: 32
2025-06-25 07:39:03.950 - INFO: Jumlah data dikembalikan: 32
2025-06-25 07:39:21.894 - INFO: vbln_usulan: 202505
2025-06-25 07:39:23.205 - INFO: vbln_usulan: 202505
2025-06-25 07:39:27.539 - INFO: Jumlah data dikembalikan: 32
2025-06-25 07:39:29.464 - INFO: Jumlah data dikembalikan: 32
2025-06-25 07:40:09.327 - INFO: vbln_usulan: 202505
2025-06-25 07:40:10.406 - INFO: vbln_usulan: 202505
2025-06-25 07:40:15.589 - INFO: Jumlah data dikembalikan: 32
2025-06-25 07:40:16.096 - INFO: Jumlah data dikembalikan: 32
2025-06-25 07:40:35.957 - INFO: vbln_usulan: 202505
2025-06-25 07:40:40.877 - INFO: vbln_usulan: 202505
2025-06-25 07:40:42.106 - INFO: Jumlah data dikembalikan: 32
2025-06-25 07:40:46.719 - INFO: Jumlah data dikembalikan: 32
2025-06-25 07:41:13.399 - INFO: vbln_usulan: 202505
2025-06-25 07:41:14.801 - INFO: vbln_usulan: 202505
2025-06-25 07:41:18.966 - INFO: Jumlah data dikembalikan: 32
2025-06-25 07:41:21.028 - INFO: Jumlah data dikembalikan: 32
2025-06-25 07:41:32.835 - INFO: vbln_usulan: 202505
2025-06-25 07:41:34.459 - INFO: vbln_usulan: 202505
2025-06-25 07:41:39.029 - INFO: Jumlah data dikembalikan: 32
2025-06-25 07:41:40.658 - INFO: Jumlah data dikembalikan: 32
2025-06-25 07:41:48.908 - INFO: vbln_usulan: 202505
2025-06-25 07:41:50.126 - INFO: vbln_usulan: 202505
2025-06-25 07:41:55.149 - INFO: Jumlah data dikembalikan: 32
2025-06-25 07:41:56.008 - INFO: Jumlah data dikembalikan: 32
2025-06-25 07:42:06.698 - INFO: vbln_usulan: 202505
2025-06-25 07:42:08.059 - INFO: vbln_usulan: 202505
2025-06-25 07:42:12.672 - INFO: Jumlah data dikembalikan: 32
2025-06-25 07:42:14.399 - INFO: Jumlah data dikembalikan: 32
2025-06-25 07:42:31.358 - INFO: vbln_usulan: 202505
2025-06-25 07:42:32.380 - INFO: vbln_usulan: 202505
2025-06-25 07:42:37.078 - INFO: Jumlah data dikembalikan: 32
2025-06-25 07:42:38.652 - INFO: Jumlah data dikembalikan: 32
2025-06-25 07:42:59.952 - INFO: vbln_usulan: 202505
2025-06-25 07:43:01.366 - INFO: vbln_usulan: 202505
2025-06-25 07:43:06.270 - INFO: Jumlah data dikembalikan: 32
2025-06-25 07:43:07.003 - INFO: Jumlah data dikembalikan: 32
2025-06-25 07:43:31.775 - INFO: vbln_usulan: 202505
2025-06-25 07:43:33.334 - INFO: vbln_usulan: 202505
2025-06-25 07:43:37.968 - INFO: Jumlah data dikembalikan: 32
2025-06-25 07:43:39.551 - INFO: Jumlah data dikembalikan: 32
2025-06-25 07:45:30.165 - INFO: vbln_usulan: 202505
2025-06-25 07:45:31.383 - INFO: vbln_usulan: 202505
2025-06-25 07:45:35.778 - INFO: Jumlah data dikembalikan: 32
2025-06-25 07:45:37.418 - INFO: Jumlah data dikembalikan: 32
2025-06-25 07:45:50.888 - INFO: vbln_usulan: 202505
2025-06-25 07:45:52.420 - INFO: vbln_usulan: 202505
2025-06-25 07:45:57.037 - INFO: Jumlah data dikembalikan: 32
2025-06-25 07:45:58.038 - INFO: Jumlah data dikembalikan: 32
2025-06-25 07:46:16.265 - INFO: vbln_usulan: 202505
2025-06-25 07:46:17.848 - INFO: vbln_usulan: 202505
2025-06-25 07:46:21.793 - INFO: Jumlah data dikembalikan: 32
2025-06-25 07:46:24.048 - INFO: Jumlah data dikembalikan: 32
2025-06-25 07:46:39.506 - INFO: vbln_usulan: 202505
2025-06-25 07:46:40.682 - INFO: vbln_usulan: 202505
2025-06-25 07:46:45.128 - INFO: Jumlah data dikembalikan: 32
2025-06-25 07:46:46.878 - INFO: Jumlah data dikembalikan: 32
2025-06-25 07:47:19.858 - INFO: vbln_usulan: 202505
2025-06-25 07:47:21.542 - INFO: vbln_usulan: 202505
2025-06-25 07:47:25.727 - INFO: Jumlah data dikembalikan: 32
2025-06-25 07:47:27.782 - INFO: Jumlah data dikembalikan: 32
2025-06-25 07:47:43.754 - INFO: vbln_usulan: 202505
2025-06-25 07:47:45.521 - INFO: vbln_usulan: 202505
2025-06-25 07:47:49.370 - INFO: Jumlah data dikembalikan: 32
2025-06-25 07:47:51.752 - INFO: Jumlah data dikembalikan: 32
2025-06-25 07:48:14.857 - INFO: vbln_usulan: 202505
2025-06-25 07:48:15.897 - INFO: vbln_usulan: 202505
2025-06-25 07:48:21.227 - INFO: Jumlah data dikembalikan: 32
2025-06-25 07:48:22.187 - INFO: Jumlah data dikembalikan: 32
2025-06-25 07:48:40.357 - INFO: vbln_usulan: 202505
2025-06-25 07:48:41.405 - INFO: vbln_usulan: 202505
2025-06-25 07:48:45.917 - INFO: Jumlah data dikembalikan: 32
2025-06-25 07:48:47.027 - INFO: Jumlah data dikembalikan: 32
2025-06-25 07:49:01.757 - INFO: vbln_usulan: 202505
2025-06-25 07:49:03.337 - INFO: vbln_usulan: 202505
2025-06-25 07:49:08.044 - INFO: Jumlah data dikembalikan: 32
2025-06-25 07:49:08.947 - INFO: Jumlah data dikembalikan: 32
2025-06-25 07:49:24.370 - INFO: vbln_usulan: 202505
2025-06-25 07:49:25.457 - INFO: vbln_usulan: 202505
2025-06-25 07:49:30.797 - INFO: Jumlah data dikembalikan: 32
2025-06-25 07:49:31.177 - INFO: Jumlah data dikembalikan: 32
2025-06-25 07:49:46.772 - INFO: vbln_usulan: 202505
2025-06-25 07:49:48.426 - INFO: vbln_usulan: 202505
2025-06-25 07:49:53.041 - INFO: Jumlah data dikembalikan: 32
2025-06-25 07:49:54.017 - INFO: Jumlah data dikembalikan: 32
2025-06-25 07:50:06.415 - INFO: vbln_usulan: 202505
2025-06-25 07:50:07.906 - INFO: vbln_usulan: 202505
2025-06-25 07:50:12.279 - INFO: Jumlah data dikembalikan: 32
2025-06-25 07:50:14.112 - INFO: Jumlah data dikembalikan: 32
2025-06-25 07:50:30.158 - INFO: vbln_usulan: 202505
2025-06-25 07:50:31.094 - INFO: vbln_usulan: 202505
2025-06-25 07:50:35.696 - INFO: Jumlah data dikembalikan: 32
2025-06-25 07:50:36.430 - INFO: Jumlah data dikembalikan: 32
2025-06-25 09:34:34.570 - INFO: vbln_usulan: 202505
2025-06-25 09:34:35.974 - INFO: vbln_usulan: 202505
2025-06-25 09:34:40.859 - INFO: Jumlah data dikembalikan: 32
2025-06-25 09:34:41.612 - INFO: Jumlah data dikembalikan: 32
2025-06-25 09:34:58.411 - INFO: vbln_usulan: 202505
2025-06-25 09:34:59.798 - INFO: vbln_usulan: 202505
2025-06-25 09:35:04.711 - INFO: Jumlah data dikembalikan: 32
2025-06-25 09:35:05.451 - INFO: Jumlah data dikembalikan: 32
2025-06-25 09:35:25.369 - INFO: vbln_usulan: 202505
2025-06-25 09:35:27.339 - INFO: vbln_usulan: 202505
2025-06-25 09:35:30.821 - INFO: Jumlah data dikembalikan: 32
2025-06-25 09:35:33.519 - INFO: Jumlah data dikembalikan: 32
2025-06-25 09:35:49.951 - INFO: vbln_usulan: 202505
2025-06-25 09:35:52.082 - INFO: vbln_usulan: 202505
2025-06-25 09:35:56.119 - INFO: Jumlah data dikembalikan: 32
2025-06-25 09:35:58.256 - INFO: Jumlah data dikembalikan: 32
2025-06-25 09:36:23.368 - INFO: vbln_usulan: 202505
2025-06-25 09:36:25.859 - INFO: vbln_usulan: 202505
2025-06-25 09:36:28.961 - INFO: Jumlah data dikembalikan: 32
2025-06-25 09:36:31.309 - INFO: Jumlah data dikembalikan: 32
2025-06-25 09:37:00.273 - INFO: vbln_usulan: 202505
2025-06-25 09:37:04.072 - INFO: vbln_usulan: 202505
2025-06-25 09:37:05.759 - INFO: Jumlah data dikembalikan: 32
2025-06-25 09:37:10.379 - INFO: Jumlah data dikembalikan: 32
2025-06-25 09:37:24.371 - INFO: vbln_usulan: 202505
2025-06-25 09:37:25.669 - INFO: vbln_usulan: 202505
2025-06-25 09:37:30.734 - INFO: Jumlah data dikembalikan: 32
2025-06-25 09:37:31.304 - INFO: Jumlah data dikembalikan: 32
2025-06-25 09:38:08.569 - INFO: vbln_usulan: 202505
2025-06-25 09:38:10.039 - INFO: vbln_usulan: 202505
2025-06-25 09:38:14.069 - INFO: Jumlah data dikembalikan: 32
2025-06-25 09:38:16.209 - INFO: Jumlah data dikembalikan: 32
2025-06-25 09:38:59.879 - INFO: vbln_usulan: 202505
2025-06-25 09:39:01.113 - INFO: vbln_usulan: 202505
2025-06-25 09:39:05.909 - INFO: Jumlah data dikembalikan: 32
2025-06-25 09:39:06.648 - INFO: Jumlah data dikembalikan: 32
2025-06-25 09:39:30.838 - INFO: vbln_usulan: 202505
2025-06-25 09:39:32.007 - INFO: vbln_usulan: 202505
2025-06-25 09:39:36.411 - INFO: Jumlah data dikembalikan: 32
2025-06-25 09:39:38.288 - INFO: Jumlah data dikembalikan: 32
2025-06-25 09:41:18.403 - INFO: vbln_usulan: 202505
2025-06-25 09:41:20.013 - INFO: vbln_usulan: 202505
2025-06-25 09:41:24.683 - INFO: Jumlah data dikembalikan: 32
2025-06-25 09:41:25.693 - INFO: Jumlah data dikembalikan: 32
2025-06-25 09:42:05.101 - INFO: vbln_usulan: 202505
2025-06-25 09:42:06.588 - INFO: vbln_usulan: 202505
2025-06-25 09:42:10.672 - INFO: Jumlah data dikembalikan: 32
2025-06-25 09:42:12.962 - INFO: Jumlah data dikembalikan: 32
2025-06-25 09:43:02.542 - INFO: vbln_usulan: 202505
2025-06-25 09:43:03.751 - INFO: vbln_usulan: 202505
2025-06-25 09:43:08.193 - INFO: Jumlah data dikembalikan: 32
2025-06-25 09:43:09.952 - INFO: Jumlah data dikembalikan: 32
2025-06-25 09:43:36.027 - INFO: vbln_usulan: 202505
2025-06-25 09:43:37.729 - INFO: vbln_usulan: 202505
2025-06-25 09:43:41.563 - INFO: Jumlah data dikembalikan: 32
2025-06-25 09:43:43.147 - INFO: Jumlah data dikembalikan: 32
2025-06-25 09:44:15.882 - INFO: vbln_usulan: 202505
2025-06-25 09:44:17.184 - INFO: vbln_usulan: 202505
2025-06-25 09:44:21.402 - INFO: Jumlah data dikembalikan: 32
2025-06-25 09:44:23.438 - INFO: Jumlah data dikembalikan: 32
2025-06-25 09:45:47.220 - INFO: vbln_usulan: 202505
2025-06-25 09:45:48.721 - INFO: vbln_usulan: 202505
2025-06-25 09:45:52.773 - INFO: Jumlah data dikembalikan: 32
2025-06-25 09:45:54.816 - INFO: Jumlah data dikembalikan: 32
2025-06-25 09:46:45.160 - INFO: vbln_usulan: 202505
2025-06-25 09:46:47.442 - INFO: vbln_usulan: 202505
2025-06-25 09:46:51.402 - INFO: Jumlah data dikembalikan: 32
2025-06-25 09:46:53.062 - INFO: Jumlah data dikembalikan: 32
2025-06-25 09:48:31.732 - INFO: vbln_usulan: 202505
2025-06-25 09:48:33.425 - INFO: vbln_usulan: 202505
2025-06-25 09:48:37.981 - INFO: Jumlah data dikembalikan: 32
2025-06-25 09:48:39.691 - INFO: Jumlah data dikembalikan: 32
2025-06-25 09:49:57.164 - INFO: vbln_usulan: 202505
2025-06-25 09:49:58.431 - INFO: vbln_usulan: 202505
2025-06-25 09:50:03.211 - INFO: Jumlah data dikembalikan: 32
2025-06-25 09:50:04.031 - INFO: Jumlah data dikembalikan: 32
2025-06-25 09:50:49.119 - INFO: vbln_usulan: 202505
2025-06-25 09:50:50.305 - INFO: vbln_usulan: 202505
2025-06-25 09:50:55.261 - INFO: Jumlah data dikembalikan: 32
2025-06-25 09:50:55.822 - INFO: Jumlah data dikembalikan: 32
2025-06-25 09:51:19.113 - INFO: vbln_usulan: 202505
2025-06-25 09:51:20.432 - INFO: vbln_usulan: 202505
2025-06-25 09:51:25.090 - INFO: Jumlah data dikembalikan: 32
2025-06-25 09:51:25.965 - INFO: Jumlah data dikembalikan: 32
2025-06-25 09:51:54.922 - INFO: vbln_usulan: 202505
2025-06-25 09:51:56.934 - INFO: vbln_usulan: 202505
2025-06-25 09:52:00.485 - INFO: Jumlah data dikembalikan: 32
2025-06-25 09:52:03.100 - INFO: Jumlah data dikembalikan: 32
2025-06-25 09:54:02.069 - INFO: vbln_usulan: 202505
2025-06-25 09:54:03.451 - INFO: vbln_usulan: 202505
2025-06-25 09:54:08.143 - INFO: Jumlah data dikembalikan: 32
2025-06-25 09:54:09.012 - INFO: Jumlah data dikembalikan: 32
2025-06-25 09:54:32.887 - INFO: vbln_usulan: 202505
2025-06-25 09:54:34.296 - INFO: vbln_usulan: 202505
2025-06-25 09:54:38.276 - INFO: Jumlah data dikembalikan: 32
2025-06-25 09:54:39.760 - INFO: Jumlah data dikembalikan: 32
2025-06-25 09:55:02.555 - INFO: vbln_usulan: 202505
2025-06-25 09:55:03.763 - INFO: vbln_usulan: 202505
2025-06-25 09:55:08.664 - INFO: Jumlah data dikembalikan: 32
2025-06-25 09:55:09.429 - INFO: Jumlah data dikembalikan: 32
2025-06-25 09:55:38.117 - INFO: vbln_usulan: 202505
2025-06-25 09:55:39.349 - INFO: vbln_usulan: 202505
2025-06-25 09:55:43.759 - INFO: Jumlah data dikembalikan: 32
2025-06-25 09:55:45.679 - INFO: Jumlah data dikembalikan: 32
2025-06-25 09:56:11.846 - INFO: vbln_usulan: 202505
2025-06-25 09:56:13.269 - INFO: vbln_usulan: 202505
2025-06-25 09:56:17.489 - INFO: Jumlah data dikembalikan: 32
2025-06-25 09:56:19.641 - INFO: Jumlah data dikembalikan: 32
2025-06-25 09:58:02.274 - INFO: vbln_usulan: 202505
2025-06-25 09:58:03.601 - INFO: vbln_usulan: 202505
2025-06-25 09:58:07.799 - INFO: Jumlah data dikembalikan: 32
2025-06-25 09:58:09.619 - INFO: Jumlah data dikembalikan: 32
2025-06-25 09:58:44.599 - INFO: vbln_usulan: 202505
2025-06-25 09:58:45.672 - INFO: vbln_usulan: 202505
2025-06-25 09:59:21.392 - INFO: Jumlah data dikembalikan: 32
2025-06-25 09:59:21.509 - INFO: Jumlah data dikembalikan: 32
2025-06-25 09:59:42.384 - INFO: vbln_usulan: 202505
2025-06-25 09:59:43.734 - INFO: vbln_usulan: 202505
2025-06-25 09:59:48.468 - INFO: Jumlah data dikembalikan: 32
2025-06-25 09:59:49.478 - INFO: Jumlah data dikembalikan: 32
2025-06-25 10:00:17.018 - INFO: vbln_usulan: 202505
2025-06-25 10:00:18.136 - INFO: vbln_usulan: 202505
2025-06-25 10:00:23.359 - INFO: Jumlah data dikembalikan: 32
2025-06-25 10:00:23.999 - INFO: Jumlah data dikembalikan: 32
2025-06-25 10:01:00.863 - INFO: vbln_usulan: 202505
2025-06-25 10:01:02.110 - INFO: vbln_usulan: 202505
2025-06-25 10:01:06.470 - INFO: Jumlah data dikembalikan: 32
2025-06-25 10:01:08.348 - INFO: Jumlah data dikembalikan: 32
2025-06-25 10:05:22.897 - INFO: vbln_usulan: 202505
2025-06-25 10:05:25.203 - INFO: vbln_usulan: 202505
2025-06-25 10:05:58.943 - INFO: Jumlah data dikembalikan: 32
2025-06-25 10:06:01.237 - INFO: Jumlah data dikembalikan: 32
2025-06-25 10:06:37.926 - INFO: vbln_usulan: 202505
2025-06-25 10:06:39.045 - INFO: vbln_usulan: 202505
2025-06-25 10:06:43.487 - INFO: Jumlah data dikembalikan: 32
2025-06-25 10:06:45.062 - INFO: Jumlah data dikembalikan: 32
2025-06-25 10:06:56.527 - INFO: vbln_usulan: 202505
2025-06-25 10:07:02.047 - INFO: Jumlah data dikembalikan: 32
2025-06-25 10:07:08.926 - INFO: vbln_usulan: 202505
2025-06-25 10:07:14.798 - INFO: Jumlah data dikembalikan: 32
2025-06-25 10:07:16.563 - INFO: vbln_usulan: 202505
2025-06-25 10:07:19.187 - INFO: vbln_usulan: 202505
2025-06-25 10:07:22.536 - INFO: Jumlah data dikembalikan: 32
2025-06-25 10:07:24.736 - INFO: Jumlah data dikembalikan: 32
2025-06-25 10:07:33.521 - INFO: vbln_usulan: 202505
2025-06-25 10:07:34.917 - INFO: vbln_usulan: 202505
2025-06-25 10:07:39.813 - INFO: Jumlah data dikembalikan: 32
2025-06-25 10:07:41.019 - INFO: Jumlah data dikembalikan: 32
2025-06-25 10:07:57.144 - INFO: vbln_usulan: 202505
2025-06-25 10:07:59.117 - INFO: vbln_usulan: 202505
2025-06-25 10:08:02.587 - INFO: Jumlah data dikembalikan: 32
2025-06-25 10:08:04.979 - INFO: Jumlah data dikembalikan: 32
2025-06-25 10:08:27.540 - INFO: vbln_usulan: 202505
2025-06-25 10:08:29.705 - INFO: vbln_usulan: 202505
2025-06-25 10:08:33.460 - INFO: Jumlah data dikembalikan: 32
2025-06-25 10:08:35.241 - INFO: Jumlah data dikembalikan: 32
2025-06-25 10:08:49.641 - INFO: vbln_usulan: 202505
2025-06-25 10:08:51.232 - INFO: vbln_usulan: 202505
2025-06-25 10:08:55.166 - INFO: Jumlah data dikembalikan: 32
2025-06-25 10:08:57.318 - INFO: Jumlah data dikembalikan: 32
2025-06-25 10:09:05.590 - INFO: vbln_usulan: 202505
2025-06-25 10:09:11.536 - INFO: Jumlah data dikembalikan: 32
2025-06-25 10:09:18.144 - INFO: vbln_usulan: 202505
2025-06-25 10:09:19.863 - INFO: vbln_usulan: 202505
2025-06-25 10:09:23.696 - INFO: Jumlah data dikembalikan: 32
2025-06-25 10:09:26.124 - INFO: Jumlah data dikembalikan: 32
2025-06-25 10:09:47.107 - INFO: vbln_usulan: 202505
2025-06-25 10:09:48.234 - INFO: vbln_usulan: 202505
2025-06-25 10:09:52.639 - INFO: Jumlah data dikembalikan: 32
2025-06-25 10:09:53.656 - INFO: Jumlah data dikembalikan: 32
2025-06-25 10:52:17.313 - INFO: vbln_usulan: 202505
2025-06-25 10:52:18.756 - INFO: vbln_usulan: 202505
2025-06-25 10:52:23.576 - INFO: Jumlah data dikembalikan: 24
2025-06-25 10:52:24.416 - INFO: Jumlah data dikembalikan: 24
2025-06-25 10:53:51.646 - INFO: vbln_usulan: 202505
2025-06-25 10:53:52.813 - INFO: vbln_usulan: 202505
2025-06-25 10:53:57.325 - INFO: Jumlah data dikembalikan: 24
2025-06-25 10:53:59.055 - INFO: Jumlah data dikembalikan: 24
2025-06-25 10:54:08.125 - INFO: vbln_usulan: 202505
2025-06-25 10:54:09.573 - INFO: vbln_usulan: 202505
2025-06-25 10:54:13.722 - INFO: Jumlah data dikembalikan: 24
2025-06-25 10:54:15.692 - INFO: Jumlah data dikembalikan: 24
2025-06-25 10:54:34.843 - INFO: vbln_usulan: 202505
2025-06-25 10:54:36.194 - INFO: vbln_usulan: 202505
2025-06-25 10:54:40.535 - INFO: Jumlah data dikembalikan: 24
2025-06-25 10:54:42.445 - INFO: Jumlah data dikembalikan: 24
2025-06-25 10:54:56.429 - INFO: vbln_usulan: 202505
2025-06-25 10:54:57.917 - INFO: vbln_usulan: 202505
2025-06-25 10:55:02.655 - INFO: Jumlah data dikembalikan: 24
2025-06-25 10:55:04.085 - INFO: Jumlah data dikembalikan: 24
2025-06-25 10:55:19.912 - INFO: vbln_usulan: 202505
2025-06-25 10:55:21.186 - INFO: vbln_usulan: 202505
2025-06-25 10:55:26.005 - INFO: Jumlah data dikembalikan: 24
2025-06-25 10:55:26.765 - INFO: Jumlah data dikembalikan: 24
2025-06-25 10:55:54.447 - INFO: vbln_usulan: 202505
2025-06-25 10:55:55.810 - INFO: vbln_usulan: 202505
2025-06-25 10:56:00.433 - INFO: Jumlah data dikembalikan: 24
2025-06-25 10:56:01.383 - INFO: Jumlah data dikembalikan: 24
2025-06-25 10:56:28.167 - INFO: vbln_usulan: 202505
2025-06-25 10:56:29.567 - INFO: vbln_usulan: 202505
2025-06-25 10:56:33.575 - INFO: Jumlah data dikembalikan: 24
2025-06-25 10:56:35.434 - INFO: Jumlah data dikembalikan: 24
2025-06-25 12:26:59.412 - INFO: vbln_usulan: 202505
2025-06-25 12:27:00.634 - INFO: vbln_usulan: 202505
2025-06-25 12:27:05.809 - INFO: Jumlah data dikembalikan: 24
2025-06-25 12:27:06.323 - INFO: Jumlah data dikembalikan: 24
2025-06-25 12:27:21.372 - INFO: vbln_usulan: 202505
2025-06-25 12:27:22.678 - INFO: vbln_usulan: 202505
2025-06-25 12:27:27.390 - INFO: Jumlah data dikembalikan: 24
2025-06-25 12:27:28.378 - INFO: Jumlah data dikembalikan: 24
2025-06-25 12:27:50.183 - INFO: vbln_usulan: 202505
2025-06-25 12:27:51.170 - INFO: vbln_usulan: 202505
2025-06-25 12:27:55.792 - INFO: Jumlah data dikembalikan: 24
2025-06-25 12:27:57.424 - INFO: Jumlah data dikembalikan: 24
2025-06-25 12:28:20.987 - INFO: vbln_usulan: 202505
2025-06-25 12:28:22.146 - INFO: vbln_usulan: 202505
2025-06-25 12:28:26.684 - INFO: Jumlah data dikembalikan: 24
2025-06-25 12:28:28.398 - INFO: Jumlah data dikembalikan: 24
2025-06-25 12:28:42.143 - INFO: vbln_usulan: 202505
2025-06-25 12:28:48.350 - INFO: Jumlah data dikembalikan: 24
2025-06-25 12:28:50.403 - INFO: vbln_usulan: 202505
2025-06-25 12:28:51.613 - INFO: vbln_usulan: 202505
2025-06-25 12:28:56.588 - INFO: Jumlah data dikembalikan: 24
2025-06-25 12:28:57.194 - INFO: Jumlah data dikembalikan: 24
2025-06-25 12:29:16.702 - INFO: vbln_usulan: 202505
2025-06-25 12:29:22.547 - INFO: Jumlah data dikembalikan: 24
2025-06-25 12:29:29.224 - INFO: vbln_usulan: 202505
2025-06-25 12:29:30.745 - INFO: vbln_usulan: 202505
2025-06-25 12:29:34.782 - INFO: Jumlah data dikembalikan: 24
2025-06-25 12:29:37.029 - INFO: Jumlah data dikembalikan: 24
2025-06-25 12:29:56.729 - INFO: vbln_usulan: 202505
2025-06-25 12:29:58.335 - INFO: vbln_usulan: 202505
2025-06-25 12:30:02.417 - INFO: Jumlah data dikembalikan: 24
2025-06-25 12:30:04.597 - INFO: Jumlah data dikembalikan: 24
2025-06-25 12:30:24.383 - INFO: vbln_usulan: 202505
2025-06-25 12:30:29.218 - INFO: vbln_usulan: 202505
2025-06-25 12:30:29.949 - INFO: Jumlah data dikembalikan: 24
2025-06-25 12:30:34.617 - INFO: Jumlah data dikembalikan: 24
2025-06-25 12:30:51.987 - INFO: vbln_usulan: 202505
2025-06-25 12:30:53.315 - INFO: vbln_usulan: 202505
2025-06-25 12:30:57.978 - INFO: Jumlah data dikembalikan: 24
2025-06-25 12:30:58.892 - INFO: Jumlah data dikembalikan: 24
2025-06-25 12:31:13.406 - INFO: vbln_usulan: 202505
2025-06-25 12:31:16.757 - INFO: vbln_usulan: 202505
2025-06-25 12:31:18.952 - INFO: Jumlah data dikembalikan: 24
2025-06-25 12:31:22.130 - INFO: Jumlah data dikembalikan: 24
2025-06-25 12:31:39.365 - INFO: vbln_usulan: 202505
2025-06-25 12:31:41.078 - INFO: vbln_usulan: 202505
2025-06-25 12:31:45.497 - INFO: Jumlah data dikembalikan: 24
2025-06-25 12:31:47.304 - INFO: Jumlah data dikembalikan: 24
2025-06-25 12:32:07.810 - INFO: vbln_usulan: 202505
2025-06-25 12:32:10.035 - INFO: vbln_usulan: 202505
2025-06-25 12:32:14.151 - INFO: Jumlah data dikembalikan: 24
2025-06-25 12:32:16.358 - INFO: Jumlah data dikembalikan: 24
2025-06-25 12:32:53.460 - INFO: vbln_usulan: 202505
2025-06-25 12:32:54.677 - INFO: vbln_usulan: 202505
2025-06-25 12:32:59.191 - INFO: Jumlah data dikembalikan: 24
2025-06-25 12:33:00.979 - INFO: Jumlah data dikembalikan: 24
2025-06-25 12:33:16.047 - INFO: vbln_usulan: 202505
2025-06-25 12:33:17.573 - INFO: vbln_usulan: 202505
2025-06-25 12:33:22.407 - INFO: Jumlah data dikembalikan: 24
2025-06-25 12:33:23.519 - INFO: Jumlah data dikembalikan: 24
2025-06-25 12:34:10.716 - INFO: vbln_usulan: 202505
2025-06-25 12:34:12.020 - INFO: vbln_usulan: 202505
2025-06-25 12:34:17.010 - INFO: Jumlah data dikembalikan: 24
2025-06-25 12:34:17.586 - INFO: Jumlah data dikembalikan: 24
2025-06-25 12:35:04.058 - INFO: vbln_usulan: 202505
2025-06-25 12:35:05.402 - INFO: vbln_usulan: 202505
2025-06-25 12:35:39.947 - INFO: Jumlah data dikembalikan: 24
2025-06-25 12:35:41.688 - INFO: Jumlah data dikembalikan: 24
2025-06-25 12:37:26.067 - INFO: vbln_usulan: 202505
2025-06-25 12:37:28.062 - INFO: vbln_usulan: 202505
2025-06-25 12:37:31.786 - INFO: Jumlah data dikembalikan: 24
2025-06-25 12:37:34.401 - INFO: Jumlah data dikembalikan: 24
2025-06-25 12:38:31.855 - INFO: vbln_usulan: 202505
2025-06-25 12:38:32.521 - INFO: vbln_usulan: 202505
2025-06-25 12:39:08.202 - INFO: Jumlah data dikembalikan: 24
2025-06-25 12:39:08.832 - INFO: Jumlah data dikembalikan: 24
2025-06-25 12:39:45.657 - INFO: vbln_usulan: 202505
2025-06-25 12:39:46.647 - INFO: vbln_usulan: 202505
2025-06-25 12:39:52.025 - INFO: Jumlah data dikembalikan: 24
2025-06-25 12:39:52.363 - INFO: Jumlah data dikembalikan: 24
2025-06-25 12:40:05.368 - INFO: vbln_usulan: 202505
2025-06-25 12:40:06.836 - INFO: vbln_usulan: 202505
2025-06-25 12:40:11.731 - INFO: Jumlah data dikembalikan: 24
2025-06-25 12:40:12.515 - INFO: Jumlah data dikembalikan: 24
2025-06-25 12:40:47.039 - INFO: vbln_usulan: 202505
2025-06-25 12:40:48.384 - INFO: vbln_usulan: 202505
2025-06-25 12:40:52.485 - INFO: Jumlah data dikembalikan: 24
2025-06-25 12:40:53.795 - INFO: Jumlah data dikembalikan: 24
2025-06-25 12:41:12.581 - INFO: vbln_usulan: 202505
2025-06-25 12:41:13.998 - INFO: vbln_usulan: 202505
2025-06-25 12:41:18.135 - INFO: Jumlah data dikembalikan: 24
2025-06-25 12:41:20.315 - INFO: Jumlah data dikembalikan: 24
2025-06-25 12:41:39.261 - INFO: vbln_usulan: 202505
2025-06-25 12:41:40.448 - INFO: vbln_usulan: 202505
2025-06-25 12:41:44.817 - INFO: Jumlah data dikembalikan: 24
2025-06-25 12:41:46.524 - INFO: Jumlah data dikembalikan: 24
2025-06-25 12:42:10.031 - INFO: vbln_usulan: 202505
2025-06-25 12:42:11.531 - INFO: vbln_usulan: 202505
2025-06-25 12:42:15.901 - INFO: Jumlah data dikembalikan: 24
2025-06-25 12:42:17.046 - INFO: Jumlah data dikembalikan: 24
2025-06-25 12:42:38.326 - INFO: vbln_usulan: 202505
2025-06-25 12:42:44.623 - INFO: Jumlah data dikembalikan: 24
2025-06-25 12:42:46.435 - INFO: vbln_usulan: 202505
2025-06-25 12:42:48.897 - INFO: vbln_usulan: 202505
2025-06-25 12:42:52.829 - INFO: Jumlah data dikembalikan: 24
2025-06-25 12:42:54.504 - INFO: Jumlah data dikembalikan: 24
2025-06-25 12:45:07.798 - INFO: vbln_usulan: 202505
2025-06-25 12:45:10.414 - INFO: vbln_usulan: 202505
2025-06-25 12:45:13.205 - INFO: Jumlah data dikembalikan: 24
2025-06-25 12:45:16.340 - INFO: Jumlah data dikembalikan: 24
2025-06-25 12:45:37.331 - INFO: vbln_usulan: 202505
2025-06-25 12:45:38.429 - INFO: vbln_usulan: 202505
2025-06-25 12:45:43.185 - INFO: Jumlah data dikembalikan: 24
2025-06-25 12:45:43.969 - INFO: Jumlah data dikembalikan: 24
2025-06-25 12:45:54.284 - INFO: vbln_usulan: 202505
2025-06-25 12:45:55.563 - INFO: vbln_usulan: 202505
2025-06-25 12:45:59.853 - INFO: Jumlah data dikembalikan: 24
2025-06-25 12:46:01.826 - INFO: Jumlah data dikembalikan: 24
2025-06-25 12:46:19.251 - INFO: vbln_usulan: 202505
2025-06-25 12:46:20.645 - INFO: vbln_usulan: 202505
2025-06-25 12:46:24.923 - INFO: Jumlah data dikembalikan: 24
2025-06-25 12:46:26.973 - INFO: Jumlah data dikembalikan: 24
2025-06-25 12:47:07.370 - INFO: vbln_usulan: 202505
2025-06-25 12:47:09.613 - INFO: vbln_usulan: 202505
2025-06-25 12:47:13.805 - INFO: Jumlah data dikembalikan: 24
2025-06-25 12:47:15.342 - INFO: Jumlah data dikembalikan: 24
2025-06-25 12:47:32.465 - INFO: vbln_usulan: 202505
2025-06-25 12:47:37.903 - INFO: Jumlah data dikembalikan: 24
2025-06-25 12:48:10.215 - INFO: vbln_usulan: 202505
2025-06-25 12:48:11.443 - INFO: vbln_usulan: 202505
2025-06-25 12:48:16.401 - INFO: Jumlah data dikembalikan: 24
2025-06-25 12:48:17.076 - INFO: Jumlah data dikembalikan: 24
2025-06-25 12:48:33.174 - INFO: vbln_usulan: 202505
2025-06-25 12:48:34.331 - INFO: vbln_usulan: 202505
2025-06-25 12:48:38.649 - INFO: Jumlah data dikembalikan: 24
2025-06-25 12:48:40.254 - INFO: Jumlah data dikembalikan: 24
2025-06-25 12:48:49.902 - INFO: vbln_usulan: 202505
2025-06-25 12:48:52.405 - INFO: vbln_usulan: 202505
2025-06-25 12:48:55.523 - INFO: Jumlah data dikembalikan: 24
2025-06-25 12:48:58.599 - INFO: Jumlah data dikembalikan: 24
2025-06-25 12:49:21.129 - INFO: vbln_usulan: 202505
2025-06-25 12:49:22.555 - INFO: vbln_usulan: 202505
2025-06-25 12:49:26.829 - INFO: Jumlah data dikembalikan: 24
2025-06-25 12:49:28.844 - INFO: Jumlah data dikembalikan: 24
2025-06-25 12:49:46.518 - INFO: vbln_usulan: 202505
2025-06-25 12:49:47.592 - INFO: vbln_usulan: 202505
2025-06-25 12:49:52.823 - INFO: Jumlah data dikembalikan: 24
2025-06-25 12:49:53.215 - INFO: Jumlah data dikembalikan: 24
2025-06-25 12:50:37.630 - INFO: vbln_usulan: 202505
2025-06-25 12:50:38.705 - INFO: vbln_usulan: 202505
2025-06-25 12:50:43.925 - INFO: Jumlah data dikembalikan: 24
2025-06-25 12:50:44.942 - INFO: Jumlah data dikembalikan: 24
2025-06-25 12:51:58.438 - INFO: vbln_usulan: 202505
2025-06-25 12:51:59.613 - INFO: vbln_usulan: 202505
2025-06-25 12:52:04.132 - INFO: Jumlah data dikembalikan: 24
2025-06-25 12:52:05.975 - INFO: Jumlah data dikembalikan: 24
2025-06-25 12:53:25.198 - INFO: vbln_usulan: 202505
2025-06-25 12:53:26.745 - INFO: vbln_usulan: 202505
2025-06-25 12:53:31.566 - INFO: Jumlah data dikembalikan: 24
2025-06-25 12:53:33.233 - INFO: Jumlah data dikembalikan: 24
2025-06-25 12:53:51.139 - INFO: vbln_usulan: 202505
2025-06-25 12:53:53.074 - INFO: vbln_usulan: 202505
2025-06-25 12:53:57.424 - INFO: Jumlah data dikembalikan: 24
2025-06-25 12:53:59.331 - INFO: Jumlah data dikembalikan: 24
2025-06-25 12:54:24.590 - INFO: vbln_usulan: 202505
2025-06-25 12:54:26.355 - INFO: vbln_usulan: 202505
2025-06-25 12:54:30.896 - INFO: Jumlah data dikembalikan: 24
2025-06-25 12:54:32.641 - INFO: Jumlah data dikembalikan: 24
2025-06-25 12:58:24.405 - INFO: vbln_usulan: 202505
2025-06-25 12:58:25.569 - INFO: vbln_usulan: 202505
2025-06-25 12:58:30.060 - INFO: Jumlah data dikembalikan: 24
2025-06-25 12:58:31.805 - INFO: Jumlah data dikembalikan: 24
2025-06-25 13:12:09.857 - INFO: vbln_usulan: 202505
2025-06-25 13:12:11.294 - INFO: vbln_usulan: 202505
2025-06-25 13:12:45.999 - INFO: Jumlah data dikembalikan: 24
2025-06-25 13:12:47.637 - INFO: Jumlah data dikembalikan: 24
2025-06-25 13:28:54.812 - INFO: vbln_usulan: 202505
2025-06-25 13:28:57.468 - INFO: vbln_usulan: 202505
2025-06-25 13:29:31.515 - INFO: Jumlah data dikembalikan: 24
2025-06-25 13:29:33.159 - INFO: Jumlah data dikembalikan: 24
2025-06-25 13:40:13.808 - INFO: vbln_usulan: 202505
2025-06-25 13:40:15.466 - INFO: vbln_usulan: 202505
2025-06-25 13:40:16.305 - INFO: vbln_usulan: 202505
2025-06-25 13:40:50.101 - INFO: Jumlah data dikembalikan: 24
2025-06-25 13:40:51.760 - INFO: Jumlah data dikembalikan: 24
2025-06-25 13:40:51.982 - INFO: Jumlah data dikembalikan: 24
2025-06-25 13:41:12.818 - INFO: vbln_usulan: 202505
2025-06-25 13:41:18.233 - INFO: Jumlah data dikembalikan: 24
2025-06-25 13:48:27.486 - INFO: vbln_usulan: 202505
2025-06-25 13:48:28.614 - INFO: vbln_usulan: 202505
2025-06-25 13:48:31.636 - INFO: vbln_usulan: 202505
2025-06-25 13:48:32.995 - INFO: Jumlah data dikembalikan: 24
2025-06-25 13:48:34.008 - INFO: Jumlah data dikembalikan: 24
2025-06-25 13:48:37.908 - INFO: Jumlah data dikembalikan: 24
2025-06-25 13:48:52.866 - INFO: vbln_usulan: 202505
2025-06-25 13:48:53.762 - INFO: vbln_usulan: 202505
2025-06-25 13:48:54.468 - INFO: vbln_usulan: 202505
2025-06-25 13:48:59.249 - INFO: Jumlah data dikembalikan: 24
2025-06-25 13:48:59.553 - INFO: Jumlah data dikembalikan: 24
2025-06-25 13:49:00.029 - INFO: Jumlah data dikembalikan: 24
2025-06-25 13:49:11.646 - INFO: vbln_usulan: 202505
2025-06-25 13:49:17.089 - INFO: Jumlah data dikembalikan: 24
2025-06-25 13:50:03.206 - INFO: vbln_usulan: 202505
2025-06-25 13:50:08.598 - INFO: Jumlah data dikembalikan: 24
2025-06-25 13:52:35.766 - INFO: vbln_usulan: 202505
2025-06-25 13:53:12.097 - INFO: Jumlah data dikembalikan: 24
2025-06-25 13:55:54.173 - INFO: vbln_usulan: 202505
2025-06-25 13:56:00.399 - INFO: Jumlah data dikembalikan: 24
2025-06-25 13:56:02.396 - INFO: vbln_usulan: 202505
2025-06-25 13:56:08.622 - INFO: Jumlah data dikembalikan: 24
2025-06-25 13:57:05.908 - INFO: vbln_usulan: 202505
2025-06-25 13:57:11.447 - INFO: Jumlah data dikembalikan: 24
2025-06-25 13:57:33.722 - INFO: vbln_usulan: 202505
2025-06-25 13:57:39.217 - INFO: Jumlah data dikembalikan: 24
2025-06-25 13:57:41.514 - INFO: vbln_usulan: 202505
2025-06-25 13:58:28.746 - INFO: vbln_usulan: 202505
2025-06-25 13:59:04.783 - INFO: Jumlah data dikembalikan: 24
2025-06-25 14:07:10.495 - INFO: vbln_usulan: 202505
2025-06-25 14:07:16.128 - INFO: Jumlah data dikembalikan: 24
2025-06-25 14:07:58.951 - INFO: vbln_usulan: 202505
2025-06-25 14:08:04.354 - INFO: Jumlah data dikembalikan: 24
2025-06-25 14:08:16.211 - INFO: vbln_usulan: 202505
2025-06-25 14:08:21.613 - INFO: Jumlah data dikembalikan: 24
2025-06-25 14:09:32.264 - INFO: vbln_usulan: 202505
2025-06-25 14:09:37.613 - INFO: Jumlah data dikembalikan: 24
2025-06-25 14:16:15.084 - INFO: vbln_usulan: 202505
2025-06-25 14:16:20.445 - INFO: Jumlah data dikembalikan: 24
2025-06-25 14:23:15.921 - INFO: vbln_usulan: 202505
2025-06-25 14:23:21.339 - INFO: Jumlah data dikembalikan: 24
2025-06-25 14:24:38.940 - INFO: vbln_usulan: 202505
2025-06-25 14:24:44.434 - INFO: Jumlah data dikembalikan: 24
2025-06-25 14:29:08.519 - INFO: vbln_usulan: 202505
2025-06-25 14:29:14.783 - INFO: Jumlah data dikembalikan: 24
2025-06-25 14:30:40.463 - INFO: vbln_usulan: 202505
2025-06-25 14:30:46.038 - INFO: Jumlah data dikembalikan: 24
2025-06-25 14:42:20.765 - INFO: vbln_usulan: 202505
2025-06-25 14:42:57.464 - INFO: Jumlah data dikembalikan: 24
2025-06-25 14:45:44.584 - INFO: vbln_usulan: 202505
2025-06-25 14:45:50.050 - INFO: Jumlah data dikembalikan: 24
2025-06-25 14:51:04.953 - INFO: vbln_usulan: 202505
2025-06-25 14:51:41.863 - INFO: Jumlah data dikembalikan: 24
2025-06-25 14:52:04.244 - INFO: vbln_usulan: 202505
2025-06-25 14:52:10.555 - INFO: Jumlah data dikembalikan: 24
2025-06-25 14:55:59.242 - INFO: vbln_usulan: 202505
2025-06-25 14:56:04.733 - INFO: Jumlah data dikembalikan: 24
2025-06-25 14:57:40.759 - INFO: vbln_usulan: 202505
2025-06-25 14:57:47.054 - INFO: Jumlah data dikembalikan: 24
2025-06-25 14:59:56.849 - INFO: vbln_usulan: 202505
2025-06-25 15:00:02.381 - INFO: Jumlah data dikembalikan: 24
2025-06-25 15:00:08.359 - INFO: vbln_usulan: 202505
2025-06-25 15:00:13.859 - INFO: Jumlah data dikembalikan: 24
2025-06-25 15:00:14.247 - INFO: vbln_usulan: 202505
2025-06-25 15:02:22.453 - INFO: vbln_usulan: 202505
2025-06-25 15:02:25.404 - INFO: vbln_usulan: 202505
2025-06-25 15:02:32.699 - INFO: vbln_usulan: 202505
2025-06-25 15:02:59.555 - INFO: Jumlah data dikembalikan: 24
2025-06-25 15:03:01.324 - INFO: Jumlah data dikembalikan: 24
2025-06-25 15:03:08.668 - INFO: Jumlah data dikembalikan: 24
2025-06-25 15:57:03.908 - INFO: vbln_usulan: 202505
2025-06-25 15:57:40.797 - INFO: Jumlah data dikembalikan: 24
2025-06-25 15:57:49.838 - INFO: draw = 1
2025-06-25 15:57:49.839 - INFO: start = 0
2025-06-25 15:57:49.839 - INFO: length = 10
2025-06-25 15:57:49.840 - INFO: sortBy = TOTAL_COUNT
2025-06-25 15:57:49.840 - INFO: sortDir = asc
2025-06-25 15:57:49.841 - INFO: searchValue = 
2025-06-25 15:57:49.841 - INFO: vbln_usulan = 202505
2025-06-25 15:57:49.842 - INFO: vkd_bank = 200
2025-06-25 15:57:49.842 - INFO: vkd_dist = 11
2025-06-25 16:00:07.040 - INFO: vbln_usulan: 202505
2025-06-25 16:00:13.244 - INFO: Jumlah data dikembalikan: 24
2025-06-25 16:00:17.255 - INFO: draw = 1
2025-06-25 16:00:17.255 - INFO: start = 0
2025-06-25 16:00:17.257 - INFO: length = 10
2025-06-25 16:00:17.257 - INFO: sortBy = TOTAL_COUNT
2025-06-25 16:00:17.258 - INFO: sortDir = asc
2025-06-25 16:00:17.258 - INFO: searchValue = 
2025-06-25 16:00:17.259 - INFO: vbln_usulan = 202505
2025-06-25 16:00:17.259 - INFO: vkd_bank = 200
2025-06-25 16:00:17.259 - INFO: vkd_dist = 11
2025-06-25 16:08:02.157 - INFO: vbln_usulan: 202505
2025-06-25 16:08:08.397 - INFO: Jumlah data dikembalikan: 24
2025-06-25 16:08:10.106 - INFO: draw = 1
2025-06-25 16:08:10.106 - INFO: start = 0
2025-06-25 16:08:10.106 - INFO: length = 10
2025-06-25 16:08:10.106 - INFO: sortBy = TOTAL_COUNT
2025-06-25 16:08:10.106 - INFO: sortDir = asc
2025-06-25 16:08:10.106 - INFO: searchValue = 
2025-06-25 16:08:10.106 - INFO: vbln_usulan = 202505
2025-06-25 16:08:10.106 - INFO: vkd_bank = 200
2025-06-25 16:08:10.109 - INFO: vkd_dist = 11
2025-06-25 16:10:07.297 - INFO: vbln_usulan: 202505
2025-06-25 16:10:44.425 - INFO: Jumlah data dikembalikan: 24
2025-06-25 16:10:47.688 - INFO: draw = 1
2025-06-25 16:10:47.689 - INFO: start = 0
2025-06-25 16:10:47.690 - INFO: length = 10
2025-06-25 16:10:47.691 - INFO: sortBy = null
2025-06-25 16:10:47.696 - INFO: sortDir = null
2025-06-25 16:10:47.696 - INFO: searchValue = 
2025-06-25 16:10:47.696 - INFO: vbln_usulan = 202505
2025-06-25 16:10:47.696 - INFO: vkd_bank = 200
2025-06-25 16:10:47.696 - INFO: vkd_dist = 11
2025-06-25 16:20:39.040 - INFO: vbln_usulan: 202505
2025-06-25 16:20:42.437 - INFO: vbln_usulan: 202505
2025-06-25 16:21:15.962 - INFO: Jumlah data dikembalikan: 24
2025-06-25 16:21:18.653 - INFO: Jumlah data dikembalikan: 24
2025-06-25 16:21:25.404 - INFO: draw = 1
2025-06-25 16:21:25.407 - INFO: start = 0
2025-06-25 16:21:25.408 - INFO: length = 10
2025-06-25 16:21:25.408 - INFO: sortBy = TOTAL_COUNT
2025-06-25 16:21:25.409 - INFO: sortDir = asc
2025-06-25 16:21:25.409 - INFO: searchValue = 
2025-06-25 16:21:25.411 - INFO: vbln_usulan = 202505
2025-06-25 16:21:25.411 - INFO: vkd_bank = 200
2025-06-25 16:21:25.411 - INFO: vkd_dist = 11
2025-06-25 16:23:34.561 - INFO: vbln_usulan: 202505
2025-06-25 16:24:12.292 - INFO: Jumlah data dikembalikan: 24
2025-06-25 16:24:43.924 - INFO: draw = 1
2025-06-25 16:24:43.928 - INFO: start = 0
2025-06-25 16:24:43.928 - INFO: length = 10
2025-06-25 16:24:43.928 - INFO: sortBy = TOTAL_COUNT
2025-06-25 16:24:43.928 - INFO: sortDir = asc
2025-06-25 16:24:43.928 - INFO: searchValue = 
2025-06-25 16:24:43.928 - INFO: vbln_usulan = 202505
2025-06-25 16:24:43.936 - INFO: vkd_bank = 200
2025-06-25 16:24:43.937 - INFO: vkd_dist = 11
