2025-07-02 14:27:17.387 - INFO: vbln_usulan: 202505
2025-07-02 14:27:54.089 - INFO: Jumlah data dikembalikan: 24
2025-07-02 14:28:00.332 - INFO: draw = 1
2025-07-02 14:28:00.334 - INFO: offset (startIndex) = 0
2025-07-02 14:28:00.336 - INFO: limit (length) = 10
2025-07-02 14:28:00.337 - INFO: sortBy = KD_DIST ASC
2025-07-02 14:28:00.337 - INFO: searchValue = 
2025-07-02 14:28:00.337 - INFO: vbln_usulan = 202505
2025-07-02 14:28:00.338 - INFO: vkd_bank = 200
2025-07-02 14:28:00.338 - INFO: vkd_dist = 14
2025-07-02 14:28:07.287 - INFO: draw = 2
2025-07-02 14:28:07.288 - INFO: offset (startIndex) = 11520
2025-07-02 14:28:07.288 - INFO: limit (length) = 10
2025-07-02 14:28:07.288 - INFO: sortBy = KD_DIST ASC
2025-07-02 14:28:07.289 - INFO: searchValue = 
2025-07-02 14:28:07.289 - INFO: vbln_usulan = 202505
2025-07-02 14:28:07.289 - INFO: vkd_bank = 200
2025-07-02 14:28:07.290 - INFO: vkd_dist = 14
2025-07-02 14:28:13.859 - INFO: draw = 3
2025-07-02 14:28:13.859 - INFO: offset (startIndex) = 11510
2025-07-02 14:28:13.859 - INFO: limit (length) = 10
2025-07-02 14:28:13.860 - INFO: sortBy = KD_DIST ASC
2025-07-02 14:28:13.860 - INFO: searchValue = 
2025-07-02 14:28:13.860 - INFO: vbln_usulan = 202505
2025-07-02 14:28:13.861 - INFO: vkd_bank = 200
2025-07-02 14:28:13.861 - INFO: vkd_dist = 14
2025-07-02 14:28:24.998 - INFO: draw = 4
2025-07-02 14:28:24.999 - INFO: offset (startIndex) = 0
2025-07-02 14:28:24.999 - INFO: limit (length) = 10
2025-07-02 14:28:24.999 - INFO: sortBy = KD_DIST ASC
2025-07-02 14:28:25.000 - INFO: searchValue = 
2025-07-02 14:28:25.000 - INFO: vbln_usulan = 202505
2025-07-02 14:28:25.000 - INFO: vkd_bank = 200
2025-07-02 14:28:25.000 - INFO: vkd_dist = 14
2025-07-02 14:31:23.428 - INFO: vbln_usulan: 202506
2025-07-02 14:31:33.447 - INFO: Jumlah data dikembalikan: 24
2025-07-02 14:31:49.941 - INFO: vbln_usulan: 202507
2025-07-02 14:31:53.987 - INFO: Jumlah data dikembalikan: 2
2025-07-02 14:32:28.762 - INFO: draw = 1
2025-07-02 14:32:28.763 - INFO: offset (startIndex) = 0
2025-07-02 14:32:28.763 - INFO: limit (length) = 10
2025-07-02 14:32:28.763 - INFO: sortBy = KD_DIST ASC
2025-07-02 14:32:28.763 - INFO: searchValue = 
2025-07-02 14:32:28.763 - INFO: vbln_usulan = 202507
2025-07-02 14:32:28.764 - INFO: vkd_bank = 200
2025-07-02 14:32:28.764 - INFO: vkd_dist = 22
2025-07-02 14:37:14.238 - INFO: vbln_usulan: 202505
2025-07-02 14:37:50.551 - INFO: Jumlah data dikembalikan: 24
2025-07-02 14:41:36.910 - INFO: vbln_usulan: 202505
2025-07-02 14:41:43.070 - INFO: Jumlah data dikembalikan: 24
2025-07-02 14:42:38.108 - INFO: vbln_usulan: 202505
2025-07-02 14:42:44.371 - INFO: Jumlah data dikembalikan: 24
2025-07-02 14:45:00.587 - INFO: vbln_usulan: 202505
2025-07-02 14:45:06.765 - INFO: Jumlah data dikembalikan: 24
2025-07-02 14:46:04.134 - INFO: vbln_usulan: 202505
2025-07-02 14:46:09.638 - INFO: Jumlah data dikembalikan: 24
2025-07-02 14:46:33.828 - INFO: vbln_usulan: 202505
2025-07-02 14:46:39.215 - INFO: Jumlah data dikembalikan: 24
2025-07-02 14:48:03.900 - INFO: vbln_usulan: 202505
2025-07-02 14:48:09.281 - INFO: Jumlah data dikembalikan: 24
2025-07-02 14:49:53.899 - INFO: vbln_usulan: 202505
2025-07-02 14:49:59.276 - INFO: Jumlah data dikembalikan: 24
2025-07-02 14:51:08.172 - INFO: vbln_usulan: 202505
2025-07-02 14:51:13.619 - INFO: Jumlah data dikembalikan: 24
2025-07-02 14:51:23.525 - INFO: vbln_usulan: 202507
2025-07-02 14:51:27.020 - INFO: Jumlah data dikembalikan: 2
2025-07-02 14:51:31.990 - INFO: vbln_usulan: 202506
2025-07-02 14:51:38.786 - INFO: Jumlah data dikembalikan: 24
2025-07-02 14:53:47.551 - INFO: vbln_usulan: 202505
2025-07-02 14:53:53.806 - INFO: Jumlah data dikembalikan: 24
2025-07-02 14:54:16.420 - INFO: vbln_usulan: 202505
2025-07-02 14:54:21.993 - INFO: Jumlah data dikembalikan: 24
2025-07-02 14:55:08.978 - INFO: vbln_usulan: 202505
2025-07-02 14:55:14.416 - INFO: Jumlah data dikembalikan: 24
2025-07-02 14:56:27.440 - INFO: vbln_usulan: 202505
2025-07-02 14:56:33.669 - INFO: Jumlah data dikembalikan: 24
2025-07-02 14:56:56.453 - INFO: vbln_usulan: 202505
2025-07-02 14:59:04.928 - INFO: vbln_usulan: 202505
2025-07-02 14:59:42.043 - INFO: Jumlah data dikembalikan: 24
2025-07-02 15:04:26.391 - INFO: vbln_usulan: 
2025-07-02 15:04:30.410 - INFO: Jumlah data dikembalikan: 1
2025-07-02 15:04:48.862 - INFO: vbln_usulan: 
2025-07-02 15:04:52.424 - INFO: Jumlah data dikembalikan: 1
2025-07-02 15:08:57.484 - INFO: vbln_usulan: 
2025-07-02 15:09:01.434 - INFO: Jumlah data dikembalikan: 1
2025-07-02 15:44:20.798 - INFO: vbln_usulan: 202508
2025-07-02 15:44:24.432 - INFO: Jumlah data dikembalikan: 1
2025-07-02 15:46:36.122 - INFO: vbln_usulan: 
2025-07-02 15:46:39.572 - INFO: Jumlah data dikembalikan: 1
2025-07-02 15:47:01.165 - INFO: vbln_usulan: 
2025-07-02 15:47:05.333 - INFO: Jumlah data dikembalikan: 1
2025-07-02 15:50:11.612 - INFO: vbln_usulan: 202507
2025-07-02 15:50:15.178 - INFO: Jumlah data dikembalikan: 2
2025-07-02 15:51:06.279 - INFO: vbln_usulan: 202506
2025-07-02 15:51:12.183 - INFO: Jumlah data dikembalikan: 24
2025-07-02 15:51:22.338 - INFO: vbln_usulan: 202507
2025-07-02 15:51:25.857 - INFO: Jumlah data dikembalikan: 2
2025-07-02 15:51:34.768 - INFO: vbln_usulan: 202506
2025-07-02 15:51:40.701 - INFO: Jumlah data dikembalikan: 24
2025-07-02 15:52:45.846 - INFO: draw = 1
2025-07-02 15:52:45.848 - INFO: offset (startIndex) = 0
2025-07-02 15:52:45.851 - INFO: limit (length) = 10
2025-07-02 15:52:45.851 - INFO: sortBy = KD_DIST ASC
2025-07-02 15:52:45.851 - INFO: searchValue = 
2025-07-02 15:52:45.851 - INFO: vbln_usulan = 202506
2025-07-02 15:52:45.851 - INFO: vkd_bank = 200
2025-07-02 15:52:45.851 - INFO: vkd_dist = 52
2025-07-02 15:56:33.969 - INFO: draw = 1
2025-07-02 15:56:33.969 - INFO: offset (startIndex) = 0
2025-07-02 15:56:33.971 - INFO: limit (length) = 10
2025-07-02 15:56:33.971 - INFO: sortBy = KD_DIST ASC
2025-07-02 15:56:33.972 - INFO: searchValue = 
2025-07-02 15:56:33.972 - INFO: vbln_usulan = 202506
2025-07-02 15:56:33.972 - INFO: vkd_bank = 200
2025-07-02 15:56:33.972 - INFO: vkd_dist = 11
2025-07-02 15:59:07.864 - INFO: draw = 1
2025-07-02 15:59:07.864 - INFO: offset (startIndex) = 0
2025-07-02 15:59:07.864 - INFO: limit (length) = 10
2025-07-02 15:59:07.864 - INFO: sortBy = KD_DIST ASC
2025-07-02 15:59:07.864 - INFO: searchValue = 
2025-07-02 15:59:07.864 - INFO: vbln_usulan = 202506
2025-07-02 15:59:07.867 - INFO: vkd_bank = 200
2025-07-02 15:59:07.867 - INFO: vkd_dist = 31
2025-07-02 15:59:17.513 - INFO: draw = 1
2025-07-02 15:59:17.513 - INFO: offset (startIndex) = 0
2025-07-02 15:59:17.513 - INFO: limit (length) = 10
2025-07-02 15:59:17.513 - INFO: sortBy = KD_DIST ASC
2025-07-02 15:59:17.513 - INFO: searchValue = 
2025-07-02 15:59:17.519 - INFO: vbln_usulan = 202506
2025-07-02 15:59:17.519 - INFO: vkd_bank = 200
2025-07-02 15:59:17.519 - INFO: vkd_dist = 31
2025-07-02 15:59:22.259 - INFO: vbln_usulan: 202507
2025-07-02 15:59:25.772 - INFO: Jumlah data dikembalikan: 3
2025-07-02 15:59:41.241 - INFO: vbln_usulan: 202506
2025-07-02 15:59:47.274 - INFO: Jumlah data dikembalikan: 24
2025-07-02 15:59:55.733 - INFO: draw = 1
2025-07-02 15:59:55.734 - INFO: offset (startIndex) = 0
2025-07-02 15:59:55.734 - INFO: limit (length) = 10
2025-07-02 15:59:55.735 - INFO: sortBy = KD_DIST ASC
2025-07-02 15:59:55.736 - INFO: searchValue = 
2025-07-02 15:59:55.736 - INFO: vbln_usulan = 202506
2025-07-02 15:59:55.737 - INFO: vkd_bank = 200
2025-07-02 15:59:55.737 - INFO: vkd_dist = 32
2025-07-02 16:00:04.163 - INFO: draw = 1
2025-07-02 16:00:04.165 - INFO: offset (startIndex) = 0
2025-07-02 16:00:04.165 - INFO: limit (length) = 10
2025-07-02 16:00:04.165 - INFO: sortBy = KD_DIST ASC
2025-07-02 16:00:04.166 - INFO: searchValue = 
2025-07-02 16:00:04.166 - INFO: vbln_usulan = 202506
2025-07-02 16:00:04.166 - INFO: vkd_bank = 200
2025-07-02 16:00:04.166 - INFO: vkd_dist = 31
2025-07-02 16:00:15.448 - INFO: draw = 2
2025-07-02 16:00:15.449 - INFO: offset (startIndex) = 3590
2025-07-02 16:00:15.449 - INFO: limit (length) = 10
2025-07-02 16:00:15.449 - INFO: sortBy = KD_DIST ASC
2025-07-02 16:00:15.449 - INFO: searchValue = 
2025-07-02 16:00:15.449 - INFO: vbln_usulan = 202506
2025-07-02 16:00:15.451 - INFO: vkd_bank = 200
2025-07-02 16:00:15.451 - INFO: vkd_dist = 31
2025-07-02 16:26:28.258 - INFO: vbln_usulan: 202507
2025-07-02 16:26:44.218 - INFO: Jumlah data dikembalikan: 3
