2025-07-04 06:16:13.174 - INFO: vbln_usulan: July 2025
2025-07-04 06:16:43.735 - INFO: Jumlah data dikembalikan: 0
2025-07-04 06:21:11.758 - INFO: vbln_usulan: July 2025
2025-07-04 06:21:11.833 - INFO: Jumlah data dikembalikan: 0
2025-07-04 06:21:14.193 - INFO: vbln_usulan: July 2025
2025-07-04 06:21:14.249 - INFO: Jumlah data dikembalikan: 0
2025-07-04 06:22:22.293 - INFO: vbln_usulan: July 2025
2025-07-04 06:22:22.361 - INFO: Jumlah data dikembalikan: 0
2025-07-04 06:22:35.659 - INFO: vbln_usulan: July 2025
2025-07-04 06:22:35.706 - INFO: Jumlah data dikembalikan: 0
2025-07-04 06:23:40.944 - INFO: vbln_usulan: July 2025
2025-07-04 06:23:41.019 - INFO: Jumlah data dikembalikan: 0
2025-07-04 06:23:49.001 - INFO: vbln_usulan: July 2025
2025-07-04 06:23:49.064 - INFO: Jumlah data dikembalikan: 0
2025-07-04 06:23:50.817 - INFO: vbln_usulan: July 2025
2025-07-04 06:23:50.875 - INFO: Jumlah data dikembalikan: 0
2025-07-04 06:24:04.392 - INFO: vbln_usulan: July 2025
2025-07-04 06:24:04.446 - INFO: Jumlah data dikembalikan: 0
2025-07-04 06:24:16.127 - INFO: vbln_usulan: June 2025
2025-07-04 06:24:16.195 - INFO: Jumlah data dikembalikan: 0
2025-07-04 06:24:49.080 - INFO: vbln_usulan: July 2025
2025-07-04 06:25:19.799 - INFO: Jumlah data dikembalikan: 0
2025-07-04 06:27:52.682 - INFO: vbln_usulan: July 202501
2025-07-04 06:27:52.735 - INFO: Jumlah data dikembalikan: 0
2025-07-04 06:27:55.484 - INFO: vbln_usulan: July 202501
2025-07-04 06:27:55.537 - INFO: Jumlah data dikembalikan: 0
2025-07-04 06:29:19.162 - INFO: vbln_usulan: January 2001
2025-07-04 06:29:19.211 - INFO: Jumlah data dikembalikan: 0
2025-07-04 06:29:48.471 - INFO: vbln_usulan: July 202501
2025-07-04 06:29:48.531 - INFO: Jumlah data dikembalikan: 0
2025-07-04 06:33:35.824 - INFO: vbln_usulan: July 2025
2025-07-04 06:33:35.889 - INFO: Jumlah data dikembalikan: 0
2025-07-04 06:33:37.417 - INFO: vbln_usulan: July 2025
2025-07-04 06:33:37.467 - INFO: Jumlah data dikembalikan: 0
2025-07-04 06:44:31.622 - INFO: vbln_usulan: July 2025
2025-07-04 06:45:02.274 - INFO: Jumlah data dikembalikan: 0
2025-07-04 06:49:43.106 - INFO: vbln_usulan: 
2025-07-04 06:49:58.634 - INFO: Jumlah data dikembalikan: 1
2025-07-04 06:51:05.968 - INFO: vbln_usulan: 
2025-07-04 06:51:09.427 - INFO: Jumlah data dikembalikan: 1
2025-07-04 06:52:53.795 - INFO: vbln_usulan: 
2025-07-04 06:52:57.831 - INFO: Jumlah data dikembalikan: 1
2025-07-04 06:54:37.310 - INFO: vbln_usulan: 
2025-07-04 06:54:40.904 - INFO: Jumlah data dikembalikan: 1
2025-07-04 06:59:10.891 - INFO: vbln_usulan: July 2025
2025-07-04 07:00:33.619 - INFO: vbln_usulan: July 2025
2025-07-04 07:01:04.179 - INFO: Jumlah data dikembalikan: 0
2025-07-04 07:02:45.151 - INFO: vbln_usulan: 202507
2025-07-04 07:02:48.829 - INFO: Jumlah data dikembalikan: 5
2025-07-04 07:04:38.130 - INFO: draw = 1
2025-07-04 07:04:38.139 - INFO: offset (startIndex) = 0
2025-07-04 07:04:38.140 - INFO: limit (length) = 10
2025-07-04 07:04:38.141 - INFO: sortBy = KD_DIST ASC
2025-07-04 07:04:38.142 - INFO: searchValue = 
2025-07-04 07:04:38.142 - INFO: vbln_usulan = 202507
2025-07-04 07:04:38.143 - INFO: vkd_bank = 200
2025-07-04 07:04:38.144 - INFO: vkd_dist = 31
2025-07-04 07:07:00.867 - INFO: draw = 1
2025-07-04 07:07:00.867 - INFO: offset (startIndex) = 0
2025-07-04 07:07:00.870 - INFO: limit (length) = 10
2025-07-04 07:07:00.870 - INFO: sortBy = KD_DIST ASC
2025-07-04 07:07:00.874 - INFO: searchValue = 
2025-07-04 07:07:00.874 - INFO: vbln_usulan = 202507
2025-07-04 07:07:00.874 - INFO: vkd_bank = 111
2025-07-04 07:07:00.874 - INFO: vkd_dist = 54
2025-07-04 07:08:04.846 - INFO: vbln_usulan: 202506
2025-07-04 07:08:16.658 - INFO: Jumlah data dikembalikan: 24
2025-07-04 07:08:51.275 - INFO: vbln_usulan: 202505
2025-07-04 07:09:00.308 - INFO: Jumlah data dikembalikan: 24
2025-07-04 07:09:15.699 - INFO: vbln_usulan: 202504
2025-07-04 07:09:22.572 - INFO: Jumlah data dikembalikan: 23
2025-07-04 07:10:07.645 - INFO: vbln_usulan: 202506
2025-07-04 07:10:14.486 - INFO: Jumlah data dikembalikan: 24
2025-07-04 07:10:33.007 - INFO: vbln_usulan: 202505
2025-07-04 07:10:39.328 - INFO: Jumlah data dikembalikan: 24
2025-07-04 07:10:46.538 - INFO: vbln_usulan: 202504
2025-07-04 07:10:51.767 - INFO: Jumlah data dikembalikan: 23
2025-07-04 07:10:57.551 - INFO: vbln_usulan: 202503
2025-07-04 07:11:06.100 - INFO: Jumlah data dikembalikan: 24
2025-07-04 07:12:31.695 - INFO: vbln_usulan: 202507
2025-07-04 07:12:35.392 - INFO: Jumlah data dikembalikan: 5
2025-07-04 07:12:57.862 - INFO: vbln_usulan: 202506
2025-07-04 07:13:04.710 - INFO: Jumlah data dikembalikan: 24
2025-07-04 07:17:01.383 - INFO: vbln_usulan: 202507
2025-07-04 07:17:05.048 - INFO: Jumlah data dikembalikan: 5
2025-07-04 07:17:09.554 - INFO: vbln_usulan: 202507
2025-07-04 07:17:13.029 - INFO: Jumlah data dikembalikan: 5
2025-07-04 07:18:10.591 - INFO: vbln_usulan: 202507
2025-07-04 07:18:14.108 - INFO: Jumlah data dikembalikan: 5
2025-07-04 07:18:18.952 - INFO: vbln_usulan: 202507
2025-07-04 07:18:22.451 - INFO: Jumlah data dikembalikan: 5
2025-07-04 07:19:07.503 - INFO: vbln_usulan: 202507
2025-07-04 07:19:10.989 - INFO: Jumlah data dikembalikan: 5
2025-07-04 07:19:12.712 - INFO: vbln_usulan: 202507
2025-07-04 07:19:16.788 - INFO: Jumlah data dikembalikan: 5
2025-07-04 07:19:43.321 - INFO: vbln_usulan: 202507
2025-07-04 07:19:47.371 - INFO: Jumlah data dikembalikan: 5
2025-07-04 07:19:57.763 - INFO: vbln_usulan: 202507
2025-07-04 07:20:01.889 - INFO: Jumlah data dikembalikan: 5
2025-07-04 07:20:07.640 - INFO: vbln_usulan: 202507
2025-07-04 07:20:11.237 - INFO: Jumlah data dikembalikan: 5
2025-07-04 07:20:27.842 - INFO: vbln_usulan: 202507
2025-07-04 07:20:31.928 - INFO: Jumlah data dikembalikan: 5
2025-07-04 07:20:34.612 - INFO: vbln_usulan: 202507
2025-07-04 07:20:38.241 - INFO: Jumlah data dikembalikan: 5
2025-07-04 07:22:23.564 - INFO: vbln_usulan: 202507
2025-07-04 07:22:27.713 - INFO: Jumlah data dikembalikan: 5
2025-07-04 07:22:39.909 - INFO: vbln_usulan: 202507
2025-07-04 07:22:43.994 - INFO: Jumlah data dikembalikan: 5
2025-07-04 07:22:53.408 - INFO: draw = 1
2025-07-04 07:22:53.408 - INFO: offset (startIndex) = 0
2025-07-04 07:22:53.409 - INFO: limit (length) = 10
2025-07-04 07:22:53.409 - INFO: sortBy = KD_DIST ASC
2025-07-04 07:22:53.410 - INFO: searchValue = 
2025-07-04 07:22:53.410 - INFO: vbln_usulan = 202507
2025-07-04 07:22:53.411 - INFO: vkd_bank = 200
2025-07-04 07:22:53.411 - INFO: vkd_dist = 43
2025-07-04 07:23:09.688 - INFO: draw = 2
2025-07-04 07:23:09.689 - INFO: offset (startIndex) = 0
2025-07-04 07:23:09.690 - INFO: limit (length) = 1000
2025-07-04 07:23:09.690 - INFO: sortBy = KD_DIST ASC
2025-07-04 07:23:09.690 - INFO: searchValue = 
2025-07-04 07:23:09.690 - INFO: vbln_usulan = 202507
2025-07-04 07:23:09.690 - INFO: vkd_bank = 200
2025-07-04 07:23:09.690 - INFO: vkd_dist = 43
2025-07-04 07:25:15.897 - INFO: draw = 1
2025-07-04 07:25:15.897 - INFO: offset (startIndex) = 0
2025-07-04 07:25:15.897 - INFO: limit (length) = 10
2025-07-04 07:25:15.897 - INFO: sortBy = KD_DIST ASC
2025-07-04 07:25:15.897 - INFO: searchValue = 
2025-07-04 07:25:15.897 - INFO: vbln_usulan = 202507
2025-07-04 07:25:15.897 - INFO: vkd_bank = 111
2025-07-04 07:25:15.897 - INFO: vkd_dist = 54
2025-07-04 07:28:47.127 - INFO: vbln_usulan: 202507
2025-07-04 07:28:51.129 - INFO: Jumlah data dikembalikan: 5
2025-07-04 07:33:42.849 - INFO: vbln_usulan: 202507
2025-07-04 07:33:46.805 - INFO: Jumlah data dikembalikan: 5
2025-07-04 07:34:38.078 - INFO: vbln_usulan: 202507
2025-07-04 07:34:42.178 - INFO: Jumlah data dikembalikan: 5
2025-07-04 07:37:48.047 - INFO: vbln_usulan: 202507
2025-07-04 07:37:51.597 - INFO: Jumlah data dikembalikan: 5
2025-07-04 07:42:04.524 - INFO: vbln_usulan: 202507
2025-07-04 07:42:08.057 - INFO: Jumlah data dikembalikan: 5
2025-07-04 07:43:19.702 - INFO: vbln_usulan: 202507
2025-07-04 07:43:23.193 - INFO: Jumlah data dikembalikan: 5
2025-07-04 07:44:28.286 - INFO: vbln_usulan: 202507
2025-07-04 07:44:31.742 - INFO: Jumlah data dikembalikan: 5
2025-07-04 07:45:11.484 - INFO: vbln_usulan: 202507
2025-07-04 07:45:15.506 - INFO: Jumlah data dikembalikan: 5
2025-07-04 07:46:17.057 - INFO: vbln_usulan: 202507
2025-07-04 07:46:21.052 - INFO: Jumlah data dikembalikan: 5
2025-07-04 07:47:09.888 - INFO: vbln_usulan: 202507
2025-07-04 07:47:13.443 - INFO: Jumlah data dikembalikan: 5
2025-07-04 07:48:02.164 - INFO: vbln_usulan: 202507
2025-07-04 07:48:05.838 - INFO: Jumlah data dikembalikan: 5
2025-07-04 07:48:21.250 - INFO: vbln_usulan: 202507
2025-07-04 07:48:25.288 - INFO: Jumlah data dikembalikan: 5
2025-07-04 07:49:14.559 - INFO: vbln_usulan: 202507
2025-07-04 07:49:18.129 - INFO: Jumlah data dikembalikan: 5
2025-07-04 07:50:18.419 - INFO: vbln_usulan: 202507
2025-07-04 07:50:22.431 - INFO: Jumlah data dikembalikan: 5
2025-07-04 07:50:27.629 - INFO: vbln_usulan: 202507
2025-07-04 07:50:31.731 - INFO: Jumlah data dikembalikan: 5
2025-07-04 07:50:49.300 - INFO: vbln_usulan: 202506
2025-07-04 07:50:56.113 - INFO: Jumlah data dikembalikan: 24
2025-07-04 07:53:28.981 - INFO: vbln_usulan: 202507
2025-07-04 07:53:32.507 - INFO: Jumlah data dikembalikan: 5
2025-07-04 07:53:46.317 - INFO: vbln_usulan: 202507
2025-07-04 07:53:46.462 - INFO: vbln_usulan: 202507
2025-07-04 07:53:50.365 - INFO: Jumlah data dikembalikan: 5
2025-07-04 07:53:50.491 - INFO: Jumlah data dikembalikan: 5
2025-07-04 07:56:38.407 - INFO: vbln_usulan: 202507
2025-07-04 07:56:42.349 - INFO: Jumlah data dikembalikan: 5
2025-07-04 07:57:19.451 - INFO: vbln_usulan: 202507
2025-07-04 07:57:23.046 - INFO: Jumlah data dikembalikan: 5
2025-07-04 07:57:42.056 - INFO: vbln_usulan: 202506
2025-07-04 07:57:48.867 - INFO: Jumlah data dikembalikan: 24
2025-07-04 09:06:04.865 - INFO: draw = 1
2025-07-04 09:06:04.865 - INFO: offset (startIndex) = 0
2025-07-04 09:06:04.865 - INFO: limit (length) = 10
2025-07-04 09:06:04.865 - INFO: sortBy = KD_DIST ASC
2025-07-04 09:06:04.865 - INFO: searchValue = 
2025-07-04 09:06:04.865 - INFO: vbln_usulan = 202506
2025-07-04 09:06:04.865 - INFO: vkd_bank = 111
2025-07-04 09:06:04.865 - INFO: vkd_dist = 00
2025-07-04 09:06:12.049 - INFO: draw = 1
2025-07-04 09:06:12.050 - INFO: offset (startIndex) = 0
2025-07-04 09:06:12.050 - INFO: limit (length) = 10
2025-07-04 09:06:12.050 - INFO: sortBy = KD_DIST ASC
2025-07-04 09:06:12.050 - INFO: searchValue = 
2025-07-04 09:06:12.050 - INFO: vbln_usulan = 202506
2025-07-04 09:06:12.050 - INFO: vkd_bank = 111
2025-07-04 09:06:12.050 - INFO: vkd_dist = 00
2025-07-04 09:07:08.058 - INFO: vbln_usulan: 202507
2025-07-04 09:07:11.654 - INFO: Jumlah data dikembalikan: 5
2025-07-04 09:18:35.749 - INFO: vbln_usulan: 202507
2025-07-04 09:18:39.796 - INFO: Jumlah data dikembalikan: 5
2025-07-04 09:21:08.138 - INFO: vbln_usulan: 202507
2025-07-04 09:21:11.699 - INFO: Jumlah data dikembalikan: 5
2025-07-04 09:23:32.989 - INFO: vbln_usulan: 202507
2025-07-04 09:24:07.389 - INFO: Jumlah data dikembalikan: 5
2025-07-04 09:24:35.470 - INFO: vbln_usulan: 202507
2025-07-04 09:24:39.107 - INFO: Jumlah data dikembalikan: 5
2025-07-04 09:24:44.700 - INFO: vbln_usulan: 202507
2025-07-04 09:24:48.222 - INFO: Jumlah data dikembalikan: 5
2025-07-04 09:26:19.832 - INFO: vbln_usulan: 202507
2025-07-04 09:26:23.358 - INFO: Jumlah data dikembalikan: 5
2025-07-04 09:27:38.451 - INFO: vbln_usulan: 202507
2025-07-04 09:28:12.753 - INFO: Jumlah data dikembalikan: 5
2025-07-04 10:11:02.965 - INFO: vbln_usulan: 202507
2025-07-04 10:11:37.766 - INFO: Jumlah data dikembalikan: 5
2025-07-04 10:15:21.433 - INFO: vbln_usulan: 202507
2025-07-04 10:15:25.586 - INFO: Jumlah data dikembalikan: 5
2025-07-04 10:18:26.240 - INFO: vbln_usulan: 202507
2025-07-04 10:18:30.265 - INFO: Jumlah data dikembalikan: 5
2025-07-04 10:20:21.037 - INFO: vbln_usulan: 202507
2025-07-04 10:20:25.172 - INFO: Jumlah data dikembalikan: 5
2025-07-04 10:27:58.516 - INFO: vbln_usulan: 202507
2025-07-04 10:28:02.134 - INFO: Jumlah data dikembalikan: 5
2025-07-04 10:28:57.905 - INFO: vbln_usulan: 202507
2025-07-04 10:29:01.420 - INFO: Jumlah data dikembalikan: 5
2025-07-04 10:29:11.076 - INFO: vbln_usulan: 202507
2025-07-04 10:29:14.610 - INFO: Jumlah data dikembalikan: 5
2025-07-04 10:34:48.489 - INFO: vbln_usulan: 202507
2025-07-04 10:35:22.848 - INFO: Jumlah data dikembalikan: 5
2025-07-04 10:38:06.092 - INFO: vbln_usulan: NaNNaN
2025-07-04 10:38:06.172 - INFO: Jumlah data dikembalikan: 0
2025-07-04 10:38:12.887 - INFO: vbln_usulan: 20250501
2025-07-04 10:38:16.950 - INFO: Jumlah data dikembalikan: 1
2025-07-04 10:39:14.755 - INFO: vbln_usulan: 202507
2025-07-04 10:39:18.757 - INFO: Jumlah data dikembalikan: 5
2025-07-04 12:37:58.099 - INFO: vbln_usulan: 202507
2025-07-04 12:38:01.686 - INFO: Jumlah data dikembalikan: 5
2025-07-04 12:39:19.005 - INFO: vbln_usulan: 202507
2025-07-04 12:39:23.052 - INFO: Jumlah data dikembalikan: 5
2025-07-04 12:40:30.272 - INFO: vbln_usulan: 202506
2025-07-04 12:40:36.396 - INFO: Jumlah data dikembalikan: 24
2025-07-04 13:43:57.042 - INFO: vbln_usulan: 202507
2025-07-04 13:44:31.271 - INFO: Jumlah data dikembalikan: 6
2025-07-04 13:44:43.802 - INFO: draw = 1
2025-07-04 13:44:43.802 - INFO: offset (startIndex) = 0
2025-07-04 13:44:43.805 - INFO: limit (length) = 10
2025-07-04 13:44:43.805 - INFO: sortBy = KD_DIST ASC
2025-07-04 13:44:43.805 - INFO: searchValue = 
2025-07-04 13:44:43.805 - INFO: vbln_usulan = 202507
2025-07-04 13:44:43.805 - INFO: vkd_bank = 200
2025-07-04 13:44:43.808 - INFO: vkd_dist = 53
