2025-06-10 13:38:30.447 - INFO: DEBUG: act = handleGetsumberdata
2025-06-10 13:38:30.447 - INFO: DEBUG: act = null
2025-06-10 13:38:30.447 - INFO: DEBUG: act = handleGetJenisLaporan
2025-06-10 13:38:30.466 - INFO: vkd_sumberdata: 
2025-06-10 13:38:30.466 - INFO: vtahun: 2025
2025-06-10 13:39:13.893 - INFO: DEBUG: act = handleGetJenisLaporan
2025-06-10 13:39:13.893 - INFO: DEBUG: act = handleGetsumberdata
2025-06-10 13:39:13.909 - INFO: DEBUG: act = null
2025-06-10 13:39:13.909 - INFO: vkd_sumberdata: 
2025-06-10 13:39:13.909 - INFO: vtahun: 2025
2025-06-10 13:39:40.401 - INFO: DEBUG: act = handleGetsumberdata
2025-06-10 13:39:40.401 - INFO: DEBUG: act = handleGetJenisLaporan
2025-06-10 13:39:40.417 - INFO: DEBUG: act = null
2025-06-10 13:39:40.417 - INFO: vkd_sumberdata: 
2025-06-10 13:39:40.417 - INFO: vtahun: 2025
2025-06-10 13:40:50.924 - INFO: DEBUG: act = null
2025-06-10 13:40:50.924 - INFO: vkd_sumberdata: SEMUA
2025-06-10 13:40:50.924 - INFO: vtahun: 2025
2025-06-10 13:40:53.247 - INFO: DEBUG: act = null
2025-06-10 13:40:53.247 - INFO: vkd_sumberdata: DAPIL
2025-06-10 13:40:53.247 - INFO: vtahun: 2025
2025-06-10 13:41:30.327 - INFO: DEBUG: act = handleGetJenisLaporan
2025-06-10 13:41:30.327 - INFO: DEBUG: act = handleGetsumberdata
2025-06-10 13:41:30.348 - INFO: DEBUG: act = null
2025-06-10 13:41:30.348 - INFO: vkd_sumberdata: 
2025-06-10 13:41:30.348 - INFO: vtahun: 2025
2025-06-10 13:41:40.368 - INFO: DEBUG: act = handleGetsumberdata
2025-06-10 13:41:40.368 - INFO: DEBUG: act = handleGetJenisLaporan
2025-06-10 13:41:40.400 - INFO: DEBUG: act = null
2025-06-10 13:41:40.400 - INFO: vkd_sumberdata: 
2025-06-10 13:41:40.400 - INFO: vtahun: 2025
2025-06-10 13:42:15.612 - INFO: DEBUG: act = handleGetJenisLaporan
2025-06-10 13:42:15.613 - INFO: DEBUG: act = handleGetsumberdata
2025-06-10 13:42:15.630 - INFO: DEBUG: act = null
2025-06-10 13:42:15.631 - INFO: vkd_sumberdata: 
2025-06-10 13:42:15.631 - INFO: vtahun: 2025
2025-06-10 13:45:40.164 - INFO: DEBUG: act = handleGetJenisLaporan
2025-06-10 13:45:40.164 - INFO: DEBUG: act = null
2025-06-10 13:45:40.164 - INFO: DEBUG: act = handleGetsumberdata
2025-06-10 13:45:40.180 - INFO: vkd_sumberdata: 
2025-06-10 13:45:40.180 - INFO: vtahun: 2025
2025-06-10 13:51:23.984 - INFO: DEBUG: act = handleGetJenisLaporan
2025-06-10 13:51:23.986 - INFO: DEBUG: act = null
2025-06-10 13:51:23.984 - INFO: DEBUG: act = handleGetsumberdata
2025-06-10 13:51:23.990 - INFO: vkd_sumberdata: 
2025-06-10 13:51:23.990 - INFO: vtahun: 2025
2025-06-10 13:54:05.366 - INFO: DEBUG: act = handleGetJenisLaporan
2025-06-10 13:54:05.368 - INFO: DEBUG: act = null
2025-06-10 13:54:05.366 - INFO: DEBUG: act = handleGetsumberdata
2025-06-10 13:54:05.373 - INFO: vkd_sumberdata: 
2025-06-10 13:54:05.373 - INFO: vtahun: 2025
