2025-07-07 10:41:49.335 - INFO: vbln_usulan: 202507
2025-07-07 10:41:55.361 - INFO: Jumlah data dikembalikan: 7
2025-07-07 10:41:58.760 - INFO: draw = 1
2025-07-07 10:41:58.762 - INFO: offset (startIndex) = 0
2025-07-07 10:41:58.763 - INFO: limit (length) = 10
2025-07-07 10:41:58.763 - INFO: sortBy = KD_DIST ASC
2025-07-07 10:41:58.763 - INFO: searchValue = 
2025-07-07 10:41:58.763 - INFO: vbln_usulan = 202507
2025-07-07 10:41:58.763 - INFO: vkd_bank = 200
2025-07-07 10:41:58.764 - INFO: vkd_dist = 22
2025-07-07 13:37:10.960 - INFO: vbln_usulan: 202507
2025-07-07 13:37:45.747 - INFO: Jumlah data dikembalikan: 8
2025-07-07 13:44:15.271 - INFO: vbln_usulan: 202507
2025-07-07 13:44:19.333 - INFO: Jumlah data dikembalikan: 8
2025-07-07 13:44:23.075 - INFO: draw = 1
2025-07-07 13:44:23.075 - INFO: offset (startIndex) = 0
2025-07-07 13:44:23.076 - INFO: limit (length) = 10
2025-07-07 13:44:23.077 - INFO: sortBy = KD_DIST ASC
2025-07-07 13:44:23.077 - INFO: searchValue = 
2025-07-07 13:44:23.077 - INFO: vbln_usulan = 202507
2025-07-07 13:44:23.078 - INFO: vkd_bank = 200
2025-07-07 13:44:23.078 - INFO: vkd_dist = 14
2025-07-07 14:03:14.865 - INFO: vbln_usulan: 202507
2025-07-07 14:03:49.971 - INFO: Jumlah data dikembalikan: 8
2025-07-07 14:03:54.638 - INFO: vbln_usulan: 202506
2025-07-07 14:04:00.798 - INFO: Jumlah data dikembalikan: 24
2025-07-07 14:04:03.593 - INFO: draw = 1
2025-07-07 14:04:03.594 - INFO: offset (startIndex) = 0
2025-07-07 14:04:03.594 - INFO: limit (length) = 10
2025-07-07 14:04:03.594 - INFO: sortBy = KD_DIST ASC
2025-07-07 14:04:03.594 - INFO: searchValue = 
2025-07-07 14:04:03.594 - INFO: vbln_usulan = 202506
2025-07-07 14:04:03.594 - INFO: vkd_bank = 200
2025-07-07 14:04:03.594 - INFO: vkd_dist = 52
2025-07-07 14:19:41.754 - INFO: vbln_usulan: 202507
2025-07-07 14:20:17.970 - INFO: Jumlah data dikembalikan: 8
2025-07-07 14:20:24.926 - INFO: vbln_usulan: 202506
2025-07-07 14:20:31.757 - INFO: Jumlah data dikembalikan: 24
2025-07-07 14:20:35.173 - INFO: draw = 1
2025-07-07 14:20:35.173 - INFO: offset (startIndex) = 0
2025-07-07 14:20:35.173 - INFO: limit (length) = 10
2025-07-07 14:20:35.175 - INFO: sortBy = KD_DIST ASC
2025-07-07 14:20:35.175 - INFO: searchValue = 
2025-07-07 14:20:35.175 - INFO: vbln_usulan = 202506
2025-07-07 14:20:35.175 - INFO: vkd_bank = 200
2025-07-07 14:20:35.177 - INFO: vkd_dist = 52
2025-07-07 14:20:40.343 - INFO: vbln_usulan: 202506
2025-07-07 14:20:46.407 - INFO: Jumlah data dikembalikan: 24
2025-07-07 14:20:56.679 - INFO: vbln_usulan: 202506
2025-07-07 14:21:03.443 - INFO: Jumlah data dikembalikan: 24
2025-07-07 14:26:14.127 - INFO: vbln_usulan: 202507
2025-07-07 14:26:50.831 - INFO: Jumlah data dikembalikan: 8
2025-07-07 14:26:54.875 - INFO: vbln_usulan: 202506
2025-07-07 14:27:01.453 - INFO: Jumlah data dikembalikan: 24
2025-07-07 14:27:06.640 - INFO: draw = 1
2025-07-07 14:27:06.640 - INFO: offset (startIndex) = 0
2025-07-07 14:27:06.640 - INFO: limit (length) = 10
2025-07-07 14:27:06.640 - INFO: sortBy = KD_DIST ASC
2025-07-07 14:27:06.640 - INFO: searchValue = 
2025-07-07 14:27:06.640 - INFO: vbln_usulan = 202506
2025-07-07 14:27:06.640 - INFO: vkd_bank = 200
2025-07-07 14:27:06.640 - INFO: vkd_dist = 52
2025-07-07 14:27:11.483 - INFO: vbln_usulan: 202506
2025-07-07 14:27:18.252 - INFO: Jumlah data dikembalikan: 24
2025-07-07 14:29:24.599 - INFO: vbln_usulan: 202507
2025-07-07 14:30:00.670 - INFO: Jumlah data dikembalikan: 8
2025-07-07 14:30:50.511 - INFO: vbln_usulan: 202506
2025-07-07 14:30:56.471 - INFO: Jumlah data dikembalikan: 24
2025-07-07 14:30:59.041 - INFO: draw = 1
2025-07-07 14:30:59.043 - INFO: offset (startIndex) = 0
2025-07-07 14:30:59.046 - INFO: limit (length) = 10
2025-07-07 14:30:59.046 - INFO: sortBy = KD_DIST ASC
2025-07-07 14:30:59.049 - INFO: searchValue = 
2025-07-07 14:30:59.049 - INFO: vbln_usulan = 202506
2025-07-07 14:30:59.049 - INFO: vkd_bank = 200
2025-07-07 14:30:59.049 - INFO: vkd_dist = 52
2025-07-07 14:31:03.070 - INFO: vbln_usulan: 202506
2025-07-07 14:31:08.844 - INFO: Jumlah data dikembalikan: 24
2025-07-07 14:31:08.853 - INFO: vbln_usulan: 202506
2025-07-07 14:31:14.656 - INFO: Jumlah data dikembalikan: 24
2025-07-07 14:31:50.269 - INFO: vbln_usulan: 202506
2025-07-07 14:31:56.201 - INFO: Jumlah data dikembalikan: 24
2025-07-07 14:50:54.983 - INFO: vbln_usulan: 202507
2025-07-07 14:50:58.922 - INFO: vbln_usulan: 202506
2025-07-07 14:51:31.014 - INFO: Jumlah data dikembalikan: 8
2025-07-07 14:51:35.753 - INFO: Jumlah data dikembalikan: 24
2025-07-07 14:51:41.966 - INFO: draw = 1
2025-07-07 14:51:41.966 - INFO: offset (startIndex) = 0
2025-07-07 14:51:41.966 - INFO: limit (length) = 10
2025-07-07 14:51:41.966 - INFO: sortBy = KD_DIST ASC
2025-07-07 14:51:41.966 - INFO: searchValue = 
2025-07-07 14:51:41.966 - INFO: vbln_usulan = 202506
2025-07-07 14:51:41.966 - INFO: vkd_bank = 200
2025-07-07 14:51:41.966 - INFO: vkd_dist = 52
2025-07-07 14:51:46.150 - INFO: vbln_usulan: 202506
2025-07-07 14:51:52.082 - INFO: Jumlah data dikembalikan: 24
2025-07-07 14:51:52.082 - INFO: vbln_usulan: 202506
2025-07-07 14:51:58.014 - INFO: Jumlah data dikembalikan: 24
2025-07-07 14:55:12.919 - INFO: vbln_usulan: 202507
2025-07-07 14:55:49.501 - INFO: Jumlah data dikembalikan: 8
2025-07-07 14:55:54.220 - INFO: vbln_usulan: 202506
2025-07-07 14:56:00.983 - INFO: Jumlah data dikembalikan: 24
2025-07-07 14:56:11.614 - INFO: draw = 1
2025-07-07 14:56:11.616 - INFO: offset (startIndex) = 0
2025-07-07 14:56:11.616 - INFO: limit (length) = 10
2025-07-07 14:56:11.616 - INFO: sortBy = KD_DIST ASC
2025-07-07 14:56:11.617 - INFO: searchValue = 
2025-07-07 14:56:11.617 - INFO: vbln_usulan = 202506
2025-07-07 14:56:11.617 - INFO: vkd_bank = 200
2025-07-07 14:56:11.617 - INFO: vkd_dist = 52
2025-07-07 14:56:16.349 - INFO: vbln_usulan: 202506
2025-07-07 14:56:22.316 - INFO: Jumlah data dikembalikan: 24
2025-07-07 14:56:22.317 - INFO: vbln_usulan: 202506
2025-07-07 14:56:28.160 - INFO: Jumlah data dikembalikan: 24
2025-07-07 14:57:22.061 - INFO: vbln_usulan: 202507
2025-07-07 14:57:25.648 - INFO: Jumlah data dikembalikan: 8
2025-07-07 15:05:08.035 - INFO: vbln_usulan: 202507
2025-07-07 15:05:44.276 - INFO: Jumlah data dikembalikan: 8
2025-07-07 15:05:55.857 - INFO: vbln_usulan: 202506
2025-07-07 15:06:01.800 - INFO: Jumlah data dikembalikan: 24
2025-07-07 15:06:05.015 - INFO: draw = 1
2025-07-07 15:06:05.016 - INFO: offset (startIndex) = 0
2025-07-07 15:06:05.019 - INFO: limit (length) = 10
2025-07-07 15:06:05.020 - INFO: sortBy = KD_DIST ASC
2025-07-07 15:06:05.020 - INFO: searchValue = 
2025-07-07 15:06:05.020 - INFO: vbln_usulan = 202506
2025-07-07 15:06:05.020 - INFO: vkd_bank = 200
2025-07-07 15:06:05.020 - INFO: vkd_dist = 52
2025-07-07 15:06:10.064 - INFO: vbln_usulan: 202506
2025-07-07 15:06:16.823 - INFO: Jumlah data dikembalikan: 24
2025-07-07 15:55:06.004 - INFO: vbln_usulan: 202507
2025-07-07 15:55:42.205 - INFO: Jumlah data dikembalikan: 8
2025-07-07 15:55:49.430 - INFO: vbln_usulan: 202506
2025-07-07 15:55:56.174 - INFO: Jumlah data dikembalikan: 24
2025-07-07 15:56:01.104 - INFO: draw = 1
2025-07-07 15:56:01.104 - INFO: offset (startIndex) = 0
2025-07-07 15:56:01.104 - INFO: limit (length) = 10
2025-07-07 15:56:01.104 - INFO: sortBy = KD_DIST ASC
2025-07-07 15:56:01.104 - INFO: searchValue = 
2025-07-07 15:56:01.104 - INFO: vbln_usulan = 202506
2025-07-07 15:56:01.107 - INFO: vkd_bank = 200
2025-07-07 15:56:01.107 - INFO: vkd_dist = 52
2025-07-07 15:56:07.250 - INFO: vbln_usulan: 202506
2025-07-07 15:56:14.051 - INFO: Jumlah data dikembalikan: 24
2025-07-07 15:57:23.815 - INFO: vbln_usulan: 202507
2025-07-07 15:57:27.905 - INFO: Jumlah data dikembalikan: 8
2025-07-07 15:57:30.412 - INFO: vbln_usulan: 202506
2025-07-07 15:57:36.319 - INFO: Jumlah data dikembalikan: 24
2025-07-07 15:57:39.183 - INFO: draw = 1
2025-07-07 15:57:39.183 - INFO: offset (startIndex) = 0
2025-07-07 15:57:39.184 - INFO: limit (length) = 10
2025-07-07 15:57:39.187 - INFO: sortBy = KD_DIST ASC
2025-07-07 15:57:39.187 - INFO: searchValue = 
2025-07-07 15:57:39.187 - INFO: vbln_usulan = 202506
2025-07-07 15:57:39.187 - INFO: vkd_bank = 200
2025-07-07 15:57:39.187 - INFO: vkd_dist = 52
2025-07-07 15:57:44.952 - INFO: vbln_usulan: 202506
2025-07-07 15:57:51.254 - INFO: Jumlah data dikembalikan: 24
2025-07-07 15:59:26.108 - INFO: vbln_usulan: 202507
2025-07-07 16:00:02.027 - INFO: Jumlah data dikembalikan: 8
2025-07-07 16:00:05.027 - INFO: draw = 1
2025-07-07 16:00:05.030 - INFO: offset (startIndex) = 0
2025-07-07 16:00:05.030 - INFO: limit (length) = 10
2025-07-07 16:00:05.030 - INFO: sortBy = KD_DIST ASC
2025-07-07 16:00:05.030 - INFO: searchValue = 
2025-07-07 16:00:05.030 - INFO: vbln_usulan = 202507
2025-07-07 16:00:05.030 - INFO: vkd_bank = 200
2025-07-07 16:00:05.030 - INFO: vkd_dist = 43
2025-07-07 16:00:09.599 - INFO: vbln_usulan: 202507
2025-07-07 16:00:13.645 - INFO: Jumlah data dikembalikan: 8
2025-07-07 16:04:00.675 - INFO: vbln_usulan: 202507
2025-07-07 16:04:36.659 - INFO: Jumlah data dikembalikan: 8
2025-07-07 16:04:40.899 - INFO: draw = 1
2025-07-07 16:04:40.899 - INFO: offset (startIndex) = 0
2025-07-07 16:04:40.899 - INFO: limit (length) = 10
2025-07-07 16:04:40.899 - INFO: sortBy = KD_DIST ASC
2025-07-07 16:04:40.899 - INFO: searchValue = 
2025-07-07 16:04:40.899 - INFO: vbln_usulan = 202507
2025-07-07 16:04:40.899 - INFO: vkd_bank = 200
2025-07-07 16:04:40.899 - INFO: vkd_dist = 43
2025-07-07 16:09:21.766 - INFO: vbln_usulan: 202507
2025-07-07 16:09:25.383 - INFO: Jumlah data dikembalikan: 8
2025-07-07 16:11:33.593 - INFO: vbln_usulan: 202507
2025-07-07 16:11:37.095 - INFO: Jumlah data dikembalikan: 8
2025-07-07 16:11:58.835 - INFO: vbln_usulan: 202507
2025-07-07 16:12:02.433 - INFO: Jumlah data dikembalikan: 8
2025-07-07 16:12:17.281 - INFO: draw = 1
2025-07-07 16:12:17.281 - INFO: offset (startIndex) = 0
2025-07-07 16:12:17.282 - INFO: limit (length) = 10
2025-07-07 16:12:17.282 - INFO: sortBy = KD_DIST ASC
2025-07-07 16:12:17.284 - INFO: searchValue = 
2025-07-07 16:12:17.284 - INFO: vbln_usulan = 202507
2025-07-07 16:12:17.285 - INFO: vkd_bank = 200
2025-07-07 16:12:17.285 - INFO: vkd_dist = 22
2025-07-07 16:15:21.642 - INFO: vbln_usulan: 202507
2025-07-07 16:15:58.239 - INFO: Jumlah data dikembalikan: 8
2025-07-07 16:19:43.455 - INFO: vbln_usulan: 202507
2025-07-07 16:19:46.969 - INFO: Jumlah data dikembalikan: 8
2025-07-07 16:21:45.255 - INFO: vbln_usulan: 202507
2025-07-07 16:21:49.685 - INFO: Jumlah data dikembalikan: 8
2025-07-07 16:21:52.686 - INFO: draw = 1
2025-07-07 16:21:52.687 - INFO: offset (startIndex) = 0
2025-07-07 16:21:52.687 - INFO: limit (length) = 10
2025-07-07 16:21:52.687 - INFO: sortBy = KD_DIST ASC
2025-07-07 16:21:52.687 - INFO: searchValue = 
2025-07-07 16:21:52.687 - INFO: vbln_usulan = 202507
2025-07-07 16:21:52.687 - INFO: vkd_bank = 200
2025-07-07 16:21:52.687 - INFO: vkd_dist = 43
2025-07-07 16:23:43.816 - INFO: vbln_usulan: 202507
2025-07-07 16:23:47.860 - INFO: Jumlah data dikembalikan: 8
2025-07-07 16:24:17.493 - INFO: vbln_usulan: 202507
2025-07-07 16:24:21.109 - INFO: Jumlah data dikembalikan: 8
2025-07-07 16:30:45.311 - INFO: vbln_usulan: 202507
2025-07-07 16:30:49.319 - INFO: Jumlah data dikembalikan: 8
2025-07-07 16:30:52.765 - INFO: draw = 1
2025-07-07 16:30:52.765 - INFO: offset (startIndex) = 0
2025-07-07 16:30:52.765 - INFO: limit (length) = 10
2025-07-07 16:30:52.765 - INFO: sortBy = KD_DIST ASC
2025-07-07 16:30:52.765 - INFO: searchValue = 
2025-07-07 16:30:52.765 - INFO: vbln_usulan = 202507
2025-07-07 16:30:52.765 - INFO: vkd_bank = 200
2025-07-07 16:30:52.770 - INFO: vkd_dist = 14
2025-07-07 16:31:25.104 - INFO: vbln_usulan: 202507
2025-07-07 16:31:29.148 - INFO: Jumlah data dikembalikan: 8
2025-07-07 16:31:31.895 - INFO: draw = 1
2025-07-07 16:31:31.895 - INFO: offset (startIndex) = 0
2025-07-07 16:31:31.895 - INFO: limit (length) = 10
2025-07-07 16:31:31.896 - INFO: sortBy = KD_DIST ASC
2025-07-07 16:31:31.896 - INFO: searchValue = 
2025-07-07 16:31:31.896 - INFO: vbln_usulan = 202507
2025-07-07 16:31:31.896 - INFO: vkd_bank = 200
2025-07-07 16:31:31.896 - INFO: vkd_dist = 14
2025-07-07 16:33:08.449 - INFO: vbln_usulan: 202507
2025-07-07 16:33:12.362 - INFO: Jumlah data dikembalikan: 8
2025-07-07 16:33:14.398 - INFO: draw = 1
2025-07-07 16:33:14.398 - INFO: offset (startIndex) = 0
2025-07-07 16:33:14.398 - INFO: limit (length) = 10
2025-07-07 16:33:14.398 - INFO: sortBy = KD_DIST ASC
2025-07-07 16:33:14.398 - INFO: searchValue = 
2025-07-07 16:33:14.398 - INFO: vbln_usulan = 202507
2025-07-07 16:33:14.398 - INFO: vkd_bank = 200
2025-07-07 16:33:14.398 - INFO: vkd_dist = 22
