2025-07-01 07:20:17.384 - INFO: vbln_usulan: 202505
2025-07-01 07:21:02.008 - INFO: Jumlah data dikembalikan: 24
2025-07-01 07:21:37.997 - INFO: vbln_usulan: 202505
2025-07-01 07:21:41.657 - INFO: vbln_usulan: 202505
2025-07-01 07:21:43.628 - INFO: Jumlah data dikembalikan: 24
2025-07-01 07:21:47.065 - INFO: Jumlah data dikembalikan: 24
2025-07-01 07:21:56.778 - INFO: draw = 1
2025-07-01 07:21:56.778 - INFO: start = 1
2025-07-01 07:21:56.778 - INFO: length = 10
2025-07-01 07:21:56.780 - INFO: sortBy = KD_DIST
2025-07-01 07:21:56.780 - INFO: sortDir = asc
2025-07-01 07:21:56.780 - INFO: searchValue = 
2025-07-01 07:21:56.781 - INFO: vbln_usulan = 202505
2025-07-01 07:21:56.782 - INFO: vkd_bank = 111
2025-07-01 07:21:56.782 - INFO: vkd_dist = 00
2025-07-01 07:24:19.800 - INFO: vbln_usulan: 202505
2025-07-01 07:24:56.907 - INFO: Jumlah data dikembalikan: 24
2025-07-01 07:25:14.716 - INFO: draw = 1
2025-07-01 07:25:14.716 - INFO: start = 1
2025-07-01 07:25:14.719 - INFO: length = 10
2025-07-01 07:25:14.720 - INFO: sortBy = KD_DIST
2025-07-01 07:25:14.720 - INFO: sortDir = asc
2025-07-01 07:25:14.721 - INFO: searchValue = 
2025-07-01 07:25:14.722 - INFO: vbln_usulan = 202505
2025-07-01 07:25:14.723 - INFO: vkd_bank = 111
2025-07-01 07:25:14.723 - INFO: vkd_dist = 00
2025-07-01 07:27:23.730 - INFO: vbln_usulan: 202505
2025-07-01 07:28:00.796 - INFO: Jumlah data dikembalikan: 24
2025-07-01 07:28:16.829 - INFO: draw = 1
2025-07-01 07:28:16.836 - INFO: start = 1
2025-07-01 07:28:16.837 - INFO: length = 10
2025-07-01 07:28:16.837 - INFO: sortBy = KD_DIST
2025-07-01 07:28:16.837 - INFO: sortDir = asc
2025-07-01 07:28:16.837 - INFO: searchValue = 
2025-07-01 07:28:16.837 - INFO: vbln_usulan = 202505
2025-07-01 07:28:16.837 - INFO: vkd_bank = 111
2025-07-01 07:28:16.837 - INFO: vkd_dist = 00
2025-07-01 07:31:35.161 - INFO: vbln_usulan: 202505
2025-07-01 07:32:11.184 - INFO: Jumlah data dikembalikan: 24
2025-07-01 07:32:14.934 - INFO: draw = 1
2025-07-01 07:32:14.934 - INFO: start = 1
2025-07-01 07:32:14.934 - INFO: length = 10
2025-07-01 07:32:14.935 - INFO: sortBy = KD_DIST
2025-07-01 07:32:14.936 - INFO: sortDir = asc
2025-07-01 07:32:14.936 - INFO: searchValue = 
2025-07-01 07:32:14.937 - INFO: vbln_usulan = 202505
2025-07-01 07:32:14.938 - INFO: vkd_bank = 111
2025-07-01 07:32:14.938 - INFO: vkd_dist = 00
2025-07-01 07:32:58.845 - INFO: vbln_usulan: 202505
2025-07-01 07:33:35.457 - INFO: Jumlah data dikembalikan: 24
2025-07-01 07:33:39.692 - INFO: draw = 1
2025-07-01 07:33:39.697 - INFO: start = 1
2025-07-01 07:33:39.697 - INFO: length = 10
2025-07-01 07:33:39.697 - INFO: sortBy = KD_DIST
2025-07-01 07:33:39.697 - INFO: sortDir = asc
2025-07-01 07:33:39.697 - INFO: searchValue = 
2025-07-01 07:33:39.697 - INFO: vbln_usulan = 202505
2025-07-01 07:33:39.697 - INFO: vkd_bank = 111
2025-07-01 07:33:39.697 - INFO: vkd_dist = 00
2025-07-01 07:33:52.657 - INFO: draw = 2
2025-07-01 07:33:52.657 - INFO: start = 3
2025-07-01 07:33:52.657 - INFO: length = 10
2025-07-01 07:33:52.657 - INFO: sortBy = KD_DIST
2025-07-01 07:33:52.657 - INFO: sortDir = asc
2025-07-01 07:33:52.657 - INFO: searchValue = 
2025-07-01 07:33:52.657 - INFO: vbln_usulan = 202505
2025-07-01 07:33:52.657 - INFO: vkd_bank = 111
2025-07-01 07:33:52.657 - INFO: vkd_dist = 00
2025-07-01 07:33:58.384 - INFO: draw = 3
2025-07-01 07:33:58.387 - INFO: start = 2725
2025-07-01 07:33:58.387 - INFO: length = 10
2025-07-01 07:33:58.389 - INFO: sortBy = KD_DIST
2025-07-01 07:33:58.389 - INFO: sortDir = asc
2025-07-01 07:33:58.390 - INFO: searchValue = 
2025-07-01 07:33:58.390 - INFO: vbln_usulan = 202505
2025-07-01 07:33:58.390 - INFO: vkd_bank = 111
2025-07-01 07:33:58.390 - INFO: vkd_dist = 00
2025-07-01 07:34:13.490 - INFO: draw = 4
2025-07-01 07:34:13.490 - INFO: start = 2724
2025-07-01 07:34:13.491 - INFO: length = 10
2025-07-01 07:34:13.491 - INFO: sortBy = KD_DIST
2025-07-01 07:34:13.492 - INFO: sortDir = asc
2025-07-01 07:34:13.492 - INFO: searchValue = 
2025-07-01 07:34:13.492 - INFO: vbln_usulan = 202505
2025-07-01 07:34:13.492 - INFO: vkd_bank = 111
2025-07-01 07:34:13.492 - INFO: vkd_dist = 00
2025-07-01 07:34:21.389 - INFO: draw = 5
2025-07-01 07:34:21.390 - INFO: start = 1
2025-07-01 07:34:21.390 - INFO: length = 10
2025-07-01 07:34:21.390 - INFO: sortBy = KD_DIST
2025-07-01 07:34:21.390 - INFO: sortDir = asc
2025-07-01 07:34:21.390 - INFO: searchValue = 
2025-07-01 07:34:21.390 - INFO: vbln_usulan = 202505
2025-07-01 07:34:21.390 - INFO: vkd_bank = 111
2025-07-01 07:34:21.390 - INFO: vkd_dist = 00
2025-07-01 07:38:07.522 - INFO: vbln_usulan: 202505
2025-07-01 07:38:13.041 - INFO: Jumlah data dikembalikan: 24
2025-07-01 07:38:15.204 - INFO: draw = 1
2025-07-01 07:38:15.206 - INFO: start = 1
2025-07-01 07:38:15.206 - INFO: length = 10
2025-07-01 07:38:15.207 - INFO: sortBy = KD_DIST
2025-07-01 07:38:15.208 - INFO: sortDir = asc
2025-07-01 07:38:15.208 - INFO: searchValue = 
2025-07-01 07:38:15.208 - INFO: vbln_usulan = 202505
2025-07-01 07:38:15.208 - INFO: vkd_bank = 111
2025-07-01 07:38:15.209 - INFO: vkd_dist = 00
2025-07-01 07:38:50.064 - INFO: vbln_usulan: 202505
2025-07-01 07:38:56.426 - INFO: Jumlah data dikembalikan: 24
2025-07-01 07:39:05.777 - INFO: draw = 1
2025-07-01 07:39:05.778 - INFO: start = 1
2025-07-01 07:39:05.779 - INFO: length = 10
2025-07-01 07:39:05.779 - INFO: sortBy = KD_DIST
2025-07-01 07:39:05.779 - INFO: sortDir = asc
2025-07-01 07:39:05.779 - INFO: searchValue = 
2025-07-01 07:39:05.781 - INFO: vbln_usulan = 202505
2025-07-01 07:39:05.781 - INFO: vkd_bank = 111
2025-07-01 07:39:05.781 - INFO: vkd_dist = 00
2025-07-01 07:39:34.356 - INFO: draw = 2
2025-07-01 07:39:34.356 - INFO: start = 1
2025-07-01 07:39:34.356 - INFO: length = 10
2025-07-01 07:39:34.356 - INFO: sortBy = KD_DIST
2025-07-01 07:39:34.356 - INFO: sortDir = asc
2025-07-01 07:39:34.356 - INFO: searchValue = 421200099567
2025-07-01 07:39:34.356 - INFO: vbln_usulan = 202505
2025-07-01 07:39:34.356 - INFO: vkd_bank = 111
2025-07-01 07:39:34.356 - INFO: vkd_dist = 00
2025-07-01 07:39:49.542 - INFO: draw = 3
2025-07-01 07:39:49.544 - INFO: start = 1
2025-07-01 07:39:49.544 - INFO: length = 10
2025-07-01 07:39:49.544 - INFO: sortBy = KD_DIST
2025-07-01 07:39:49.546 - INFO: sortDir = asc
2025-07-01 07:39:49.546 - INFO: searchValue = 
2025-07-01 07:39:49.546 - INFO: vbln_usulan = 202505
2025-07-01 07:39:49.546 - INFO: vkd_bank = 111
2025-07-01 07:39:49.546 - INFO: vkd_dist = 00
2025-07-01 07:41:54.003 - INFO: vbln_usulan: 202505
2025-07-01 07:42:30.865 - INFO: Jumlah data dikembalikan: 24
2025-07-01 07:42:35.255 - INFO: draw = 1
2025-07-01 07:42:35.260 - INFO: start = 1
2025-07-01 07:42:35.260 - INFO: length = 10
2025-07-01 07:42:35.261 - INFO: sortBy = KD_DIST
2025-07-01 07:42:35.261 - INFO: sortDir = asc
2025-07-01 07:42:35.262 - INFO: searchValue = 
2025-07-01 07:42:35.262 - INFO: vbln_usulan = 202505
2025-07-01 07:42:35.262 - INFO: vkd_bank = 111
2025-07-01 07:42:35.263 - INFO: vkd_dist = 00
2025-07-01 07:47:39.240 - INFO: vbln_usulan: 202505
2025-07-01 07:47:44.814 - INFO: Jumlah data dikembalikan: 24
2025-07-01 07:47:47.272 - INFO: draw = 1
2025-07-01 07:47:47.274 - INFO: start = 1
2025-07-01 07:47:47.274 - INFO: length = 10
2025-07-01 07:47:47.275 - INFO: sortBy = KD_DIST
2025-07-01 07:47:47.276 - INFO: sortDir = asc
2025-07-01 07:47:47.276 - INFO: searchValue = 
2025-07-01 07:47:47.276 - INFO: vbln_usulan = 202505
2025-07-01 07:47:47.276 - INFO: vkd_bank = 111
2025-07-01 07:47:47.276 - INFO: vkd_dist = 00
2025-07-01 07:49:57.679 - INFO: draw = 2
2025-07-01 07:49:57.679 - INFO: start = 5
2025-07-01 07:49:57.679 - INFO: length = 10
2025-07-01 07:49:57.679 - INFO: sortBy = KD_DIST
2025-07-01 07:49:57.679 - INFO: sortDir = asc
2025-07-01 07:49:57.679 - INFO: searchValue = 
2025-07-01 07:49:57.679 - INFO: vbln_usulan = 202505
2025-07-01 07:49:57.684 - INFO: vkd_bank = 111
2025-07-01 07:49:57.684 - INFO: vkd_dist = 00
2025-07-01 07:50:25.919 - INFO: vbln_usulan: 202505
2025-07-01 07:50:31.535 - INFO: Jumlah data dikembalikan: 24
2025-07-01 07:50:33.480 - INFO: draw = 1
2025-07-01 07:50:33.482 - INFO: start = 1
2025-07-01 07:50:33.484 - INFO: length = 10
2025-07-01 07:50:33.484 - INFO: sortBy = KD_DIST
2025-07-01 07:50:33.484 - INFO: sortDir = asc
2025-07-01 07:50:33.484 - INFO: searchValue = 
2025-07-01 07:50:33.484 - INFO: vbln_usulan = 202505
2025-07-01 07:50:33.484 - INFO: vkd_bank = 111
2025-07-01 07:50:33.484 - INFO: vkd_dist = 00
2025-07-01 07:50:43.128 - INFO: draw = 1
2025-07-01 07:50:43.128 - INFO: start = 1
2025-07-01 07:50:43.132 - INFO: length = 10
2025-07-01 07:50:43.132 - INFO: sortBy = KD_DIST
2025-07-01 07:50:43.132 - INFO: sortDir = asc
2025-07-01 07:50:43.132 - INFO: searchValue = 
2025-07-01 07:50:43.132 - INFO: vbln_usulan = 202505
2025-07-01 07:50:43.134 - INFO: vkd_bank = 200
2025-07-01 07:50:43.134 - INFO: vkd_dist = 11
2025-07-01 07:50:54.898 - INFO: draw = 2
2025-07-01 07:50:54.899 - INFO: start = 76
2025-07-01 07:50:54.899 - INFO: length = 10
2025-07-01 07:50:54.901 - INFO: sortBy = KD_DIST
2025-07-01 07:50:54.901 - INFO: sortDir = asc
2025-07-01 07:50:54.902 - INFO: searchValue = 
2025-07-01 07:50:54.902 - INFO: vbln_usulan = 202505
2025-07-01 07:50:54.903 - INFO: vkd_bank = 200
2025-07-01 07:50:54.904 - INFO: vkd_dist = 11
2025-07-01 07:51:13.928 - INFO: draw = 1
2025-07-01 07:51:13.929 - INFO: start = 1
2025-07-01 07:51:13.929 - INFO: length = 10
2025-07-01 07:51:13.930 - INFO: sortBy = KD_DIST
2025-07-01 07:51:13.930 - INFO: sortDir = asc
2025-07-01 07:51:13.930 - INFO: searchValue = 
2025-07-01 07:51:13.930 - INFO: vbln_usulan = 202505
2025-07-01 07:51:13.934 - INFO: vkd_bank = 200
2025-07-01 07:51:13.934 - INFO: vkd_dist = 16
2025-07-01 07:51:51.886 - INFO: draw = 2
2025-07-01 07:51:51.886 - INFO: start = 1
2025-07-01 07:51:51.886 - INFO: length = 10
2025-07-01 07:51:51.886 - INFO: sortBy = BANK_RPTAG
2025-07-01 07:51:51.886 - INFO: sortDir = asc
2025-07-01 07:51:51.886 - INFO: searchValue = 
2025-07-01 07:51:51.886 - INFO: vbln_usulan = 202505
2025-07-01 07:51:51.886 - INFO: vkd_bank = 200
2025-07-01 07:51:51.886 - INFO: vkd_dist = 16
2025-07-01 07:51:53.450 - INFO: draw = 3
2025-07-01 07:51:53.450 - INFO: start = 1
2025-07-01 07:51:53.450 - INFO: length = 10
2025-07-01 07:51:53.450 - INFO: sortBy = BANK_RPTAG
2025-07-01 07:51:53.454 - INFO: sortDir = desc
2025-07-01 07:51:53.454 - INFO: searchValue = 
2025-07-01 07:51:53.454 - INFO: vbln_usulan = 202505
2025-07-01 07:51:53.454 - INFO: vkd_bank = 200
2025-07-01 07:51:53.454 - INFO: vkd_dist = 16
2025-07-01 07:56:17.667 - INFO: draw = 1
2025-07-01 07:56:17.667 - INFO: start = 1
2025-07-01 07:56:17.667 - INFO: length = 10
2025-07-01 07:56:17.667 - INFO: sortBy = KD_DIST
2025-07-01 07:56:17.667 - INFO: sortDir = asc
2025-07-01 07:56:17.667 - INFO: searchValue = 
2025-07-01 07:56:17.667 - INFO: vbln_usulan = 202505
2025-07-01 07:56:17.667 - INFO: vkd_bank = 200
2025-07-01 07:56:17.667 - INFO: vkd_dist = 13
2025-07-01 07:57:34.382 - INFO: vbln_usulan: 202505
2025-07-01 07:57:40.833 - INFO: Jumlah data dikembalikan: 24
2025-07-01 07:58:00.037 - INFO: draw = 1
2025-07-01 07:58:00.037 - INFO: start = 1
2025-07-01 07:58:00.037 - INFO: length = 10
2025-07-01 07:58:00.037 - INFO: sortBy = KD_DIST
2025-07-01 07:58:00.037 - INFO: sortDir = asc
2025-07-01 07:58:00.039 - INFO: searchValue = 
2025-07-01 07:58:00.039 - INFO: vbln_usulan = 202505
2025-07-01 07:58:00.039 - INFO: vkd_bank = 111
2025-07-01 07:58:00.039 - INFO: vkd_dist = 00
2025-07-01 07:59:16.058 - INFO: vbln_usulan: 202505
2025-07-01 07:59:21.636 - INFO: Jumlah data dikembalikan: 24
2025-07-01 07:59:30.565 - INFO: draw = 1
2025-07-01 07:59:30.567 - INFO: start = 1
2025-07-01 07:59:30.567 - INFO: length = 10
2025-07-01 07:59:30.567 - INFO: sortBy = KD_DIST
2025-07-01 07:59:30.568 - INFO: sortDir = asc
2025-07-01 07:59:30.568 - INFO: searchValue = 
2025-07-01 07:59:30.569 - INFO: vbln_usulan = 202505
2025-07-01 07:59:30.569 - INFO: vkd_bank = 111
2025-07-01 07:59:30.570 - INFO: vkd_dist = 00
2025-07-01 08:01:20.752 - INFO: vbln_usulan: 202505
2025-07-01 08:01:27.096 - INFO: Jumlah data dikembalikan: 24
2025-07-01 08:01:29.178 - INFO: draw = 1
2025-07-01 08:01:29.180 - INFO: start = 1
2025-07-01 08:01:29.180 - INFO: length = 10
2025-07-01 08:01:29.180 - INFO: sortBy = KD_DIST
2025-07-01 08:01:29.181 - INFO: sortDir = asc
2025-07-01 08:01:29.181 - INFO: searchValue = 
2025-07-01 08:01:29.182 - INFO: vbln_usulan = 202505
2025-07-01 08:01:29.183 - INFO: vkd_bank = 111
2025-07-01 08:01:29.183 - INFO: vkd_dist = 00
2025-07-01 08:04:14.257 - INFO: vbln_usulan: 202505
2025-07-01 08:04:20.536 - INFO: Jumlah data dikembalikan: 24
2025-07-01 08:04:26.465 - INFO: draw = 1
2025-07-01 08:04:26.465 - INFO: start = 1
2025-07-01 08:04:26.466 - INFO: length = 10
2025-07-01 08:04:26.467 - INFO: sortBy = KD_DIST
2025-07-01 08:04:26.468 - INFO: sortDir = asc
2025-07-01 08:04:26.468 - INFO: searchValue = 
2025-07-01 08:04:26.468 - INFO: vbln_usulan = 202505
2025-07-01 08:04:26.468 - INFO: vkd_bank = 111
2025-07-01 08:04:26.469 - INFO: vkd_dist = 00
2025-07-01 08:06:09.379 - INFO: vbln_usulan: 202505
2025-07-01 08:06:15.398 - INFO: Jumlah data dikembalikan: 24
2025-07-01 08:06:18.282 - INFO: draw = 1
2025-07-01 08:06:18.283 - INFO: start = 1
2025-07-01 08:06:18.283 - INFO: length = 10
2025-07-01 08:06:18.283 - INFO: sortBy = KD_DIST
2025-07-01 08:06:18.283 - INFO: sortDir = asc
2025-07-01 08:06:18.285 - INFO: searchValue = 
2025-07-01 08:06:18.285 - INFO: vbln_usulan = 202505
2025-07-01 08:06:18.286 - INFO: vkd_bank = 111
2025-07-01 08:06:18.286 - INFO: vkd_dist = 00
2025-07-01 08:06:49.349 - INFO: vbln_usulan: 202505
2025-07-01 08:06:55.846 - INFO: Jumlah data dikembalikan: 24
2025-07-01 08:06:59.053 - INFO: draw = 1
2025-07-01 08:06:59.053 - INFO: start = 1
2025-07-01 08:06:59.054 - INFO: length = 10
2025-07-01 08:06:59.054 - INFO: sortBy = KD_DIST
2025-07-01 08:06:59.054 - INFO: sortDir = asc
2025-07-01 08:06:59.054 - INFO: searchValue = 
2025-07-01 08:06:59.055 - INFO: vbln_usulan = 202505
2025-07-01 08:06:59.056 - INFO: vkd_bank = 111
2025-07-01 08:06:59.056 - INFO: vkd_dist = 00
2025-07-01 08:07:05.410 - INFO: draw = 2
2025-07-01 08:07:05.410 - INFO: start = 1
2025-07-01 08:07:05.410 - INFO: length = 100
2025-07-01 08:07:05.410 - INFO: sortBy = KD_DIST
2025-07-01 08:07:05.410 - INFO: sortDir = asc
2025-07-01 08:07:05.410 - INFO: searchValue = 
2025-07-01 08:07:05.410 - INFO: vbln_usulan = 202505
2025-07-01 08:07:05.410 - INFO: vkd_bank = 111
2025-07-01 08:07:05.410 - INFO: vkd_dist = 00
2025-07-01 08:07:20.946 - INFO: draw = 3
2025-07-01 08:07:20.947 - INFO: start = 1
2025-07-01 08:07:20.948 - INFO: length = 1000
2025-07-01 08:07:20.948 - INFO: sortBy = KD_DIST
2025-07-01 08:07:20.948 - INFO: sortDir = asc
2025-07-01 08:07:20.949 - INFO: searchValue = 
2025-07-01 08:07:20.949 - INFO: vbln_usulan = 202505
2025-07-01 08:07:20.950 - INFO: vkd_bank = 111
2025-07-01 08:07:20.950 - INFO: vkd_dist = 00
2025-07-01 08:07:41.114 - INFO: draw = 4
2025-07-01 08:07:41.115 - INFO: start = 2
2025-07-01 08:07:41.115 - INFO: length = 1000
2025-07-01 08:07:41.116 - INFO: sortBy = KD_DIST
2025-07-01 08:07:41.117 - INFO: sortDir = asc
2025-07-01 08:07:41.117 - INFO: searchValue = 
2025-07-01 08:07:41.117 - INFO: vbln_usulan = 202505
2025-07-01 08:07:41.118 - INFO: vkd_bank = 111
2025-07-01 08:07:41.118 - INFO: vkd_dist = 00
2025-07-01 08:08:10.521 - INFO: draw = 5
2025-07-01 08:08:10.521 - INFO: start = 101
2025-07-01 08:08:10.522 - INFO: length = 10
2025-07-01 08:08:10.522 - INFO: sortBy = KD_DIST
2025-07-01 08:08:10.522 - INFO: sortDir = asc
2025-07-01 08:08:10.522 - INFO: searchValue = 
2025-07-01 08:08:10.523 - INFO: vbln_usulan = 202505
2025-07-01 08:08:10.524 - INFO: vkd_bank = 111
2025-07-01 08:08:10.525 - INFO: vkd_dist = 00
2025-07-01 08:08:16.407 - INFO: draw = 6
2025-07-01 08:08:16.407 - INFO: start = 1
2025-07-01 08:08:16.407 - INFO: length = 10
2025-07-01 08:08:16.409 - INFO: sortBy = KD_DIST
2025-07-01 08:08:16.409 - INFO: sortDir = asc
2025-07-01 08:08:16.409 - INFO: searchValue = 
2025-07-01 08:08:16.409 - INFO: vbln_usulan = 202505
2025-07-01 08:08:16.409 - INFO: vkd_bank = 111
2025-07-01 08:08:16.409 - INFO: vkd_dist = 00
2025-07-01 08:08:42.110 - INFO: draw = 7
2025-07-01 08:08:42.110 - INFO: start = 1
2025-07-01 08:08:42.110 - INFO: length = 10
2025-07-01 08:08:42.111 - INFO: sortBy = KD_DIST
2025-07-01 08:08:42.111 - INFO: sortDir = asc
2025-07-01 08:08:42.111 - INFO: searchValue = 5
2025-07-01 08:08:42.111 - INFO: vbln_usulan = 202505
2025-07-01 08:08:42.111 - INFO: vkd_bank = 111
2025-07-01 08:08:42.111 - INFO: vkd_dist = 00
2025-07-01 08:08:42.872 - INFO: draw = 8
2025-07-01 08:08:42.872 - INFO: start = 1
2025-07-01 08:08:42.872 - INFO: length = 10
2025-07-01 08:08:42.872 - INFO: sortBy = KD_DIST
2025-07-01 08:08:42.872 - INFO: sortDir = asc
2025-07-01 08:08:42.872 - INFO: searchValue = 54
2025-07-01 08:08:42.872 - INFO: vbln_usulan = 202505
2025-07-01 08:08:42.872 - INFO: vkd_bank = 111
2025-07-01 08:08:42.872 - INFO: vkd_dist = 00
2025-07-01 08:08:43.276 - INFO: draw = 9
2025-07-01 08:08:43.276 - INFO: start = 1
2025-07-01 08:08:43.276 - INFO: length = 10
2025-07-01 08:08:43.276 - INFO: sortBy = KD_DIST
2025-07-01 08:08:43.276 - INFO: sortDir = asc
2025-07-01 08:08:43.276 - INFO: searchValue = 547
2025-07-01 08:08:43.276 - INFO: vbln_usulan = 202505
2025-07-01 08:08:43.276 - INFO: vkd_bank = 111
2025-07-01 08:08:43.276 - INFO: vkd_dist = 00
2025-07-01 09:05:08.400 - INFO: vbln_usulan: 202505
2025-07-01 09:05:14.526 - INFO: Jumlah data dikembalikan: 24
2025-07-01 09:05:19.051 - INFO: draw = 1
2025-07-01 09:05:19.051 - INFO: start = 1
2025-07-01 09:05:19.052 - INFO: length = 10
2025-07-01 09:05:19.052 - INFO: sortBy = KD_DIST
2025-07-01 09:05:19.052 - INFO: sortDir = asc
2025-07-01 09:05:19.052 - INFO: searchValue = 
2025-07-01 09:05:19.052 - INFO: vbln_usulan = 202505
2025-07-01 09:05:19.052 - INFO: vkd_bank = 200
2025-07-01 09:05:19.052 - INFO: vkd_dist = 11
2025-07-01 09:05:27.577 - INFO: draw = 2
2025-07-01 09:05:27.577 - INFO: start = 1
2025-07-01 09:05:27.577 - INFO: length = 10
2025-07-01 09:05:27.577 - INFO: sortBy = KD_DIST
2025-07-01 09:05:27.577 - INFO: sortDir = asc
2025-07-01 09:05:27.577 - INFO: searchValue = d
2025-07-01 09:05:27.577 - INFO: vbln_usulan = 202505
2025-07-01 09:05:27.577 - INFO: vkd_bank = 200
2025-07-01 09:05:27.577 - INFO: vkd_dist = 11
2025-07-01 09:05:28.028 - INFO: draw = 3
2025-07-01 09:05:28.028 - INFO: start = 1
2025-07-01 09:05:28.028 - INFO: length = 10
2025-07-01 09:05:28.028 - INFO: sortBy = KD_DIST
2025-07-01 09:05:28.028 - INFO: sortDir = asc
2025-07-01 09:05:28.028 - INFO: searchValue = din
2025-07-01 09:05:28.042 - INFO: vbln_usulan = 202505
2025-07-01 09:05:28.044 - INFO: vkd_bank = 200
2025-07-01 09:05:28.044 - INFO: vkd_dist = 11
2025-07-01 09:05:28.543 - INFO: draw = 4
2025-07-01 09:05:28.543 - INFO: start = 1
2025-07-01 09:05:28.543 - INFO: length = 10
2025-07-01 09:05:28.543 - INFO: sortBy = KD_DIST
2025-07-01 09:05:28.543 - INFO: sortDir = asc
2025-07-01 09:05:28.543 - INFO: searchValue = dinas
2025-07-01 09:05:28.543 - INFO: vbln_usulan = 202505
2025-07-01 09:05:28.543 - INFO: vkd_bank = 200
2025-07-01 09:05:28.543 - INFO: vkd_dist = 11
2025-07-01 09:05:32.639 - INFO: draw = 5
2025-07-01 09:05:32.639 - INFO: start = 1
2025-07-01 09:05:32.639 - INFO: length = 10
2025-07-01 09:05:32.641 - INFO: sortBy = KD_DIST
2025-07-01 09:05:32.641 - INFO: sortDir = asc
2025-07-01 09:05:32.641 - INFO: searchValue = dina
2025-07-01 09:05:32.641 - INFO: vbln_usulan = 202505
2025-07-01 09:05:32.642 - INFO: vkd_bank = 200
2025-07-01 09:05:32.642 - INFO: vkd_dist = 11
2025-07-01 09:05:35.306 - INFO: draw = 6
2025-07-01 09:05:35.307 - INFO: start = 1
2025-07-01 09:05:35.307 - INFO: length = 10
2025-07-01 09:05:35.307 - INFO: sortBy = KD_DIST
2025-07-01 09:05:35.307 - INFO: sortDir = asc
2025-07-01 09:05:35.307 - INFO: searchValue = din
2025-07-01 09:05:35.309 - INFO: vbln_usulan = 202505
2025-07-01 09:05:35.309 - INFO: vkd_bank = 200
2025-07-01 09:05:35.310 - INFO: vkd_dist = 11
2025-07-01 09:05:35.753 - INFO: draw = 7
2025-07-01 09:05:35.753 - INFO: start = 1
2025-07-01 09:05:35.753 - INFO: length = 10
2025-07-01 09:05:35.753 - INFO: sortBy = KD_DIST
2025-07-01 09:05:35.753 - INFO: sortDir = asc
2025-07-01 09:05:35.753 - INFO: searchValue = d
2025-07-01 09:05:35.753 - INFO: vbln_usulan = 202505
2025-07-01 09:05:35.753 - INFO: vkd_bank = 200
2025-07-01 09:05:35.759 - INFO: vkd_dist = 11
2025-07-01 09:05:36.311 - INFO: draw = 8
2025-07-01 09:05:36.311 - INFO: start = 1
2025-07-01 09:05:36.311 - INFO: length = 10
2025-07-01 09:05:36.311 - INFO: sortBy = KD_DIST
2025-07-01 09:05:36.311 - INFO: sortDir = asc
2025-07-01 09:05:36.311 - INFO: searchValue = 
2025-07-01 09:05:36.311 - INFO: vbln_usulan = 202505
2025-07-01 09:05:36.311 - INFO: vkd_bank = 200
2025-07-01 09:05:36.311 - INFO: vkd_dist = 11
2025-07-01 09:05:51.109 - INFO: draw = 9
2025-07-01 09:05:51.109 - INFO: start = 1
2025-07-01 09:05:51.110 - INFO: length = 10
2025-07-01 09:05:51.110 - INFO: sortBy = KD_DIST
2025-07-01 09:05:51.111 - INFO: sortDir = asc
2025-07-01 09:05:51.111 - INFO: searchValue = 111000727411
2025-07-01 09:05:51.111 - INFO: vbln_usulan = 202505
2025-07-01 09:05:51.111 - INFO: vkd_bank = 200
2025-07-01 09:05:51.111 - INFO: vkd_dist = 11
2025-07-01 09:05:58.011 - INFO: draw = 10
2025-07-01 09:05:58.011 - INFO: start = 1
2025-07-01 09:05:58.011 - INFO: length = 10
2025-07-01 09:05:58.012 - INFO: sortBy = KD_DIST
2025-07-01 09:05:58.012 - INFO: sortDir = asc
2025-07-01 09:05:58.012 - INFO: searchValue = 
2025-07-01 09:05:58.013 - INFO: vbln_usulan = 202505
2025-07-01 09:05:58.013 - INFO: vkd_bank = 200
2025-07-01 09:05:58.013 - INFO: vkd_dist = 11
2025-07-01 09:06:15.016 - INFO: draw = 11
2025-07-01 09:06:15.017 - INFO: start = 1
2025-07-01 09:06:15.017 - INFO: length = 10
2025-07-01 09:06:15.017 - INFO: sortBy = KD_DIST
2025-07-01 09:06:15.017 - INFO: sortDir = asc
2025-07-01 09:06:15.017 - INFO: searchValue = 9999801110000600
2025-07-01 09:06:15.018 - INFO: vbln_usulan = 202505
2025-07-01 09:06:15.018 - INFO: vkd_bank = 200
2025-07-01 09:06:15.018 - INFO: vkd_dist = 11
2025-07-01 09:06:21.963 - INFO: draw = 12
2025-07-01 09:06:21.964 - INFO: start = 1
2025-07-01 09:06:21.964 - INFO: length = 10
2025-07-01 09:06:21.964 - INFO: sortBy = KD_DIST
2025-07-01 09:06:21.965 - INFO: sortDir = asc
2025-07-01 09:06:21.965 - INFO: searchValue = 
2025-07-01 09:06:21.965 - INFO: vbln_usulan = 202505
2025-07-01 09:06:21.965 - INFO: vkd_bank = 200
2025-07-01 09:06:21.965 - INFO: vkd_dist = 11
2025-07-01 09:06:33.719 - INFO: draw = 13
2025-07-01 09:06:33.720 - INFO: start = 1
2025-07-01 09:06:33.720 - INFO: length = 10
2025-07-01 09:06:33.720 - INFO: sortBy = KD_DIST
2025-07-01 09:06:33.721 - INFO: sortDir = asc
2025-07-01 09:06:33.721 - INFO: searchValue = POS11BNA20250514003
2025-07-01 09:06:33.722 - INFO: vbln_usulan = 202505
2025-07-01 09:06:33.722 - INFO: vkd_bank = 200
2025-07-01 09:06:33.723 - INFO: vkd_dist = 11
2025-07-01 09:06:46.216 - INFO: draw = 14
2025-07-01 09:06:46.217 - INFO: start = 1
2025-07-01 09:06:46.217 - INFO: length = 10
2025-07-01 09:06:46.217 - INFO: sortBy = KD_DIST
2025-07-01 09:06:46.218 - INFO: sortDir = asc
2025-07-01 09:06:46.218 - INFO: searchValue = 
2025-07-01 09:06:46.218 - INFO: vbln_usulan = 202505
2025-07-01 09:06:46.219 - INFO: vkd_bank = 200
2025-07-01 09:06:46.219 - INFO: vkd_dist = 11
2025-07-01 09:07:14.851 - INFO: draw = 15
2025-07-01 09:07:14.851 - INFO: start = 76
2025-07-01 09:07:14.851 - INFO: length = 10
2025-07-01 09:07:14.851 - INFO: sortBy = KD_DIST
2025-07-01 09:07:14.851 - INFO: sortDir = asc
2025-07-01 09:07:14.851 - INFO: searchValue = 
2025-07-01 09:07:14.851 - INFO: vbln_usulan = 202505
2025-07-01 09:07:14.851 - INFO: vkd_bank = 200
2025-07-01 09:07:14.851 - INFO: vkd_dist = 11
2025-07-01 09:07:25.134 - INFO: draw = 16
2025-07-01 09:07:25.134 - INFO: start = 1
2025-07-01 09:07:25.136 - INFO: length = 10
2025-07-01 09:07:25.136 - INFO: sortBy = KD_DIST
2025-07-01 09:07:25.137 - INFO: sortDir = asc
2025-07-01 09:07:25.137 - INFO: searchValue = 1
2025-07-01 09:07:25.137 - INFO: vbln_usulan = 202505
2025-07-01 09:07:25.137 - INFO: vkd_bank = 200
2025-07-01 09:07:25.138 - INFO: vkd_dist = 11
2025-07-01 09:07:25.573 - INFO: draw = 17
2025-07-01 09:07:25.574 - INFO: start = 1
2025-07-01 09:07:25.574 - INFO: length = 10
2025-07-01 09:07:25.576 - INFO: sortBy = KD_DIST
2025-07-01 09:07:25.576 - INFO: sortDir = asc
2025-07-01 09:07:25.576 - INFO: searchValue = 111
2025-07-01 09:07:25.576 - INFO: vbln_usulan = 202505
2025-07-01 09:07:25.576 - INFO: vkd_bank = 200
2025-07-01 09:07:25.576 - INFO: vkd_dist = 11
2025-07-01 09:07:26.845 - INFO: draw = 18
2025-07-01 09:07:26.845 - INFO: start = 1
2025-07-01 09:07:26.845 - INFO: length = 10
2025-07-01 09:07:26.845 - INFO: sortBy = KD_DIST
2025-07-01 09:07:26.845 - INFO: sortDir = asc
2025-07-01 09:07:26.845 - INFO: searchValue = 1115
2025-07-01 09:07:26.845 - INFO: vbln_usulan = 202505
2025-07-01 09:07:26.845 - INFO: vkd_bank = 200
2025-07-01 09:07:26.845 - INFO: vkd_dist = 11
2025-07-01 09:07:27.255 - INFO: draw = 19
2025-07-01 09:07:27.255 - INFO: start = 1
2025-07-01 09:07:27.255 - INFO: length = 10
2025-07-01 09:07:27.255 - INFO: sortBy = KD_DIST
2025-07-01 09:07:27.255 - INFO: sortDir = asc
2025-07-01 09:07:27.255 - INFO: searchValue = 11150
2025-07-01 09:07:27.255 - INFO: vbln_usulan = 202505
2025-07-01 09:07:27.255 - INFO: vkd_bank = 200
2025-07-01 09:07:27.255 - INFO: vkd_dist = 11
2025-07-01 09:07:28.009 - INFO: draw = 20
2025-07-01 09:07:28.009 - INFO: start = 1
2025-07-01 09:07:28.009 - INFO: length = 10
2025-07-01 09:07:28.009 - INFO: sortBy = KD_DIST
2025-07-01 09:07:28.009 - INFO: sortDir = asc
2025-07-01 09:07:28.009 - INFO: searchValue = 111500
2025-07-01 09:07:28.009 - INFO: vbln_usulan = 202505
2025-07-01 09:07:28.009 - INFO: vkd_bank = 200
2025-07-01 09:07:28.009 - INFO: vkd_dist = 11
2025-07-01 09:07:29.281 - INFO: draw = 21
2025-07-01 09:07:29.281 - INFO: start = 1
2025-07-01 09:07:29.281 - INFO: length = 10
2025-07-01 09:07:29.281 - INFO: sortBy = KD_DIST
2025-07-01 09:07:29.281 - INFO: sortDir = asc
2025-07-01 09:07:29.286 - INFO: searchValue = 1115001
2025-07-01 09:07:29.286 - INFO: vbln_usulan = 202505
2025-07-01 09:07:29.287 - INFO: vkd_bank = 200
2025-07-01 09:07:29.287 - INFO: vkd_dist = 11
2025-07-01 09:07:29.744 - INFO: draw = 22
2025-07-01 09:07:29.744 - INFO: start = 1
2025-07-01 09:07:29.744 - INFO: length = 10
2025-07-01 09:07:29.745 - INFO: sortBy = KD_DIST
2025-07-01 09:07:29.745 - INFO: sortDir = asc
2025-07-01 09:07:29.745 - INFO: searchValue = 11150016
2025-07-01 09:07:29.745 - INFO: vbln_usulan = 202505
2025-07-01 09:07:29.745 - INFO: vkd_bank = 200
2025-07-01 09:07:29.745 - INFO: vkd_dist = 11
2025-07-01 09:07:36.630 - INFO: draw = 23
2025-07-01 09:07:36.630 - INFO: start = 1
2025-07-01 09:07:36.630 - INFO: length = 10
2025-07-01 09:07:36.630 - INFO: sortBy = KD_DIST
2025-07-01 09:07:36.630 - INFO: sortDir = asc
2025-07-01 09:07:36.630 - INFO: searchValue = 1115001
2025-07-01 09:07:36.630 - INFO: vbln_usulan = 202505
2025-07-01 09:07:36.630 - INFO: vkd_bank = 200
2025-07-01 09:07:36.630 - INFO: vkd_dist = 11
2025-07-01 09:07:37.035 - INFO: draw = 24
2025-07-01 09:07:37.035 - INFO: start = 1
2025-07-01 09:07:37.051 - INFO: length = 10
2025-07-01 09:07:37.052 - INFO: sortBy = KD_DIST
2025-07-01 09:07:37.052 - INFO: sortDir = asc
2025-07-01 09:07:37.052 - INFO: searchValue = 11150
2025-07-01 09:07:37.052 - INFO: vbln_usulan = 202505
2025-07-01 09:07:37.052 - INFO: vkd_bank = 200
2025-07-01 09:07:37.052 - INFO: vkd_dist = 11
2025-07-01 09:07:37.802 - INFO: draw = 25
2025-07-01 09:07:37.802 - INFO: start = 1
2025-07-01 09:07:37.802 - INFO: length = 10
2025-07-01 09:07:37.802 - INFO: sortBy = KD_DIST
2025-07-01 09:07:37.802 - INFO: sortDir = asc
2025-07-01 09:07:37.802 - INFO: searchValue = 111
2025-07-01 09:07:37.802 - INFO: vbln_usulan = 202505
2025-07-01 09:07:37.802 - INFO: vkd_bank = 200
2025-07-01 09:07:37.802 - INFO: vkd_dist = 11
2025-07-01 09:07:38.290 - INFO: draw = 26
2025-07-01 09:07:38.293 - INFO: start = 1
2025-07-01 09:07:38.293 - INFO: length = 10
2025-07-01 09:07:38.293 - INFO: sortBy = KD_DIST
2025-07-01 09:07:38.293 - INFO: sortDir = asc
2025-07-01 09:07:38.293 - INFO: searchValue = 11
2025-07-01 09:07:38.293 - INFO: vbln_usulan = 202505
2025-07-01 09:07:38.294 - INFO: vkd_bank = 200
2025-07-01 09:07:38.294 - INFO: vkd_dist = 11
2025-07-01 09:07:38.722 - INFO: draw = 27
2025-07-01 09:07:38.722 - INFO: start = 1
2025-07-01 09:07:38.722 - INFO: length = 10
2025-07-01 09:07:38.722 - INFO: sortBy = KD_DIST
2025-07-01 09:07:38.722 - INFO: sortDir = asc
2025-07-01 09:07:38.722 - INFO: searchValue = 
2025-07-01 09:07:38.722 - INFO: vbln_usulan = 202505
2025-07-01 09:07:38.722 - INFO: vkd_bank = 200
2025-07-01 09:07:38.722 - INFO: vkd_dist = 11
2025-07-01 09:19:56.754 - INFO: vbln_usulan: 202505
2025-07-01 09:20:02.245 - INFO: Jumlah data dikembalikan: 24
2025-07-01 09:20:05.609 - INFO: draw = 1
2025-07-01 09:20:05.611 - INFO: start = 1
2025-07-01 09:20:05.611 - INFO: length = 10
2025-07-01 09:20:05.612 - INFO: sortBy = KD_DIST
2025-07-01 09:20:05.612 - INFO: sortDir = asc
2025-07-01 09:20:05.613 - INFO: searchValue = 
2025-07-01 09:20:05.613 - INFO: vbln_usulan = 202505
2025-07-01 09:20:05.613 - INFO: vkd_bank = 200
2025-07-01 09:20:05.613 - INFO: vkd_dist = 11
2025-07-01 09:20:15.032 - INFO: draw = 2
2025-07-01 09:20:15.032 - INFO: start = 1
2025-07-01 09:20:15.032 - INFO: length = 10
2025-07-01 09:20:15.032 - INFO: sortBy = KD_DIST
2025-07-01 09:20:15.032 - INFO: sortDir = asc
2025-07-01 09:20:15.032 - INFO: searchValue = 1
2025-07-01 09:20:15.032 - INFO: vbln_usulan = 202505
2025-07-01 09:20:15.032 - INFO: vkd_bank = 200
2025-07-01 09:20:15.032 - INFO: vkd_dist = 11
2025-07-01 09:20:15.493 - INFO: draw = 3
2025-07-01 09:20:15.494 - INFO: start = 1
2025-07-01 09:20:15.494 - INFO: length = 10
2025-07-01 09:20:15.494 - INFO: sortBy = KD_DIST
2025-07-01 09:20:15.494 - INFO: sortDir = asc
2025-07-01 09:20:15.494 - INFO: searchValue = 11
2025-07-01 09:20:15.494 - INFO: vbln_usulan = 202505
2025-07-01 09:20:15.494 - INFO: vkd_bank = 200
2025-07-01 09:20:15.494 - INFO: vkd_dist = 11
2025-07-01 09:20:16.242 - INFO: draw = 4
2025-07-01 09:20:16.242 - INFO: start = 1
2025-07-01 09:20:16.242 - INFO: length = 10
2025-07-01 09:20:16.242 - INFO: sortBy = KD_DIST
2025-07-01 09:20:16.250 - INFO: sortDir = asc
2025-07-01 09:20:16.250 - INFO: searchValue = 111
2025-07-01 09:20:16.250 - INFO: vbln_usulan = 202505
2025-07-01 09:20:16.250 - INFO: vkd_bank = 200
2025-07-01 09:20:16.250 - INFO: vkd_dist = 11
2025-07-01 09:20:20.950 - INFO: draw = 5
2025-07-01 09:20:20.951 - INFO: start = 1
2025-07-01 09:20:20.951 - INFO: length = 10
2025-07-01 09:20:20.951 - INFO: sortBy = KD_DIST
2025-07-01 09:20:20.951 - INFO: sortDir = asc
2025-07-01 09:20:20.951 - INFO: searchValue = 1110
2025-07-01 09:20:20.951 - INFO: vbln_usulan = 202505
2025-07-01 09:20:20.951 - INFO: vkd_bank = 200
2025-07-01 09:20:20.951 - INFO: vkd_dist = 11
2025-07-01 09:20:21.427 - INFO: draw = 6
2025-07-01 09:20:21.427 - INFO: start = 1
2025-07-01 09:20:21.427 - INFO: length = 10
2025-07-01 09:20:21.427 - INFO: sortBy = KD_DIST
2025-07-01 09:20:21.427 - INFO: sortDir = asc
2025-07-01 09:20:21.427 - INFO: searchValue = 11100
2025-07-01 09:20:21.427 - INFO: vbln_usulan = 202505
2025-07-01 09:20:21.427 - INFO: vkd_bank = 200
2025-07-01 09:20:21.427 - INFO: vkd_dist = 11
2025-07-01 09:20:23.503 - INFO: draw = 7
2025-07-01 09:20:23.504 - INFO: start = 1
2025-07-01 09:20:23.505 - INFO: length = 10
2025-07-01 09:20:23.505 - INFO: sortBy = KD_DIST
2025-07-01 09:20:23.505 - INFO: sortDir = asc
2025-07-01 09:20:23.505 - INFO: searchValue = 111000
2025-07-01 09:20:23.505 - INFO: vbln_usulan = 202505
2025-07-01 09:20:23.505 - INFO: vkd_bank = 200
2025-07-01 09:20:23.505 - INFO: vkd_dist = 11
2025-07-01 09:20:24.632 - INFO: draw = 8
2025-07-01 09:20:24.632 - INFO: start = 1
2025-07-01 09:20:24.632 - INFO: length = 10
2025-07-01 09:20:24.634 - INFO: sortBy = KD_DIST
2025-07-01 09:20:24.635 - INFO: sortDir = asc
2025-07-01 09:20:24.635 - INFO: searchValue = 1110002
2025-07-01 09:20:24.635 - INFO: vbln_usulan = 202505
2025-07-01 09:20:24.635 - INFO: vkd_bank = 200
2025-07-01 09:20:24.637 - INFO: vkd_dist = 11
2025-07-01 09:20:25.140 - INFO: draw = 9
2025-07-01 09:20:25.142 - INFO: start = 1
2025-07-01 09:20:25.142 - INFO: length = 10
2025-07-01 09:20:25.142 - INFO: sortBy = KD_DIST
2025-07-01 09:20:25.142 - INFO: sortDir = asc
2025-07-01 09:20:25.142 - INFO: searchValue = 11100024
2025-07-01 09:20:25.143 - INFO: vbln_usulan = 202505
2025-07-01 09:20:25.143 - INFO: vkd_bank = 200
2025-07-01 09:20:25.143 - INFO: vkd_dist = 11
2025-07-01 09:20:33.216 - INFO: draw = 10
2025-07-01 09:20:33.216 - INFO: start = 1
2025-07-01 09:20:33.217 - INFO: length = 10
2025-07-01 09:20:33.218 - INFO: sortBy = KD_DIST
2025-07-01 09:20:33.218 - INFO: sortDir = asc
2025-07-01 09:20:33.218 - INFO: searchValue = 
2025-07-01 09:20:33.219 - INFO: vbln_usulan = 202505
2025-07-01 09:20:33.219 - INFO: vkd_bank = 200
2025-07-01 09:20:33.220 - INFO: vkd_dist = 11
2025-07-01 09:20:38.645 - INFO: draw = 11
2025-07-01 09:20:38.645 - INFO: start = 3
2025-07-01 09:20:38.645 - INFO: length = 10
2025-07-01 09:20:38.645 - INFO: sortBy = KD_DIST
2025-07-01 09:20:38.645 - INFO: sortDir = asc
2025-07-01 09:20:38.645 - INFO: searchValue = 
2025-07-01 09:20:38.645 - INFO: vbln_usulan = 202505
2025-07-01 09:20:38.645 - INFO: vkd_bank = 200
2025-07-01 09:20:38.645 - INFO: vkd_dist = 11
2025-07-01 09:20:47.535 - INFO: draw = 12
2025-07-01 09:20:47.535 - INFO: start = 1
2025-07-01 09:20:47.536 - INFO: length = 10
2025-07-01 09:20:47.537 - INFO: sortBy = KD_DIST
2025-07-01 09:20:47.537 - INFO: sortDir = asc
2025-07-01 09:20:47.538 - INFO: searchValue = 111000991526
2025-07-01 09:20:47.538 - INFO: vbln_usulan = 202505
2025-07-01 09:20:47.538 - INFO: vkd_bank = 200
2025-07-01 09:20:47.539 - INFO: vkd_dist = 11
2025-07-01 09:21:01.994 - INFO: draw = 13
2025-07-01 09:21:01.994 - INFO: start = 1
2025-07-01 09:21:01.995 - INFO: length = 10
2025-07-01 09:21:01.995 - INFO: sortBy = KD_DIST
2025-07-01 09:21:01.995 - INFO: sortDir = asc
2025-07-01 09:21:01.996 - INFO: searchValue = 
2025-07-01 09:21:01.996 - INFO: vbln_usulan = 202505
2025-07-01 09:21:01.996 - INFO: vkd_bank = 200
2025-07-01 09:21:01.997 - INFO: vkd_dist = 11
2025-07-01 09:21:49.591 - INFO: vbln_usulan: 202505
2025-07-01 09:22:25.822 - INFO: Jumlah data dikembalikan: 24
2025-07-01 09:23:43.608 - INFO: draw = 1
2025-07-01 09:23:43.613 - INFO: start = 1
2025-07-01 09:23:43.613 - INFO: length = 10
2025-07-01 09:23:43.614 - INFO: sortBy = KD_DIST
2025-07-01 09:23:43.614 - INFO: sortDir = asc
2025-07-01 09:23:43.614 - INFO: searchValue = 
2025-07-01 09:23:43.614 - INFO: vbln_usulan = 202505
2025-07-01 09:23:43.614 - INFO: vkd_bank = 200
2025-07-01 09:23:43.615 - INFO: vkd_dist = 11
2025-07-01 09:23:50.477 - INFO: draw = 2
2025-07-01 09:23:50.479 - INFO: start = 3
2025-07-01 09:23:50.479 - INFO: length = 10
2025-07-01 09:23:50.479 - INFO: sortBy = KD_DIST
2025-07-01 09:23:50.480 - INFO: sortDir = asc
2025-07-01 09:23:50.480 - INFO: searchValue = 
2025-07-01 09:23:50.481 - INFO: vbln_usulan = 202505
2025-07-01 09:23:50.481 - INFO: vkd_bank = 200
2025-07-01 09:23:50.481 - INFO: vkd_dist = 11
2025-07-01 09:24:11.199 - INFO: draw = 3
2025-07-01 09:24:11.199 - INFO: start = 1
2025-07-01 09:24:11.199 - INFO: length = 10
2025-07-01 09:24:11.199 - INFO: sortBy = KD_DIST
2025-07-01 09:24:11.212 - INFO: sortDir = asc
2025-07-01 09:24:11.212 - INFO: searchValue = 111000991526
2025-07-01 09:24:11.212 - INFO: vbln_usulan = 202505
2025-07-01 09:24:11.212 - INFO: vkd_bank = 200
2025-07-01 09:24:11.212 - INFO: vkd_dist = 11
2025-07-01 09:24:17.112 - INFO: draw = 4
2025-07-01 09:24:17.112 - INFO: start = 1
2025-07-01 09:24:17.113 - INFO: length = 10
2025-07-01 09:24:17.114 - INFO: sortBy = KD_DIST
2025-07-01 09:24:17.115 - INFO: sortDir = asc
2025-07-01 09:24:17.116 - INFO: searchValue = 
2025-07-01 09:24:17.116 - INFO: vbln_usulan = 202505
2025-07-01 09:24:17.116 - INFO: vkd_bank = 200
2025-07-01 09:24:17.117 - INFO: vkd_dist = 11
2025-07-01 09:25:52.385 - INFO: vbln_usulan: 202505
2025-07-01 09:26:28.905 - INFO: Jumlah data dikembalikan: 24
2025-07-01 09:26:36.447 - INFO: draw = 1
2025-07-01 09:26:36.448 - INFO: start = 1
2025-07-01 09:26:36.448 - INFO: length = 10
2025-07-01 09:26:36.448 - INFO: sortBy = KD_DIST
2025-07-01 09:26:36.448 - INFO: sortDir = asc
2025-07-01 09:26:36.449 - INFO: searchValue = 
2025-07-01 09:26:36.449 - INFO: vbln_usulan = 202505
2025-07-01 09:26:36.449 - INFO: vkd_bank = 200
2025-07-01 09:26:36.449 - INFO: vkd_dist = 11
2025-07-01 09:26:59.376 - INFO: draw = 2
2025-07-01 09:26:59.376 - INFO: start = 3
2025-07-01 09:26:59.376 - INFO: length = 10
2025-07-01 09:26:59.376 - INFO: sortBy = KD_DIST
2025-07-01 09:26:59.376 - INFO: sortDir = asc
2025-07-01 09:26:59.376 - INFO: searchValue = 
2025-07-01 09:26:59.376 - INFO: vbln_usulan = 202505
2025-07-01 09:26:59.376 - INFO: vkd_bank = 200
2025-07-01 09:26:59.376 - INFO: vkd_dist = 11
2025-07-01 09:27:08.400 - INFO: draw = 3
2025-07-01 09:27:08.402 - INFO: start = 1
2025-07-01 09:27:08.402 - INFO: length = 10
2025-07-01 09:27:08.402 - INFO: sortBy = KD_DIST
2025-07-01 09:27:08.402 - INFO: sortDir = asc
2025-07-01 09:27:08.402 - INFO: searchValue = 111000727411
2025-07-01 09:27:08.402 - INFO: vbln_usulan = 202505
2025-07-01 09:27:08.402 - INFO: vkd_bank = 200
2025-07-01 09:27:08.403 - INFO: vkd_dist = 11
2025-07-01 09:27:17.286 - INFO: draw = 4
2025-07-01 09:27:17.286 - INFO: start = 1
2025-07-01 09:27:17.287 - INFO: length = 10
2025-07-01 09:27:17.288 - INFO: sortBy = KD_DIST
2025-07-01 09:27:17.288 - INFO: sortDir = asc
2025-07-01 09:27:17.289 - INFO: searchValue = 
2025-07-01 09:27:17.289 - INFO: vbln_usulan = 202505
2025-07-01 09:27:17.289 - INFO: vkd_bank = 200
2025-07-01 09:27:17.289 - INFO: vkd_dist = 11
2025-07-01 09:27:24.590 - INFO: vbln_usulan: 202505
2025-07-01 09:27:30.118 - INFO: Jumlah data dikembalikan: 24
2025-07-01 09:27:34.815 - INFO: vbln_usulan: 202505
2025-07-01 09:27:40.372 - INFO: Jumlah data dikembalikan: 24
2025-07-01 09:28:12.843 - INFO: vbln_usulan: 202505
2025-07-01 09:28:18.415 - INFO: Jumlah data dikembalikan: 24
2025-07-01 09:28:34.125 - INFO: vbln_usulan: 202505
2025-07-01 09:28:39.632 - INFO: Jumlah data dikembalikan: 24
2025-07-01 09:28:47.583 - INFO: draw = 1
2025-07-01 09:28:47.583 - INFO: start = 1
2025-07-01 09:28:47.583 - INFO: length = 10
2025-07-01 09:28:47.583 - INFO: sortBy = KD_DIST
2025-07-01 09:28:47.583 - INFO: sortDir = asc
2025-07-01 09:28:47.583 - INFO: searchValue = 
2025-07-01 09:28:47.583 - INFO: vbln_usulan = 202505
2025-07-01 09:28:47.583 - INFO: vkd_bank = 200
2025-07-01 09:28:47.589 - INFO: vkd_dist = 11
2025-07-01 09:28:54.258 - INFO: draw = 2
2025-07-01 09:28:54.258 - INFO: start = 3
2025-07-01 09:28:54.258 - INFO: length = 10
2025-07-01 09:28:54.258 - INFO: sortBy = KD_DIST
2025-07-01 09:28:54.258 - INFO: sortDir = asc
2025-07-01 09:28:54.258 - INFO: searchValue = 
2025-07-01 09:28:54.258 - INFO: vbln_usulan = 202505
2025-07-01 09:28:54.263 - INFO: vkd_bank = 200
2025-07-01 09:28:54.263 - INFO: vkd_dist = 11
2025-07-01 09:29:07.172 - INFO: draw = 3
2025-07-01 09:29:07.178 - INFO: start = 1
2025-07-01 09:29:07.178 - INFO: length = 10
2025-07-01 09:29:07.178 - INFO: sortBy = KD_DIST
2025-07-01 09:29:07.178 - INFO: sortDir = asc
2025-07-01 09:29:07.178 - INFO: searchValue = 111000246095
2025-07-01 09:29:07.179 - INFO: vbln_usulan = 202505
2025-07-01 09:29:07.179 - INFO: vkd_bank = 200
2025-07-01 09:29:07.180 - INFO: vkd_dist = 11
2025-07-01 09:33:59.399 - INFO: vbln_usulan: 202505
2025-07-01 09:34:35.167 - INFO: Jumlah data dikembalikan: 24
2025-07-01 09:34:42.126 - INFO: draw = 1
2025-07-01 09:34:42.127 - INFO: start = 1
2025-07-01 09:34:42.128 - INFO: length = 10
2025-07-01 09:34:42.128 - INFO: sortBy = KD_DIST
2025-07-01 09:34:42.128 - INFO: sortDir = asc
2025-07-01 09:34:42.128 - INFO: searchValue = 
2025-07-01 09:34:42.128 - INFO: vbln_usulan = 202505
2025-07-01 09:34:42.128 - INFO: vkd_bank = 200
2025-07-01 09:34:42.128 - INFO: vkd_dist = 11
2025-07-01 09:34:48.143 - INFO: draw = 2
2025-07-01 09:34:48.143 - INFO: start = 3
2025-07-01 09:34:48.143 - INFO: length = 10
2025-07-01 09:34:48.143 - INFO: sortBy = KD_DIST
2025-07-01 09:34:48.143 - INFO: sortDir = asc
2025-07-01 09:34:48.143 - INFO: searchValue = 
2025-07-01 09:34:48.143 - INFO: vbln_usulan = 202505
2025-07-01 09:34:48.143 - INFO: vkd_bank = 200
2025-07-01 09:34:48.143 - INFO: vkd_dist = 11
2025-07-01 09:34:57.143 - INFO: draw = 3
2025-07-01 09:34:57.143 - INFO: start = 1
2025-07-01 09:34:57.143 - INFO: length = 10
2025-07-01 09:34:57.143 - INFO: sortBy = KD_DIST
2025-07-01 09:34:57.143 - INFO: sortDir = asc
2025-07-01 09:34:57.143 - INFO: searchValue = 111000601077
2025-07-01 09:34:57.143 - INFO: vbln_usulan = 202505
2025-07-01 09:34:57.143 - INFO: vkd_bank = 200
2025-07-01 09:34:57.159 - INFO: vkd_dist = 11
2025-07-01 09:35:04.362 - INFO: draw = 4
2025-07-01 09:35:04.363 - INFO: start = 1
2025-07-01 09:35:04.363 - INFO: length = 10
2025-07-01 09:35:04.364 - INFO: sortBy = KD_DIST
2025-07-01 09:35:04.364 - INFO: sortDir = asc
2025-07-01 09:35:04.364 - INFO: searchValue = 
2025-07-01 09:35:04.364 - INFO: vbln_usulan = 202505
2025-07-01 09:35:04.364 - INFO: vkd_bank = 200
2025-07-01 09:35:04.364 - INFO: vkd_dist = 11
2025-07-01 09:37:58.142 - INFO: draw = 5
2025-07-01 09:37:58.145 - INFO: start = 3
2025-07-01 09:37:58.146 - INFO: length = 10
2025-07-01 09:37:58.146 - INFO: sortBy = KD_DIST
2025-07-01 09:37:58.146 - INFO: sortDir = asc
2025-07-01 09:37:58.146 - INFO: searchValue = 
2025-07-01 09:37:58.147 - INFO: vbln_usulan = 202505
2025-07-01 09:37:58.147 - INFO: vkd_bank = 200
2025-07-01 09:37:58.147 - INFO: vkd_dist = 11
2025-07-01 09:38:08.384 - INFO: draw = 6
2025-07-01 09:38:08.384 - INFO: start = 4
2025-07-01 09:38:08.384 - INFO: length = 10
2025-07-01 09:38:08.386 - INFO: sortBy = KD_DIST
2025-07-01 09:38:08.386 - INFO: sortDir = asc
2025-07-01 09:38:08.386 - INFO: searchValue = 
2025-07-01 09:38:08.386 - INFO: vbln_usulan = 202505
2025-07-01 09:38:08.386 - INFO: vkd_bank = 200
2025-07-01 09:38:08.386 - INFO: vkd_dist = 11
2025-07-01 09:38:25.318 - INFO: vbln_usulan: 202505
2025-07-01 09:39:00.928 - INFO: Jumlah data dikembalikan: 24
2025-07-01 09:39:03.282 - INFO: draw = 1
2025-07-01 09:39:03.282 - INFO: start = 1
2025-07-01 09:39:03.284 - INFO: length = 10
2025-07-01 09:39:03.284 - INFO: sortBy = KD_DIST
2025-07-01 09:39:03.284 - INFO: sortDir = asc
2025-07-01 09:39:03.284 - INFO: searchValue = 
2025-07-01 09:39:03.285 - INFO: vbln_usulan = 202505
2025-07-01 09:39:03.285 - INFO: vkd_bank = 200
2025-07-01 09:39:03.286 - INFO: vkd_dist = 11
2025-07-01 09:39:09.946 - INFO: draw = 2
2025-07-01 09:39:09.946 - INFO: start = 3
2025-07-01 09:39:09.946 - INFO: length = 10
2025-07-01 09:39:09.946 - INFO: sortBy = KD_DIST
2025-07-01 09:39:09.946 - INFO: sortDir = asc
2025-07-01 09:39:09.946 - INFO: searchValue = 
2025-07-01 09:39:09.946 - INFO: vbln_usulan = 202505
2025-07-01 09:39:09.946 - INFO: vkd_bank = 200
2025-07-01 09:39:09.946 - INFO: vkd_dist = 11
2025-07-01 09:39:20.360 - INFO: draw = 3
2025-07-01 09:39:20.360 - INFO: start = 1
2025-07-01 09:39:20.360 - INFO: length = 10
2025-07-01 09:39:20.360 - INFO: sortBy = KD_DIST
2025-07-01 09:39:20.360 - INFO: sortDir = asc
2025-07-01 09:39:20.360 - INFO: searchValue = 111001284602
2025-07-01 09:39:20.360 - INFO: vbln_usulan = 202505
2025-07-01 09:39:20.360 - INFO: vkd_bank = 200
2025-07-01 09:39:20.360 - INFO: vkd_dist = 11
2025-07-01 09:39:56.225 - INFO: draw = 4
2025-07-01 09:39:56.226 - INFO: start = 1
2025-07-01 09:39:56.227 - INFO: length = 10
2025-07-01 09:39:56.228 - INFO: sortBy = KD_DIST
2025-07-01 09:39:56.228 - INFO: sortDir = asc
2025-07-01 09:39:56.228 - INFO: searchValue = 
2025-07-01 09:39:56.228 - INFO: vbln_usulan = 202505
2025-07-01 09:39:56.228 - INFO: vkd_bank = 200
2025-07-01 09:39:56.228 - INFO: vkd_dist = 11
2025-07-01 09:39:56.534 - INFO: draw = 5
2025-07-01 09:39:56.534 - INFO: start = 1
2025-07-01 09:39:56.534 - INFO: length = 10
2025-07-01 09:39:56.534 - INFO: sortBy = KD_DIST
2025-07-01 09:39:56.534 - INFO: sortDir = asc
2025-07-01 09:39:56.534 - INFO: searchValue = 
2025-07-01 09:39:56.541 - INFO: vbln_usulan = 202505
2025-07-01 09:39:56.542 - INFO: vkd_bank = 200
2025-07-01 09:39:56.542 - INFO: vkd_dist = 11
2025-07-01 09:40:04.362 - INFO: draw = 6
2025-07-01 09:40:04.362 - INFO: start = 3
2025-07-01 09:40:04.362 - INFO: length = 10
2025-07-01 09:40:04.362 - INFO: sortBy = KD_DIST
2025-07-01 09:40:04.362 - INFO: sortDir = asc
2025-07-01 09:40:04.362 - INFO: searchValue = 
2025-07-01 09:40:04.362 - INFO: vbln_usulan = 202505
2025-07-01 09:40:04.362 - INFO: vkd_bank = 200
2025-07-01 09:40:04.362 - INFO: vkd_dist = 11
2025-07-01 09:40:18.536 - INFO: draw = 7
2025-07-01 09:40:18.536 - INFO: start = 1
2025-07-01 09:40:18.542 - INFO: length = 10
2025-07-01 09:40:18.542 - INFO: sortBy = KD_DIST
2025-07-01 09:40:18.544 - INFO: sortDir = asc
2025-07-01 09:40:18.544 - INFO: searchValue = 111001284602
2025-07-01 09:40:18.544 - INFO: vbln_usulan = 202505
2025-07-01 09:40:18.544 - INFO: vkd_bank = 200
2025-07-01 09:40:18.544 - INFO: vkd_dist = 11
2025-07-01 09:40:28.109 - INFO: draw = 8
2025-07-01 09:40:28.110 - INFO: start = 1
2025-07-01 09:40:28.110 - INFO: length = 10
2025-07-01 09:40:28.111 - INFO: sortBy = KD_DIST
2025-07-01 09:40:28.111 - INFO: sortDir = asc
2025-07-01 09:40:28.112 - INFO: searchValue = 
2025-07-01 09:40:28.112 - INFO: vbln_usulan = 202505
2025-07-01 09:40:28.112 - INFO: vkd_bank = 200
2025-07-01 09:40:28.113 - INFO: vkd_dist = 11
2025-07-01 09:40:28.407 - INFO: draw = 9
2025-07-01 09:40:28.407 - INFO: start = 1
2025-07-01 09:40:28.407 - INFO: length = 10
2025-07-01 09:40:28.407 - INFO: sortBy = KD_DIST
2025-07-01 09:40:28.407 - INFO: sortDir = asc
2025-07-01 09:40:28.407 - INFO: searchValue = 
2025-07-01 09:40:28.407 - INFO: vbln_usulan = 202505
2025-07-01 09:40:28.407 - INFO: vkd_bank = 200
2025-07-01 09:40:28.407 - INFO: vkd_dist = 11
2025-07-01 09:42:40.541 - INFO: vbln_usulan: 202505
2025-07-01 09:43:17.530 - INFO: Jumlah data dikembalikan: 24
2025-07-01 09:43:20.797 - INFO: draw = 1
2025-07-01 09:43:20.797 - INFO: start = 1
2025-07-01 09:43:20.798 - INFO: length = 10
2025-07-01 09:43:20.799 - INFO: sortBy = KD_DIST
2025-07-01 09:43:20.799 - INFO: sortDir = asc
2025-07-01 09:43:20.799 - INFO: searchValue = 
2025-07-01 09:43:20.800 - INFO: vbln_usulan = 202505
2025-07-01 09:43:20.800 - INFO: vkd_bank = 200
2025-07-01 09:43:20.800 - INFO: vkd_dist = 11
2025-07-01 09:43:26.665 - INFO: draw = 2
2025-07-01 09:43:26.665 - INFO: start = 3
2025-07-01 09:43:26.665 - INFO: length = 10
2025-07-01 09:43:26.665 - INFO: sortBy = KD_DIST
2025-07-01 09:43:26.665 - INFO: sortDir = asc
2025-07-01 09:43:26.665 - INFO: searchValue = 
2025-07-01 09:43:26.665 - INFO: vbln_usulan = 202505
2025-07-01 09:43:26.665 - INFO: vkd_bank = 200
2025-07-01 09:43:26.665 - INFO: vkd_dist = 11
2025-07-01 09:43:36.197 - INFO: draw = 3
2025-07-01 09:43:36.197 - INFO: start = 1
2025-07-01 09:43:36.197 - INFO: length = 10
2025-07-01 09:43:36.197 - INFO: sortBy = KD_DIST
2025-07-01 09:43:36.197 - INFO: sortDir = asc
2025-07-01 09:43:36.197 - INFO: searchValue = 111001284602
2025-07-01 09:43:36.197 - INFO: vbln_usulan = 202505
2025-07-01 09:43:36.197 - INFO: vkd_bank = 200
2025-07-01 09:43:36.197 - INFO: vkd_dist = 11
2025-07-01 09:44:06.213 - INFO: vbln_usulan: 202505
2025-07-01 09:44:12.544 - INFO: Jumlah data dikembalikan: 24
2025-07-01 09:44:14.657 - INFO: draw = 1
2025-07-01 09:44:14.658 - INFO: start = 1
2025-07-01 09:44:14.658 - INFO: length = 10
2025-07-01 09:44:14.659 - INFO: sortBy = KD_DIST
2025-07-01 09:44:14.661 - INFO: sortDir = asc
2025-07-01 09:44:14.661 - INFO: searchValue = 
2025-07-01 09:44:14.661 - INFO: vbln_usulan = 202505
2025-07-01 09:44:14.661 - INFO: vkd_bank = 200
2025-07-01 09:44:14.661 - INFO: vkd_dist = 11
2025-07-01 09:44:20.214 - INFO: draw = 2
2025-07-01 09:44:20.214 - INFO: start = 3
2025-07-01 09:44:20.214 - INFO: length = 10
2025-07-01 09:44:20.214 - INFO: sortBy = KD_DIST
2025-07-01 09:44:20.214 - INFO: sortDir = asc
2025-07-01 09:44:20.214 - INFO: searchValue = 
2025-07-01 09:44:20.214 - INFO: vbln_usulan = 202505
2025-07-01 09:44:20.214 - INFO: vkd_bank = 200
2025-07-01 09:44:20.214 - INFO: vkd_dist = 11
2025-07-01 09:45:06.915 - INFO: draw = 1
2025-07-01 09:45:06.916 - INFO: start = 1
2025-07-01 09:45:06.917 - INFO: length = 10
2025-07-01 09:45:06.918 - INFO: sortBy = KD_DIST
2025-07-01 09:45:06.918 - INFO: sortDir = asc
2025-07-01 09:45:06.918 - INFO: searchValue = 
2025-07-01 09:45:06.918 - INFO: vbln_usulan = 202505
2025-07-01 09:45:06.918 - INFO: vkd_bank = 200
2025-07-01 09:45:06.918 - INFO: vkd_dist = 11
2025-07-01 09:45:15.559 - INFO: draw = 2
2025-07-01 09:45:15.560 - INFO: start = 3
2025-07-01 09:45:15.560 - INFO: length = 10
2025-07-01 09:45:15.560 - INFO: sortBy = KD_DIST
2025-07-01 09:45:15.560 - INFO: sortDir = asc
2025-07-01 09:45:15.560 - INFO: searchValue = 
2025-07-01 09:45:15.560 - INFO: vbln_usulan = 202505
2025-07-01 09:45:15.560 - INFO: vkd_bank = 200
2025-07-01 09:45:15.560 - INFO: vkd_dist = 11
2025-07-01 09:45:25.866 - INFO: draw = 3
2025-07-01 09:45:25.866 - INFO: start = 1
2025-07-01 09:45:25.867 - INFO: length = 10
2025-07-01 09:45:25.868 - INFO: sortBy = KD_DIST
2025-07-01 09:45:25.868 - INFO: sortDir = asc
2025-07-01 09:45:25.868 - INFO: searchValue = 111001284602
2025-07-01 09:45:25.868 - INFO: vbln_usulan = 202505
2025-07-01 09:45:25.869 - INFO: vkd_bank = 200
2025-07-01 09:45:25.869 - INFO: vkd_dist = 11
2025-07-01 09:46:11.427 - INFO: vbln_usulan: 202505
2025-07-01 09:46:17.407 - INFO: Jumlah data dikembalikan: 24
2025-07-01 09:46:19.749 - INFO: draw = 1
2025-07-01 09:46:19.749 - INFO: start = 1
2025-07-01 09:46:19.749 - INFO: length = 10
2025-07-01 09:46:19.749 - INFO: sortBy = KD_DIST
2025-07-01 09:46:19.749 - INFO: sortDir = asc
2025-07-01 09:46:19.749 - INFO: searchValue = 
2025-07-01 09:46:19.749 - INFO: vbln_usulan = 202505
2025-07-01 09:46:19.749 - INFO: vkd_bank = 200
2025-07-01 09:46:19.749 - INFO: vkd_dist = 11
2025-07-01 09:46:26.348 - INFO: draw = 2
2025-07-01 09:46:26.348 - INFO: start = 3
2025-07-01 09:46:26.348 - INFO: length = 10
2025-07-01 09:46:26.348 - INFO: sortBy = KD_DIST
2025-07-01 09:46:26.348 - INFO: sortDir = asc
2025-07-01 09:46:26.348 - INFO: searchValue = 
2025-07-01 09:46:26.348 - INFO: vbln_usulan = 202505
2025-07-01 09:46:26.352 - INFO: vkd_bank = 200
2025-07-01 09:46:26.353 - INFO: vkd_dist = 11
2025-07-01 09:46:37.722 - INFO: draw = 3
2025-07-01 09:46:37.722 - INFO: start = 1
2025-07-01 09:46:37.722 - INFO: length = 10
2025-07-01 09:46:37.722 - INFO: sortBy = KD_DIST
2025-07-01 09:46:37.722 - INFO: sortDir = asc
2025-07-01 09:46:37.722 - INFO: searchValue = 111001017606
2025-07-01 09:46:37.722 - INFO: vbln_usulan = 202505
2025-07-01 09:46:37.722 - INFO: vkd_bank = 200
2025-07-01 09:46:37.722 - INFO: vkd_dist = 11
2025-07-01 09:47:54.368 - INFO: vbln_usulan: 202505
2025-07-01 09:48:30.713 - INFO: Jumlah data dikembalikan: 24
2025-07-01 09:48:33.045 - INFO: draw = 1
2025-07-01 09:48:33.046 - INFO: start = 1
2025-07-01 09:48:33.047 - INFO: length = 10
2025-07-01 09:48:33.048 - INFO: sortBy = KD_DIST
2025-07-01 09:48:33.048 - INFO: sortDir = asc
2025-07-01 09:48:33.049 - INFO: searchValue = 
2025-07-01 09:48:33.049 - INFO: vbln_usulan = 202505
2025-07-01 09:48:33.049 - INFO: vkd_bank = 200
2025-07-01 09:48:33.050 - INFO: vkd_dist = 11
2025-07-01 09:48:39.434 - INFO: draw = 2
2025-07-01 09:48:39.434 - INFO: start = 3
2025-07-01 09:48:39.434 - INFO: length = 10
2025-07-01 09:48:39.434 - INFO: sortBy = KD_DIST
2025-07-01 09:48:39.434 - INFO: sortDir = asc
2025-07-01 09:48:39.434 - INFO: searchValue = 
2025-07-01 09:48:39.434 - INFO: vbln_usulan = 202505
2025-07-01 09:48:39.434 - INFO: vkd_bank = 200
2025-07-01 09:48:39.434 - INFO: vkd_dist = 11
2025-07-01 09:48:55.868 - INFO: draw = 3
2025-07-01 09:48:55.868 - INFO: start = 1
2025-07-01 09:48:55.868 - INFO: length = 10
2025-07-01 09:48:55.868 - INFO: sortBy = KD_DIST
2025-07-01 09:48:55.868 - INFO: sortDir = asc
2025-07-01 09:48:55.868 - INFO: searchValue = 111001017606
2025-07-01 09:48:55.868 - INFO: vbln_usulan = 202505
2025-07-01 09:48:55.868 - INFO: vkd_bank = 200
2025-07-01 09:48:55.879 - INFO: vkd_dist = 11
2025-07-01 09:59:20.658 - INFO: draw = 4
2025-07-01 09:59:20.675 - INFO: start = 1
2025-07-01 09:59:20.675 - INFO: length = 10
2025-07-01 09:59:20.675 - INFO: sortBy = KD_DIST
2025-07-01 09:59:20.675 - INFO: sortDir = asc
2025-07-01 09:59:20.675 - INFO: searchValue = 
2025-07-01 09:59:20.675 - INFO: vbln_usulan = 202505
2025-07-01 09:59:20.675 - INFO: vkd_bank = 200
2025-07-01 09:59:20.675 - INFO: vkd_dist = 11
2025-07-01 10:00:02.661 - INFO: vbln_usulan: 202505
2025-07-01 10:00:39.038 - INFO: Jumlah data dikembalikan: 24
2025-07-01 10:00:42.840 - INFO: draw = 1
2025-07-01 10:00:42.840 - INFO: start = 1
2025-07-01 10:00:42.840 - INFO: length = 10
2025-07-01 10:00:42.840 - INFO: sortBy = KD_DIST
2025-07-01 10:00:42.840 - INFO: sortDir = asc
2025-07-01 10:00:42.840 - INFO: searchValue = 
2025-07-01 10:00:42.840 - INFO: vbln_usulan = 202505
2025-07-01 10:00:42.840 - INFO: vkd_bank = 200
2025-07-01 10:00:42.840 - INFO: vkd_dist = 11
2025-07-01 10:00:51.531 - INFO: draw = 2
2025-07-01 10:00:51.531 - INFO: start = 1
2025-07-01 10:00:51.531 - INFO: length = 10
2025-07-01 10:00:51.531 - INFO: sortBy = KD_DIST
2025-07-01 10:00:51.534 - INFO: sortDir = asc
2025-07-01 10:00:51.534 - INFO: searchValue = 111000991526
2025-07-01 10:00:51.536 - INFO: vbln_usulan = 202505
2025-07-01 10:00:51.536 - INFO: vkd_bank = 200
2025-07-01 10:00:51.537 - INFO: vkd_dist = 11
2025-07-01 10:00:58.550 - INFO: draw = 3
2025-07-01 10:00:58.550 - INFO: start = 1
2025-07-01 10:00:58.551 - INFO: length = 10
2025-07-01 10:00:58.552 - INFO: sortBy = KD_DIST
2025-07-01 10:00:58.553 - INFO: sortDir = asc
2025-07-01 10:00:58.554 - INFO: searchValue = 
2025-07-01 10:00:58.555 - INFO: vbln_usulan = 202505
2025-07-01 10:00:58.555 - INFO: vkd_bank = 200
2025-07-01 10:00:58.556 - INFO: vkd_dist = 11
2025-07-01 10:01:05.612 - INFO: draw = 4
2025-07-01 10:01:05.612 - INFO: start = 3
2025-07-01 10:01:05.612 - INFO: length = 10
2025-07-01 10:01:05.612 - INFO: sortBy = KD_DIST
2025-07-01 10:01:05.612 - INFO: sortDir = asc
2025-07-01 10:01:05.612 - INFO: searchValue = 
2025-07-01 10:01:05.612 - INFO: vbln_usulan = 202505
2025-07-01 10:01:05.612 - INFO: vkd_bank = 200
2025-07-01 10:01:05.612 - INFO: vkd_dist = 11
2025-07-01 10:01:28.288 - INFO: draw = 5
2025-07-01 10:01:28.288 - INFO: start = 1
2025-07-01 10:01:28.288 - INFO: length = 10
2025-07-01 10:01:28.290 - INFO: sortBy = KD_DIST
2025-07-01 10:01:28.290 - INFO: sortDir = asc
2025-07-01 10:01:28.290 - INFO: searchValue = 111001017606
2025-07-01 10:01:28.291 - INFO: vbln_usulan = 202505
2025-07-01 10:01:28.291 - INFO: vkd_bank = 200
2025-07-01 10:01:28.292 - INFO: vkd_dist = 11
2025-07-01 10:07:19.933 - INFO: vbln_usulan: 202505
2025-07-01 10:07:56.979 - INFO: Jumlah data dikembalikan: 24
2025-07-01 10:08:00.772 - INFO: draw = 1
2025-07-01 10:08:00.772 - INFO: start = 1
2025-07-01 10:08:00.772 - INFO: length = 10
2025-07-01 10:08:00.772 - INFO: sortBy = KD_DIST
2025-07-01 10:08:00.772 - INFO: sortDir = asc
2025-07-01 10:08:00.772 - INFO: searchValue = 
2025-07-01 10:08:00.772 - INFO: vbln_usulan = 202505
2025-07-01 10:08:00.772 - INFO: vkd_bank = 200
2025-07-01 10:08:00.778 - INFO: vkd_dist = 11
2025-07-01 10:08:11.540 - INFO: draw = 2
2025-07-01 10:08:11.545 - INFO: start = 1
2025-07-01 10:08:11.546 - INFO: draw = 3
2025-07-01 10:08:11.546 - INFO: length = 10
2025-07-01 10:08:11.546 - INFO: sortBy = KD_DIST
2025-07-01 10:08:11.550 - INFO: sortDir = asc
2025-07-01 10:08:11.550 - INFO: searchValue = 111000991526
2025-07-01 10:08:11.550 - INFO: vbln_usulan = 202505
2025-07-01 10:08:11.550 - INFO: vkd_bank = 200
2025-07-01 10:08:11.550 - INFO: vkd_dist = 11
2025-07-01 10:08:11.562 - INFO: start = 1
2025-07-01 10:08:11.562 - INFO: length = 10
2025-07-01 10:08:11.562 - INFO: sortBy = KD_DIST
2025-07-01 10:08:11.562 - INFO: sortDir = asc
2025-07-01 10:08:11.562 - INFO: searchValue = 111000991526
2025-07-01 10:08:11.562 - INFO: vbln_usulan = 202505
2025-07-01 10:08:11.562 - INFO: vkd_bank = 200
2025-07-01 10:08:11.562 - INFO: vkd_dist = 11
2025-07-01 10:08:17.861 - INFO: draw = 4
2025-07-01 10:08:17.862 - INFO: start = 1
2025-07-01 10:08:17.862 - INFO: length = 10
2025-07-01 10:08:17.863 - INFO: sortBy = KD_DIST
2025-07-01 10:08:17.863 - INFO: sortDir = asc
2025-07-01 10:08:17.864 - INFO: searchValue = 
2025-07-01 10:08:17.864 - INFO: vbln_usulan = 202505
2025-07-01 10:08:17.864 - INFO: vkd_bank = 200
2025-07-01 10:08:17.864 - INFO: vkd_dist = 11
2025-07-01 10:08:18.161 - INFO: draw = 5
2025-07-01 10:08:18.161 - INFO: start = 1
2025-07-01 10:08:18.161 - INFO: length = 10
2025-07-01 10:08:18.161 - INFO: sortBy = KD_DIST
2025-07-01 10:08:18.161 - INFO: sortDir = asc
2025-07-01 10:08:18.161 - INFO: searchValue = 
2025-07-01 10:08:18.161 - INFO: vbln_usulan = 202505
2025-07-01 10:08:18.161 - INFO: vkd_bank = 200
2025-07-01 10:08:18.166 - INFO: vkd_dist = 11
2025-07-01 10:08:24.539 - INFO: draw = 6
2025-07-01 10:08:24.539 - INFO: start = 3
2025-07-01 10:08:24.539 - INFO: length = 10
2025-07-01 10:08:24.539 - INFO: sortBy = KD_DIST
2025-07-01 10:08:24.544 - INFO: sortDir = asc
2025-07-01 10:08:24.544 - INFO: searchValue = 
2025-07-01 10:08:24.545 - INFO: vbln_usulan = 202505
2025-07-01 10:08:24.545 - INFO: vkd_bank = 200
2025-07-01 10:08:24.545 - INFO: vkd_dist = 11
2025-07-01 10:08:33.794 - INFO: draw = 7
2025-07-01 10:08:33.794 - INFO: draw = 8
2025-07-01 10:08:33.794 - INFO: start = 1
2025-07-01 10:08:33.794 - INFO: start = 1
2025-07-01 10:08:33.794 - INFO: length = 10
2025-07-01 10:08:33.794 - INFO: length = 10
2025-07-01 10:08:33.794 - INFO: sortBy = KD_DIST
2025-07-01 10:08:33.794 - INFO: sortBy = KD_DIST
2025-07-01 10:08:33.794 - INFO: sortDir = asc
2025-07-01 10:08:33.794 - INFO: sortDir = asc
2025-07-01 10:08:33.794 - INFO: searchValue = 111001284602
2025-07-01 10:08:33.794 - INFO: searchValue = 111001284602
2025-07-01 10:08:33.794 - INFO: vbln_usulan = 202505
2025-07-01 10:08:33.794 - INFO: vkd_bank = 200
2025-07-01 10:08:33.794 - INFO: vkd_dist = 11
2025-07-01 10:08:33.794 - INFO: vbln_usulan = 202505
2025-07-01 10:08:33.794 - INFO: vkd_bank = 200
2025-07-01 10:08:33.794 - INFO: vkd_dist = 11
2025-07-01 10:10:41.703 - INFO: vbln_usulan: 202505
2025-07-01 10:11:18.618 - INFO: Jumlah data dikembalikan: 24
2025-07-01 10:11:20.843 - INFO: draw = 1
2025-07-01 10:11:20.843 - INFO: start = 1
2025-07-01 10:11:20.843 - INFO: length = 10
2025-07-01 10:11:20.843 - INFO: sortBy = KD_DIST
2025-07-01 10:11:20.843 - INFO: sortDir = asc
2025-07-01 10:11:20.843 - INFO: searchValue = 
2025-07-01 10:11:20.843 - INFO: vbln_usulan = 202505
2025-07-01 10:11:20.843 - INFO: vkd_bank = 200
2025-07-01 10:11:20.843 - INFO: vkd_dist = 11
2025-07-01 10:11:27.288 - INFO: draw = 2
2025-07-01 10:11:27.288 - INFO: start = 3
2025-07-01 10:11:27.288 - INFO: length = 10
2025-07-01 10:11:27.288 - INFO: sortBy = KD_DIST
2025-07-01 10:11:27.288 - INFO: sortDir = asc
2025-07-01 10:11:27.288 - INFO: searchValue = 
2025-07-01 10:11:27.288 - INFO: vbln_usulan = 202505
2025-07-01 10:11:27.288 - INFO: vkd_bank = 200
2025-07-01 10:11:27.288 - INFO: vkd_dist = 11
2025-07-01 10:13:08.131 - INFO: draw = 3
2025-07-01 10:13:08.131 - INFO: draw = 4
2025-07-01 10:13:08.131 - INFO: start = 1
2025-07-01 10:13:08.131 - INFO: length = 10
2025-07-01 10:13:08.131 - INFO: sortBy = KD_DIST
2025-07-01 10:13:08.131 - INFO: sortDir = asc
2025-07-01 10:13:08.131 - INFO: searchValue = 111001284602
2025-07-01 10:13:08.131 - INFO: vbln_usulan = 202505
2025-07-01 10:13:08.131 - INFO: start = 1
2025-07-01 10:13:08.131 - INFO: vkd_bank = 200
2025-07-01 10:13:08.131 - INFO: vkd_dist = 11
2025-07-01 10:13:08.145 - INFO: length = 10
2025-07-01 10:13:08.145 - INFO: sortBy = KD_DIST
2025-07-01 10:13:08.145 - INFO: sortDir = asc
2025-07-01 10:13:08.145 - INFO: searchValue = 111001284602
2025-07-01 10:13:08.145 - INFO: vbln_usulan = 202505
2025-07-01 10:13:08.145 - INFO: vkd_bank = 200
2025-07-01 10:13:08.145 - INFO: vkd_dist = 11
2025-07-01 10:22:32.314 - INFO: vbln_usulan: 202505
2025-07-01 10:23:08.815 - INFO: Jumlah data dikembalikan: 24
2025-07-01 10:23:12.090 - INFO: draw = 1
2025-07-01 10:23:12.090 - INFO: start = 1
2025-07-01 10:23:12.090 - INFO: length = 10
2025-07-01 10:23:12.091 - INFO: sortBy = KD_DIST
2025-07-01 10:23:12.091 - INFO: sortDir = asc
2025-07-01 10:23:12.091 - INFO: searchValue = 
2025-07-01 10:23:12.091 - INFO: vbln_usulan = 202505
2025-07-01 10:23:12.092 - INFO: vkd_bank = 200
2025-07-01 10:23:12.092 - INFO: vkd_dist = 11
2025-07-01 10:23:24.737 - INFO: draw = 2
2025-07-01 10:23:24.737 - INFO: start = 1
2025-07-01 10:23:24.738 - INFO: length = 10
2025-07-01 10:23:24.738 - INFO: sortBy = KD_DIST
2025-07-01 10:23:24.739 - INFO: sortDir = asc
2025-07-01 10:23:24.739 - INFO: searchValue = 111000628926
2025-07-01 10:23:24.740 - INFO: vbln_usulan = 202505
2025-07-01 10:23:24.740 - INFO: vkd_bank = 200
2025-07-01 10:23:24.741 - INFO: vkd_dist = 11
2025-07-01 10:23:31.049 - INFO: draw = 3
2025-07-01 10:23:31.049 - INFO: start = 1
2025-07-01 10:23:31.050 - INFO: length = 10
2025-07-01 10:23:31.050 - INFO: sortBy = KD_DIST
2025-07-01 10:23:31.051 - INFO: sortDir = asc
2025-07-01 10:23:31.051 - INFO: searchValue = 
2025-07-01 10:23:31.052 - INFO: vbln_usulan = 202505
2025-07-01 10:23:31.052 - INFO: vkd_bank = 200
2025-07-01 10:23:31.052 - INFO: vkd_dist = 11
2025-07-01 10:23:31.361 - INFO: draw = 4
2025-07-01 10:23:31.362 - INFO: start = 1
2025-07-01 10:23:31.362 - INFO: length = 10
2025-07-01 10:23:31.362 - INFO: sortBy = KD_DIST
2025-07-01 10:23:31.363 - INFO: sortDir = asc
2025-07-01 10:23:31.363 - INFO: searchValue = 
2025-07-01 10:23:31.363 - INFO: vbln_usulan = 202505
2025-07-01 10:23:31.363 - INFO: vkd_bank = 200
2025-07-01 10:23:31.363 - INFO: vkd_dist = 11
2025-07-01 10:23:37.840 - INFO: draw = 5
2025-07-01 10:23:37.841 - INFO: start = 3
2025-07-01 10:23:37.841 - INFO: length = 10
2025-07-01 10:23:37.842 - INFO: sortBy = KD_DIST
2025-07-01 10:23:37.842 - INFO: sortDir = asc
2025-07-01 10:23:37.842 - INFO: searchValue = 
2025-07-01 10:23:37.842 - INFO: vbln_usulan = 202505
2025-07-01 10:23:37.843 - INFO: vkd_bank = 200
2025-07-01 10:23:37.843 - INFO: vkd_dist = 11
2025-07-01 10:23:46.470 - INFO: draw = 6
2025-07-01 10:23:46.471 - INFO: start = 1
2025-07-01 10:23:46.472 - INFO: length = 10
2025-07-01 10:23:46.472 - INFO: sortBy = KD_DIST
2025-07-01 10:23:46.473 - INFO: sortDir = asc
2025-07-01 10:23:46.473 - INFO: searchValue = 111000844509
2025-07-01 10:23:46.474 - INFO: vbln_usulan = 202505
2025-07-01 10:23:46.474 - INFO: vkd_bank = 200
2025-07-01 10:23:46.474 - INFO: vkd_dist = 11
2025-07-01 10:23:54.108 - INFO: draw = 7
2025-07-01 10:23:54.108 - INFO: start = 1
2025-07-01 10:23:54.109 - INFO: length = 10
2025-07-01 10:23:54.110 - INFO: sortBy = KD_DIST
2025-07-01 10:23:54.111 - INFO: sortDir = asc
2025-07-01 10:23:54.111 - INFO: searchValue = 
2025-07-01 10:23:54.112 - INFO: vbln_usulan = 202505
2025-07-01 10:23:54.112 - INFO: vkd_bank = 200
2025-07-01 10:23:54.113 - INFO: vkd_dist = 11
2025-07-01 10:23:54.411 - INFO: draw = 8
2025-07-01 10:23:54.411 - INFO: start = 3
2025-07-01 10:23:54.411 - INFO: length = 10
2025-07-01 10:23:54.411 - INFO: sortBy = KD_DIST
2025-07-01 10:23:54.411 - INFO: sortDir = asc
2025-07-01 10:23:54.411 - INFO: searchValue = 
2025-07-01 10:23:54.411 - INFO: vbln_usulan = 202505
2025-07-01 10:23:54.412 - INFO: vkd_bank = 200
2025-07-01 10:23:54.412 - INFO: vkd_dist = 11
2025-07-01 10:25:11.925 - INFO: draw = 9
2025-07-01 10:25:11.926 - INFO: start = 5
2025-07-01 10:25:11.926 - INFO: length = 10
2025-07-01 10:25:11.927 - INFO: sortBy = KD_DIST
2025-07-01 10:25:11.928 - INFO: sortDir = asc
2025-07-01 10:25:11.928 - INFO: searchValue = 
2025-07-01 10:25:11.929 - INFO: vbln_usulan = 202505
2025-07-01 10:25:11.930 - INFO: vkd_bank = 200
2025-07-01 10:25:11.930 - INFO: vkd_dist = 11
2025-07-01 10:25:19.801 - INFO: draw = 10
2025-07-01 10:25:19.802 - INFO: start = 1
2025-07-01 10:25:19.802 - INFO: length = 10
2025-07-01 10:25:19.803 - INFO: sortBy = KD_DIST
2025-07-01 10:25:19.804 - INFO: sortDir = asc
2025-07-01 10:25:19.805 - INFO: searchValue = 111001413118
2025-07-01 10:25:19.805 - INFO: vbln_usulan = 202505
2025-07-01 10:25:19.806 - INFO: vkd_bank = 200
2025-07-01 10:25:19.806 - INFO: vkd_dist = 11
2025-07-01 10:25:27.275 - INFO: draw = 11
2025-07-01 10:25:27.275 - INFO: start = 1
2025-07-01 10:25:27.276 - INFO: length = 10
2025-07-01 10:25:27.276 - INFO: sortBy = KD_DIST
2025-07-01 10:25:27.276 - INFO: sortDir = asc
2025-07-01 10:25:27.276 - INFO: searchValue = 
2025-07-01 10:25:27.277 - INFO: vbln_usulan = 202505
2025-07-01 10:25:27.277 - INFO: vkd_bank = 200
2025-07-01 10:25:27.277 - INFO: vkd_dist = 11
2025-07-01 10:25:27.586 - INFO: draw = 12
2025-07-01 10:25:27.586 - INFO: start = 1
2025-07-01 10:25:27.587 - INFO: length = 10
2025-07-01 10:25:27.587 - INFO: sortBy = KD_DIST
2025-07-01 10:25:27.587 - INFO: sortDir = asc
2025-07-01 10:25:27.587 - INFO: searchValue = 
2025-07-01 10:25:27.588 - INFO: vbln_usulan = 202505
2025-07-01 10:25:27.588 - INFO: vkd_bank = 200
2025-07-01 10:25:27.588 - INFO: vkd_dist = 11
2025-07-01 10:25:37.924 - INFO: draw = 13
2025-07-01 10:25:37.924 - INFO: start = 5
2025-07-01 10:25:37.924 - INFO: length = 10
2025-07-01 10:25:37.924 - INFO: sortBy = KD_DIST
2025-07-01 10:25:37.924 - INFO: sortDir = asc
2025-07-01 10:25:37.924 - INFO: searchValue = 
2025-07-01 10:25:37.924 - INFO: vbln_usulan = 202505
2025-07-01 10:25:37.924 - INFO: vkd_bank = 200
2025-07-01 10:25:37.924 - INFO: vkd_dist = 11
2025-07-01 10:25:49.786 - INFO: draw = 14
2025-07-01 10:25:49.787 - INFO: start = 1
2025-07-01 10:25:49.787 - INFO: length = 10
2025-07-01 10:25:49.787 - INFO: sortBy = KD_DIST
2025-07-01 10:25:49.787 - INFO: sortDir = asc
2025-07-01 10:25:49.788 - INFO: searchValue = 111001413118
2025-07-01 10:25:49.788 - INFO: vbln_usulan = 202505
2025-07-01 10:25:49.788 - INFO: vkd_bank = 200
2025-07-01 10:25:49.789 - INFO: vkd_dist = 11
2025-07-01 10:27:42.250 - INFO: vbln_usulan: 202505
2025-07-01 10:28:19.309 - INFO: Jumlah data dikembalikan: 24
2025-07-01 10:28:33.823 - INFO: draw = 1
2025-07-01 10:28:33.824 - INFO: start = 1
2025-07-01 10:28:33.825 - INFO: length = 10
2025-07-01 10:28:33.827 - INFO: sortBy = KD_DIST
2025-07-01 10:28:33.828 - INFO: sortDir = asc
2025-07-01 10:28:33.828 - INFO: searchValue = 
2025-07-01 10:28:33.829 - INFO: vbln_usulan = 202505
2025-07-01 10:28:33.830 - INFO: vkd_bank = 200
2025-07-01 10:28:33.830 - INFO: vkd_dist = 11
2025-07-01 10:28:39.849 - INFO: draw = 2
2025-07-01 10:28:39.849 - INFO: start = 5
2025-07-01 10:28:39.849 - INFO: length = 10
2025-07-01 10:28:39.849 - INFO: sortBy = KD_DIST
2025-07-01 10:28:39.849 - INFO: sortDir = asc
2025-07-01 10:28:39.853 - INFO: searchValue = 
2025-07-01 10:28:39.853 - INFO: vbln_usulan = 202505
2025-07-01 10:28:39.854 - INFO: vkd_bank = 200
2025-07-01 10:28:39.854 - INFO: vkd_dist = 11
2025-07-01 10:28:49.890 - INFO: draw = 3
2025-07-01 10:28:49.893 - INFO: start = 1
2025-07-01 10:28:49.894 - INFO: length = 10
2025-07-01 10:28:49.895 - INFO: sortBy = KD_DIST
2025-07-01 10:28:49.895 - INFO: sortDir = asc
2025-07-01 10:28:49.895 - INFO: searchValue = 111001413118
2025-07-01 10:28:49.895 - INFO: vbln_usulan = 202505
2025-07-01 10:28:49.895 - INFO: vkd_bank = 200
2025-07-01 10:28:49.895 - INFO: vkd_dist = 11
2025-07-01 10:29:00.795 - INFO: draw = 4
2025-07-01 10:29:00.797 - INFO: start = 1
2025-07-01 10:29:00.797 - INFO: length = 10
2025-07-01 10:29:00.798 - INFO: sortBy = KD_DIST
2025-07-01 10:29:00.798 - INFO: sortDir = asc
2025-07-01 10:29:00.798 - INFO: searchValue = 
2025-07-01 10:29:00.798 - INFO: vbln_usulan = 202505
2025-07-01 10:29:00.798 - INFO: vkd_bank = 200
2025-07-01 10:29:00.798 - INFO: vkd_dist = 11
2025-07-01 10:29:01.102 - INFO: draw = 5
2025-07-01 10:29:01.102 - INFO: start = 1
2025-07-01 10:29:01.102 - INFO: length = 10
2025-07-01 10:29:01.102 - INFO: sortBy = KD_DIST
2025-07-01 10:29:01.104 - INFO: sortDir = asc
2025-07-01 10:29:01.104 - INFO: searchValue = 
2025-07-01 10:29:01.105 - INFO: vbln_usulan = 202505
2025-07-01 10:29:01.106 - INFO: vkd_bank = 200
2025-07-01 10:29:01.106 - INFO: vkd_dist = 11
2025-07-01 10:29:12.762 - INFO: draw = 6
2025-07-01 10:29:12.762 - INFO: start = 1
2025-07-01 10:29:12.762 - INFO: length = 10
2025-07-01 10:29:12.762 - INFO: sortBy = KD_DIST
2025-07-01 10:29:12.762 - INFO: sortDir = asc
2025-07-01 10:29:12.772 - INFO: searchValue = 111000991526
2025-07-01 10:29:12.773 - INFO: vbln_usulan = 202505
2025-07-01 10:29:12.773 - INFO: vkd_bank = 200
2025-07-01 10:29:12.773 - INFO: vkd_dist = 11
2025-07-01 10:29:26.060 - INFO: draw = 7
2025-07-01 10:29:26.062 - INFO: start = 1
2025-07-01 10:29:26.062 - INFO: length = 10
2025-07-01 10:29:26.062 - INFO: sortBy = KD_DIST
2025-07-01 10:29:26.062 - INFO: sortDir = asc
2025-07-01 10:29:26.062 - INFO: searchValue = 
2025-07-01 10:29:26.062 - INFO: vbln_usulan = 202505
2025-07-01 10:29:26.062 - INFO: vkd_bank = 200
2025-07-01 10:29:26.062 - INFO: vkd_dist = 11
2025-07-01 10:29:26.359 - INFO: draw = 8
2025-07-01 10:29:26.359 - INFO: start = 5
2025-07-01 10:29:26.359 - INFO: length = 10
2025-07-01 10:29:26.359 - INFO: sortBy = KD_DIST
2025-07-01 10:29:26.359 - INFO: sortDir = asc
2025-07-01 10:29:26.359 - INFO: searchValue = 
2025-07-01 10:29:26.359 - INFO: vbln_usulan = 202505
2025-07-01 10:29:26.359 - INFO: vkd_bank = 200
2025-07-01 10:29:26.359 - INFO: vkd_dist = 11
2025-07-01 10:29:36.432 - INFO: draw = 9
2025-07-01 10:29:36.432 - INFO: start = 1
2025-07-01 10:29:36.432 - INFO: length = 10
2025-07-01 10:29:36.432 - INFO: sortBy = KD_DIST
2025-07-01 10:29:36.438 - INFO: sortDir = asc
2025-07-01 10:29:36.438 - INFO: searchValue = 
2025-07-01 10:29:36.439 - INFO: vbln_usulan = 202505
2025-07-01 10:29:36.439 - INFO: vkd_bank = 200
2025-07-01 10:29:36.439 - INFO: vkd_dist = 11
2025-07-01 10:29:42.042 - INFO: draw = 10
2025-07-01 10:29:42.043 - INFO: start = 2
2025-07-01 10:29:42.043 - INFO: length = 10
2025-07-01 10:29:42.043 - INFO: sortBy = KD_DIST
2025-07-01 10:29:42.043 - INFO: sortDir = asc
2025-07-01 10:29:42.044 - INFO: searchValue = 
2025-07-01 10:29:42.044 - INFO: vbln_usulan = 202505
2025-07-01 10:29:42.045 - INFO: vkd_bank = 200
2025-07-01 10:29:42.045 - INFO: vkd_dist = 11
2025-07-01 10:29:53.882 - INFO: draw = 11
2025-07-01 10:29:53.884 - INFO: start = 1
2025-07-01 10:29:53.884 - INFO: length = 10
2025-07-01 10:29:53.884 - INFO: sortBy = KD_DIST
2025-07-01 10:29:53.884 - INFO: sortDir = asc
2025-07-01 10:29:53.884 - INFO: searchValue = 111000991526
2025-07-01 10:29:53.886 - INFO: vbln_usulan = 202505
2025-07-01 10:29:53.887 - INFO: vkd_bank = 200
2025-07-01 10:29:53.887 - INFO: vkd_dist = 11
2025-07-01 10:30:02.234 - INFO: draw = 12
2025-07-01 10:30:02.234 - INFO: start = 1
2025-07-01 10:30:02.234 - INFO: length = 10
2025-07-01 10:30:02.235 - INFO: sortBy = KD_DIST
2025-07-01 10:30:02.236 - INFO: sortDir = asc
2025-07-01 10:30:02.237 - INFO: searchValue = 
2025-07-01 10:30:02.238 - INFO: vbln_usulan = 202505
2025-07-01 10:30:02.239 - INFO: vkd_bank = 200
2025-07-01 10:30:02.239 - INFO: vkd_dist = 11
2025-07-01 10:30:02.537 - INFO: draw = 13
2025-07-01 10:30:02.537 - INFO: start = 2
2025-07-01 10:30:02.537 - INFO: length = 10
2025-07-01 10:30:02.537 - INFO: sortBy = KD_DIST
2025-07-01 10:30:02.537 - INFO: sortDir = asc
2025-07-01 10:30:02.537 - INFO: searchValue = 
2025-07-01 10:30:02.537 - INFO: vbln_usulan = 202505
2025-07-01 10:30:02.537 - INFO: vkd_bank = 200
2025-07-01 10:30:02.537 - INFO: vkd_dist = 11
2025-07-01 10:30:10.439 - INFO: draw = 14
2025-07-01 10:30:10.439 - INFO: start = 3
2025-07-01 10:30:10.439 - INFO: length = 10
2025-07-01 10:30:10.439 - INFO: sortBy = KD_DIST
2025-07-01 10:30:10.439 - INFO: sortDir = asc
2025-07-01 10:30:10.439 - INFO: searchValue = 
2025-07-01 10:30:10.443 - INFO: vbln_usulan = 202505
2025-07-01 10:30:10.443 - INFO: vkd_bank = 200
2025-07-01 10:30:10.443 - INFO: vkd_dist = 11
2025-07-01 10:30:24.389 - INFO: draw = 15
2025-07-01 10:30:24.389 - INFO: start = 1
2025-07-01 10:30:24.390 - INFO: length = 10
2025-07-01 10:30:24.390 - INFO: sortBy = KD_DIST
2025-07-01 10:30:24.391 - INFO: sortDir = asc
2025-07-01 10:30:24.391 - INFO: searchValue = 111001284602
2025-07-01 10:30:24.391 - INFO: vbln_usulan = 202505
2025-07-01 10:30:24.391 - INFO: vkd_bank = 200
2025-07-01 10:30:24.391 - INFO: vkd_dist = 11
2025-07-01 10:30:38.536 - INFO: draw = 16
2025-07-01 10:30:38.536 - INFO: start = 1
2025-07-01 10:30:38.541 - INFO: length = 10
2025-07-01 10:30:38.541 - INFO: sortBy = KD_DIST
2025-07-01 10:30:38.541 - INFO: sortDir = asc
2025-07-01 10:30:38.541 - INFO: searchValue = 
2025-07-01 10:30:38.541 - INFO: vbln_usulan = 202505
2025-07-01 10:30:38.541 - INFO: vkd_bank = 200
2025-07-01 10:30:38.541 - INFO: vkd_dist = 11
2025-07-01 10:30:38.836 - INFO: draw = 17
2025-07-01 10:30:38.842 - INFO: start = 1
2025-07-01 10:30:38.842 - INFO: length = 10
2025-07-01 10:30:38.842 - INFO: sortBy = KD_DIST
2025-07-01 10:30:38.842 - INFO: sortDir = asc
2025-07-01 10:30:38.842 - INFO: searchValue = 
2025-07-01 10:30:38.842 - INFO: vbln_usulan = 202505
2025-07-01 10:30:38.842 - INFO: vkd_bank = 200
2025-07-01 10:30:38.842 - INFO: vkd_dist = 11
2025-07-01 10:39:54.252 - INFO: draw = 18
2025-07-01 10:39:54.254 - INFO: start = 76
2025-07-01 10:39:54.254 - INFO: length = 10
2025-07-01 10:39:54.254 - INFO: sortBy = KD_DIST
2025-07-01 10:39:54.254 - INFO: sortDir = asc
2025-07-01 10:39:54.254 - INFO: searchValue = 
2025-07-01 10:39:54.254 - INFO: vbln_usulan = 202505
2025-07-01 10:39:54.254 - INFO: vkd_bank = 200
2025-07-01 10:39:54.254 - INFO: vkd_dist = 11
2025-07-01 10:40:05.958 - INFO: draw = 19
2025-07-01 10:40:05.958 - INFO: start = 74
2025-07-01 10:40:05.958 - INFO: length = 10
2025-07-01 10:40:05.958 - INFO: sortBy = KD_DIST
2025-07-01 10:40:05.958 - INFO: sortDir = asc
2025-07-01 10:40:05.958 - INFO: searchValue = 
2025-07-01 10:40:05.958 - INFO: vbln_usulan = 202505
2025-07-01 10:40:05.958 - INFO: vkd_bank = 200
2025-07-01 10:40:05.958 - INFO: vkd_dist = 11
2025-07-01 10:40:15.998 - INFO: draw = 20
2025-07-01 10:40:15.998 - INFO: start = 1
2025-07-01 10:40:15.998 - INFO: length = 10
2025-07-01 10:40:15.998 - INFO: sortBy = KD_DIST
2025-07-01 10:40:15.998 - INFO: sortDir = asc
2025-07-01 10:40:16.000 - INFO: searchValue = POS11BNA20250514006
2025-07-01 10:40:16.000 - INFO: vbln_usulan = 202505
2025-07-01 10:40:16.000 - INFO: vkd_bank = 200
2025-07-01 10:40:16.001 - INFO: vkd_dist = 11
2025-07-01 10:40:25.298 - INFO: draw = 21
2025-07-01 10:40:25.298 - INFO: start = 1
2025-07-01 10:40:25.299 - INFO: length = 10
2025-07-01 10:40:25.299 - INFO: sortBy = KD_DIST
2025-07-01 10:40:25.300 - INFO: sortDir = asc
2025-07-01 10:40:25.300 - INFO: searchValue = 
2025-07-01 10:40:25.300 - INFO: vbln_usulan = 202505
2025-07-01 10:40:25.300 - INFO: vkd_bank = 200
2025-07-01 10:40:25.300 - INFO: vkd_dist = 11
2025-07-01 10:40:25.606 - INFO: draw = 22
2025-07-01 10:40:25.606 - INFO: start = 1
2025-07-01 10:40:25.606 - INFO: length = 10
2025-07-01 10:40:25.607 - INFO: sortBy = KD_DIST
2025-07-01 10:40:25.607 - INFO: sortDir = asc
2025-07-01 10:40:25.607 - INFO: searchValue = 
2025-07-01 10:40:25.607 - INFO: vbln_usulan = 202505
2025-07-01 10:40:25.607 - INFO: vkd_bank = 200
2025-07-01 10:40:25.607 - INFO: vkd_dist = 11
2025-07-01 10:40:38.553 - INFO: draw = 23
2025-07-01 10:40:38.554 - INFO: start = 2
2025-07-01 10:40:38.554 - INFO: length = 10
2025-07-01 10:40:38.554 - INFO: sortBy = KD_DIST
2025-07-01 10:40:38.554 - INFO: sortDir = asc
2025-07-01 10:40:38.555 - INFO: searchValue = 
2025-07-01 10:40:38.555 - INFO: vbln_usulan = 202505
2025-07-01 10:40:38.555 - INFO: vkd_bank = 200
2025-07-01 10:40:38.555 - INFO: vkd_dist = 11
2025-07-01 10:42:44.040 - INFO: vbln_usulan: 202505
2025-07-01 10:43:21.057 - INFO: Jumlah data dikembalikan: 24
2025-07-01 10:43:23.960 - INFO: draw = 1
2025-07-01 10:43:23.961 - INFO: offset (startIndex) = 0
2025-07-01 10:43:23.962 - INFO: limit (length) = 10
2025-07-01 10:43:23.963 - INFO: sortBy = KD_DIST ASC
2025-07-01 10:43:23.963 - INFO: searchValue = 
2025-07-01 10:43:23.963 - INFO: vbln_usulan = 202505
2025-07-01 10:43:23.963 - INFO: vkd_bank = 200
2025-07-01 10:43:23.963 - INFO: vkd_dist = 11
2025-07-01 10:43:35.027 - INFO: draw = 2
2025-07-01 10:43:35.027 - INFO: offset (startIndex) = 0
2025-07-01 10:43:35.027 - INFO: limit (length) = 10
2025-07-01 10:43:35.031 - INFO: sortBy = KD_DIST ASC
2025-07-01 10:43:35.032 - INFO: searchValue = 111000844509
2025-07-01 10:43:35.032 - INFO: vbln_usulan = 202505
2025-07-01 10:43:35.032 - INFO: vkd_bank = 200
2025-07-01 10:43:35.032 - INFO: vkd_dist = 11
2025-07-01 10:43:42.404 - INFO: draw = 3
2025-07-01 10:43:42.405 - INFO: offset (startIndex) = 0
2025-07-01 10:43:42.406 - INFO: limit (length) = 10
2025-07-01 10:43:42.406 - INFO: sortBy = KD_DIST ASC
2025-07-01 10:43:42.406 - INFO: searchValue = 
2025-07-01 10:43:42.406 - INFO: vbln_usulan = 202505
2025-07-01 10:43:42.407 - INFO: vkd_bank = 200
2025-07-01 10:43:42.407 - INFO: vkd_dist = 11
2025-07-01 10:43:42.715 - INFO: draw = 4
2025-07-01 10:43:42.715 - INFO: offset (startIndex) = 0
2025-07-01 10:43:42.715 - INFO: limit (length) = 10
2025-07-01 10:43:42.723 - INFO: sortBy = KD_DIST ASC
2025-07-01 10:43:42.723 - INFO: searchValue = 
2025-07-01 10:43:42.724 - INFO: vbln_usulan = 202505
2025-07-01 10:43:42.724 - INFO: vkd_bank = 200
2025-07-01 10:43:42.726 - INFO: vkd_dist = 11
2025-07-01 13:32:09.648 - INFO: vbln_usulan: 202505
2025-07-01 13:32:46.165 - INFO: Jumlah data dikembalikan: 24
2025-07-01 13:33:32.250 - INFO: draw = 1
2025-07-01 13:33:32.250 - INFO: offset (startIndex) = 0
2025-07-01 13:33:32.250 - INFO: limit (length) = 10
2025-07-01 13:33:32.250 - INFO: sortBy = KD_DIST ASC
2025-07-01 13:33:32.253 - INFO: searchValue = 
2025-07-01 13:33:32.253 - INFO: vbln_usulan = 202505
2025-07-01 13:33:32.253 - INFO: vkd_bank = 200
2025-07-01 13:33:32.253 - INFO: vkd_dist = 11
2025-07-01 13:33:43.902 - INFO: draw = 2
2025-07-01 13:33:43.902 - INFO: offset (startIndex) = 0
2025-07-01 13:33:43.902 - INFO: limit (length) = 10
2025-07-01 13:33:43.902 - INFO: sortBy = KD_DIST ASC
2025-07-01 13:33:43.902 - INFO: searchValue = 111000844509
2025-07-01 13:33:43.902 - INFO: vbln_usulan = 202505
2025-07-01 13:33:43.902 - INFO: vkd_bank = 200
2025-07-01 13:33:43.902 - INFO: vkd_dist = 11
2025-07-01 13:38:00.772 - INFO: vbln_usulan: 202505
2025-07-01 13:38:06.577 - INFO: Jumlah data dikembalikan: 24
2025-07-01 13:54:46.169 - INFO: draw = 1
2025-07-01 13:54:46.170 - INFO: offset (startIndex) = 0
2025-07-01 13:54:46.171 - INFO: limit (length) = 10
2025-07-01 13:54:46.171 - INFO: sortBy = KD_DIST ASC
2025-07-01 13:54:46.171 - INFO: searchValue = 
2025-07-01 13:54:46.172 - INFO: vbln_usulan = 202505
2025-07-01 13:54:46.172 - INFO: vkd_bank = 200
2025-07-01 13:54:46.172 - INFO: vkd_dist = 11
2025-07-01 13:54:55.092 - INFO: draw = 2
2025-07-01 13:54:55.092 - INFO: offset (startIndex) = 0
2025-07-01 13:54:55.092 - INFO: limit (length) = 10
2025-07-01 13:54:55.092 - INFO: sortBy = KD_DIST ASC
2025-07-01 13:54:55.098 - INFO: searchValue = 111000727411
2025-07-01 13:54:55.098 - INFO: vbln_usulan = 202505
2025-07-01 13:54:55.098 - INFO: vkd_bank = 200
2025-07-01 13:54:55.105 - INFO: vkd_dist = 11
2025-07-01 13:55:03.832 - INFO: draw = 1
2025-07-01 13:55:03.832 - INFO: offset (startIndex) = 0
2025-07-01 13:55:03.832 - INFO: limit (length) = 10
2025-07-01 13:55:03.832 - INFO: sortBy = KD_DIST ASC
2025-07-01 13:55:03.835 - INFO: searchValue = 
2025-07-01 13:55:03.835 - INFO: vbln_usulan = 202505
2025-07-01 13:55:03.835 - INFO: vkd_bank = 200
2025-07-01 13:55:03.835 - INFO: vkd_dist = 11
2025-07-01 13:55:11.200 - INFO: draw = 2
2025-07-01 13:55:11.200 - INFO: offset (startIndex) = 0
2025-07-01 13:55:11.200 - INFO: limit (length) = 10
2025-07-01 13:55:11.202 - INFO: sortBy = KD_DIST ASC
2025-07-01 13:55:11.202 - INFO: searchValue = 
2025-07-01 13:55:11.202 - INFO: vbln_usulan = 202505
2025-07-01 13:55:11.203 - INFO: vkd_bank = 200
2025-07-01 13:55:11.203 - INFO: vkd_dist = 11
2025-07-01 13:55:30.904 - INFO: draw = 3
2025-07-01 13:55:30.904 - INFO: offset (startIndex) = 0
2025-07-01 13:55:30.904 - INFO: limit (length) = 10
2025-07-01 13:55:30.904 - INFO: sortBy = KD_DIST ASC
2025-07-01 13:55:30.904 - INFO: searchValue = 111000844509
2025-07-01 13:55:30.904 - INFO: vbln_usulan = 202505
2025-07-01 13:55:30.904 - INFO: vkd_bank = 200
2025-07-01 13:55:30.908 - INFO: vkd_dist = 11
2025-07-01 13:55:42.925 - INFO: draw = 4
2025-07-01 13:55:42.926 - INFO: offset (startIndex) = 0
2025-07-01 13:55:42.928 - INFO: limit (length) = 10
2025-07-01 13:55:42.928 - INFO: sortBy = KD_DIST ASC
2025-07-01 13:55:42.928 - INFO: searchValue = 
2025-07-01 13:55:42.928 - INFO: vbln_usulan = 202505
2025-07-01 13:55:42.928 - INFO: vkd_bank = 200
2025-07-01 13:55:42.928 - INFO: vkd_dist = 11
2025-07-01 13:55:43.238 - INFO: draw = 5
2025-07-01 13:55:43.238 - INFO: offset (startIndex) = 0
2025-07-01 13:55:43.238 - INFO: limit (length) = 10
2025-07-01 13:55:43.238 - INFO: sortBy = KD_DIST ASC
2025-07-01 13:55:43.238 - INFO: searchValue = 
2025-07-01 13:55:43.238 - INFO: vbln_usulan = 202505
2025-07-01 13:55:43.238 - INFO: vkd_bank = 200
2025-07-01 13:55:43.238 - INFO: vkd_dist = 11
2025-07-01 13:58:53.391 - INFO: draw = 6
2025-07-01 13:58:53.391 - INFO: offset (startIndex) = 0
2025-07-01 13:58:53.391 - INFO: limit (length) = 10
2025-07-01 13:58:53.392 - INFO: sortBy = KD_DIST ASC
2025-07-01 13:58:53.392 - INFO: searchValue = 
2025-07-01 13:58:53.392 - INFO: vbln_usulan = 202505
2025-07-01 13:58:53.392 - INFO: vkd_bank = 200
2025-07-01 13:58:53.393 - INFO: vkd_dist = 11
2025-07-01 13:59:24.618 - INFO: draw = 7
2025-07-01 13:59:24.618 - INFO: offset (startIndex) = 0
2025-07-01 13:59:24.618 - INFO: limit (length) = 10
2025-07-01 13:59:24.618 - INFO: sortBy = KD_DIST ASC
2025-07-01 13:59:24.620 - INFO: searchValue = 
2025-07-01 13:59:24.620 - INFO: vbln_usulan = 202505
2025-07-01 13:59:24.621 - INFO: vkd_bank = 200
2025-07-01 13:59:24.621 - INFO: vkd_dist = 11
2025-07-01 13:59:39.703 - INFO: draw = 8
2025-07-01 13:59:39.704 - INFO: offset (startIndex) = 0
2025-07-01 13:59:39.705 - INFO: limit (length) = 10
2025-07-01 13:59:39.705 - INFO: sortBy = KD_DIST ASC
2025-07-01 13:59:39.705 - INFO: searchValue = 
2025-07-01 13:59:39.706 - INFO: vbln_usulan = 202505
2025-07-01 13:59:39.706 - INFO: vkd_bank = 200
2025-07-01 13:59:39.708 - INFO: vkd_dist = 11
2025-07-01 13:59:42.727 - INFO: draw = 9
2025-07-01 13:59:42.727 - INFO: offset (startIndex) = 0
2025-07-01 13:59:42.727 - INFO: limit (length) = 10
2025-07-01 13:59:42.727 - INFO: sortBy = KD_DIST ASC
2025-07-01 13:59:42.727 - INFO: searchValue = 
2025-07-01 13:59:42.727 - INFO: vbln_usulan = 202505
2025-07-01 13:59:42.727 - INFO: vkd_bank = 200
2025-07-01 13:59:42.727 - INFO: vkd_dist = 11
2025-07-01 13:59:46.057 - INFO: vbln_usulan: 202505
2025-07-01 13:59:51.548 - INFO: Jumlah data dikembalikan: 24
2025-07-01 13:59:56.930 - INFO: draw = 1
2025-07-01 13:59:56.930 - INFO: offset (startIndex) = 0
2025-07-01 13:59:56.931 - INFO: limit (length) = 10
2025-07-01 13:59:56.931 - INFO: sortBy = KD_DIST ASC
2025-07-01 13:59:56.931 - INFO: searchValue = 
2025-07-01 13:59:56.931 - INFO: vbln_usulan = 202505
2025-07-01 13:59:56.933 - INFO: vkd_bank = 200
2025-07-01 13:59:56.933 - INFO: vkd_dist = 11
2025-07-01 14:00:04.013 - INFO: draw = 2
2025-07-01 14:00:04.013 - INFO: offset (startIndex) = 10
2025-07-01 14:00:04.013 - INFO: limit (length) = 10
2025-07-01 14:00:04.013 - INFO: sortBy = KD_DIST ASC
2025-07-01 14:00:04.014 - INFO: searchValue = 
2025-07-01 14:00:04.014 - INFO: vbln_usulan = 202505
2025-07-01 14:00:04.014 - INFO: vkd_bank = 200
2025-07-01 14:00:04.014 - INFO: vkd_dist = 11
2025-07-01 14:00:12.057 - INFO: draw = 3
2025-07-01 14:00:12.057 - INFO: offset (startIndex) = 0
2025-07-01 14:00:12.057 - INFO: limit (length) = 10
2025-07-01 14:00:12.057 - INFO: sortBy = KD_DIST ASC
2025-07-01 14:00:12.057 - INFO: searchValue = 111100084128
2025-07-01 14:00:12.057 - INFO: vbln_usulan = 202505
2025-07-01 14:00:12.057 - INFO: vkd_bank = 200
2025-07-01 14:00:12.057 - INFO: vkd_dist = 11
2025-07-01 14:00:21.031 - INFO: draw = 4
2025-07-01 14:00:21.032 - INFO: offset (startIndex) = 0
2025-07-01 14:00:21.032 - INFO: limit (length) = 10
2025-07-01 14:00:21.033 - INFO: sortBy = KD_DIST ASC
2025-07-01 14:00:21.034 - INFO: searchValue = 
2025-07-01 14:00:21.034 - INFO: vbln_usulan = 202505
2025-07-01 14:00:21.034 - INFO: vkd_bank = 200
2025-07-01 14:00:21.034 - INFO: vkd_dist = 11
2025-07-01 14:00:21.328 - INFO: draw = 5
2025-07-01 14:00:21.328 - INFO: offset (startIndex) = 0
2025-07-01 14:00:21.328 - INFO: limit (length) = 10
2025-07-01 14:00:21.328 - INFO: sortBy = KD_DIST ASC
2025-07-01 14:00:21.334 - INFO: searchValue = 
2025-07-01 14:00:21.334 - INFO: vbln_usulan = 202505
2025-07-01 14:00:21.334 - INFO: vkd_bank = 200
2025-07-01 14:00:21.335 - INFO: vkd_dist = 11
2025-07-01 14:00:27.829 - INFO: draw = 6
2025-07-01 14:00:27.829 - INFO: offset (startIndex) = 40
2025-07-01 14:00:27.829 - INFO: limit (length) = 10
2025-07-01 14:00:27.829 - INFO: sortBy = KD_DIST ASC
2025-07-01 14:00:27.829 - INFO: searchValue = 
2025-07-01 14:00:27.829 - INFO: vbln_usulan = 202505
2025-07-01 14:00:27.829 - INFO: vkd_bank = 200
2025-07-01 14:00:27.833 - INFO: vkd_dist = 11
2025-07-01 14:00:37.515 - INFO: draw = 7
2025-07-01 14:00:37.516 - INFO: offset (startIndex) = 0
2025-07-01 14:00:37.516 - INFO: limit (length) = 10
2025-07-01 14:00:37.517 - INFO: sortBy = KD_DIST ASC
2025-07-01 14:00:37.517 - INFO: searchValue = 115500132306
2025-07-01 14:00:37.517 - INFO: vbln_usulan = 202505
2025-07-01 14:00:37.517 - INFO: vkd_bank = 200
2025-07-01 14:00:37.518 - INFO: vkd_dist = 11
2025-07-01 14:00:44.855 - INFO: draw = 8
2025-07-01 14:00:44.855 - INFO: offset (startIndex) = 0
2025-07-01 14:00:44.856 - INFO: limit (length) = 10
2025-07-01 14:00:44.857 - INFO: sortBy = KD_DIST ASC
2025-07-01 14:00:44.857 - INFO: searchValue = 
2025-07-01 14:00:44.857 - INFO: vbln_usulan = 202505
2025-07-01 14:00:44.857 - INFO: vkd_bank = 200
2025-07-01 14:00:44.857 - INFO: vkd_dist = 11
2025-07-01 14:00:45.151 - INFO: draw = 9
2025-07-01 14:00:45.151 - INFO: offset (startIndex) = 0
2025-07-01 14:00:45.158 - INFO: limit (length) = 10
2025-07-01 14:00:45.158 - INFO: sortBy = KD_DIST ASC
2025-07-01 14:00:45.158 - INFO: searchValue = 
2025-07-01 14:00:45.158 - INFO: vbln_usulan = 202505
2025-07-01 14:00:45.158 - INFO: vkd_bank = 200
2025-07-01 14:00:45.158 - INFO: vkd_dist = 11
2025-07-01 14:01:37.481 - INFO: draw = 10
2025-07-01 14:01:37.482 - INFO: offset (startIndex) = 750
2025-07-01 14:01:37.482 - INFO: limit (length) = 10
2025-07-01 14:01:37.482 - INFO: sortBy = KD_DIST ASC
2025-07-01 14:01:37.483 - INFO: searchValue = 
2025-07-01 14:01:37.483 - INFO: vbln_usulan = 202505
2025-07-01 14:01:37.483 - INFO: vkd_bank = 200
2025-07-01 14:01:37.483 - INFO: vkd_dist = 11
2025-07-01 14:01:50.566 - INFO: draw = 11
2025-07-01 14:01:50.567 - INFO: offset (startIndex) = 740
2025-07-01 14:01:50.567 - INFO: limit (length) = 10
2025-07-01 14:01:50.567 - INFO: sortBy = KD_DIST ASC
2025-07-01 14:01:50.567 - INFO: searchValue = 
2025-07-01 14:01:50.567 - INFO: vbln_usulan = 202505
2025-07-01 14:01:50.568 - INFO: vkd_bank = 200
2025-07-01 14:01:50.568 - INFO: vkd_dist = 11
2025-07-01 14:02:00.921 - INFO: draw = 12
2025-07-01 14:02:00.921 - INFO: offset (startIndex) = 0
2025-07-01 14:02:00.923 - INFO: limit (length) = 10
2025-07-01 14:02:00.923 - INFO: sortBy = KD_DIST ASC
2025-07-01 14:02:00.923 - INFO: searchValue = 114420101738
2025-07-01 14:02:00.923 - INFO: vbln_usulan = 202505
2025-07-01 14:02:00.923 - INFO: vkd_bank = 200
2025-07-01 14:02:00.923 - INFO: vkd_dist = 11
2025-07-01 14:04:23.889 - INFO: vbln_usulan: 202505
2025-07-01 14:04:29.407 - INFO: Jumlah data dikembalikan: 24
2025-07-01 14:04:36.114 - INFO: draw = 1
2025-07-01 14:04:36.115 - INFO: offset (startIndex) = 0
2025-07-01 14:04:36.115 - INFO: limit (length) = 10
2025-07-01 14:04:36.115 - INFO: sortBy = KD_DIST ASC
2025-07-01 14:04:36.115 - INFO: searchValue = 
2025-07-01 14:04:36.116 - INFO: vbln_usulan = 202505
2025-07-01 14:04:36.116 - INFO: vkd_bank = 200
2025-07-01 14:04:36.116 - INFO: vkd_dist = 11
2025-07-01 14:04:42.784 - INFO: draw = 2
2025-07-01 14:04:42.784 - INFO: offset (startIndex) = 750
2025-07-01 14:04:42.785 - INFO: limit (length) = 10
2025-07-01 14:04:42.785 - INFO: sortBy = KD_DIST ASC
2025-07-01 14:04:42.786 - INFO: searchValue = 
2025-07-01 14:04:42.786 - INFO: vbln_usulan = 202505
2025-07-01 14:04:42.786 - INFO: vkd_bank = 200
2025-07-01 14:04:42.787 - INFO: vkd_dist = 11
2025-07-01 14:04:49.226 - INFO: draw = 3
2025-07-01 14:04:49.226 - INFO: offset (startIndex) = 740
2025-07-01 14:04:49.226 - INFO: limit (length) = 10
2025-07-01 14:04:49.226 - INFO: sortBy = KD_DIST ASC
2025-07-01 14:04:49.226 - INFO: searchValue = 
2025-07-01 14:04:49.226 - INFO: vbln_usulan = 202505
2025-07-01 14:04:49.226 - INFO: vkd_bank = 200
2025-07-01 14:04:49.226 - INFO: vkd_dist = 11
2025-07-01 14:05:01.475 - INFO: draw = 4
2025-07-01 14:05:01.475 - INFO: offset (startIndex) = 0
2025-07-01 14:05:01.476 - INFO: limit (length) = 10
2025-07-01 14:05:01.477 - INFO: sortBy = KD_DIST ASC
2025-07-01 14:05:01.477 - INFO: searchValue = 115550070575
2025-07-01 14:05:01.477 - INFO: vbln_usulan = 202505
2025-07-01 14:05:01.478 - INFO: vkd_bank = 200
2025-07-01 14:05:01.478 - INFO: vkd_dist = 11
2025-07-01 14:05:17.922 - INFO: draw = 5
2025-07-01 14:05:17.922 - INFO: offset (startIndex) = 0
2025-07-01 14:05:17.923 - INFO: limit (length) = 10
2025-07-01 14:05:17.924 - INFO: sortBy = KD_DIST ASC
2025-07-01 14:05:17.924 - INFO: searchValue = 
2025-07-01 14:05:17.924 - INFO: vbln_usulan = 202505
2025-07-01 14:05:17.926 - INFO: vkd_bank = 200
2025-07-01 14:05:17.926 - INFO: vkd_dist = 11
2025-07-01 14:05:18.219 - INFO: draw = 6
2025-07-01 14:05:18.226 - INFO: offset (startIndex) = 0
2025-07-01 14:05:18.226 - INFO: limit (length) = 10
2025-07-01 14:05:18.226 - INFO: sortBy = KD_DIST ASC
2025-07-01 14:05:18.226 - INFO: searchValue = 
2025-07-01 14:05:18.226 - INFO: vbln_usulan = 202505
2025-07-01 14:05:18.226 - INFO: vkd_bank = 200
2025-07-01 14:05:18.226 - INFO: vkd_dist = 11
2025-07-01 14:05:33.056 - INFO: draw = 7
2025-07-01 14:05:33.057 - INFO: offset (startIndex) = 0
2025-07-01 14:05:33.058 - INFO: limit (length) = 10
2025-07-01 14:05:33.058 - INFO: sortBy = KD_DIST ASC
2025-07-01 14:05:33.058 - INFO: searchValue = 115550070575
2025-07-01 14:05:33.059 - INFO: vbln_usulan = 202505
2025-07-01 14:05:33.060 - INFO: vkd_bank = 200
2025-07-01 14:05:33.061 - INFO: vkd_dist = 11
2025-07-01 14:05:39.847 - INFO: draw = 8
2025-07-01 14:05:39.847 - INFO: offset (startIndex) = 0
2025-07-01 14:05:39.847 - INFO: limit (length) = 10
2025-07-01 14:05:39.848 - INFO: sortBy = KD_DIST ASC
2025-07-01 14:05:39.848 - INFO: searchValue = 
2025-07-01 14:05:39.849 - INFO: vbln_usulan = 202505
2025-07-01 14:05:39.850 - INFO: vkd_bank = 200
2025-07-01 14:05:39.850 - INFO: vkd_dist = 11
2025-07-01 14:05:40.156 - INFO: draw = 9
2025-07-01 14:05:40.156 - INFO: offset (startIndex) = 0
2025-07-01 14:05:40.157 - INFO: limit (length) = 10
2025-07-01 14:05:40.157 - INFO: sortBy = KD_DIST ASC
2025-07-01 14:05:40.157 - INFO: searchValue = 
2025-07-01 14:05:40.157 - INFO: vbln_usulan = 202505
2025-07-01 14:05:40.157 - INFO: vkd_bank = 200
2025-07-01 14:05:40.157 - INFO: vkd_dist = 11
2025-07-01 14:07:06.796 - INFO: draw = 1
2025-07-01 14:07:06.796 - INFO: offset (startIndex) = 0
2025-07-01 14:07:06.796 - INFO: limit (length) = 10
2025-07-01 14:07:06.796 - INFO: sortBy = KD_DIST ASC
2025-07-01 14:07:06.796 - INFO: searchValue = 
2025-07-01 14:07:06.796 - INFO: vbln_usulan = 202505
2025-07-01 14:07:06.796 - INFO: vkd_bank = 111
2025-07-01 14:07:06.797 - INFO: vkd_dist = 00
2025-07-01 14:13:34.394 - INFO: vbln_usulan: 202505
2025-07-01 14:13:40.723 - INFO: Jumlah data dikembalikan: 24
2025-07-01 14:20:58.334 - INFO: vbln_usulan: 202505
2025-07-01 14:21:04.020 - INFO: Jumlah data dikembalikan: 24
2025-07-01 14:21:06.580 - INFO: vbln_usulan: 202505
2025-07-01 14:21:12.939 - INFO: Jumlah data dikembalikan: 24
2025-07-01 14:21:26.257 - INFO: vbln_usulan: 202505
2025-07-01 14:21:26.939 - INFO: vbln_usulan: 202505
2025-07-01 14:21:32.740 - INFO: Jumlah data dikembalikan: 24
2025-07-01 14:21:32.799 - INFO: Jumlah data dikembalikan: 24
2025-07-01 14:59:38.156 - INFO: vbln_usulan: 202505
2025-07-01 14:59:43.756 - INFO: Jumlah data dikembalikan: 24
2025-07-01 14:59:51.346 - INFO: draw = 1
2025-07-01 14:59:51.346 - INFO: offset (startIndex) = 0
2025-07-01 14:59:51.346 - INFO: limit (length) = 10
2025-07-01 14:59:51.347 - INFO: sortBy = KD_DIST ASC
2025-07-01 14:59:51.347 - INFO: searchValue = 
2025-07-01 14:59:51.347 - INFO: vbln_usulan = 202505
2025-07-01 14:59:51.347 - INFO: vkd_bank = 111
2025-07-01 14:59:51.347 - INFO: vkd_dist = 00
2025-07-01 14:59:57.519 - INFO: draw = 2
2025-07-01 14:59:57.520 - INFO: offset (startIndex) = 30
2025-07-01 14:59:57.520 - INFO: limit (length) = 10
2025-07-01 14:59:57.520 - INFO: sortBy = KD_DIST ASC
2025-07-01 14:59:57.520 - INFO: searchValue = 
2025-07-01 14:59:57.520 - INFO: vbln_usulan = 202505
2025-07-01 14:59:57.521 - INFO: vkd_bank = 111
2025-07-01 14:59:57.521 - INFO: vkd_dist = 00
2025-07-01 15:00:08.573 - INFO: draw = 3
2025-07-01 15:00:08.573 - INFO: offset (startIndex) = 0
2025-07-01 15:00:08.573 - INFO: limit (length) = 10
2025-07-01 15:00:08.573 - INFO: sortBy = KD_DIST ASC
2025-07-01 15:00:08.573 - INFO: searchValue = 110000355659
2025-07-01 15:00:08.573 - INFO: vbln_usulan = 202505
2025-07-01 15:00:08.573 - INFO: vkd_bank = 111
2025-07-01 15:00:08.573 - INFO: vkd_dist = 00
2025-07-01 15:00:16.062 - INFO: draw = 4
2025-07-01 15:00:16.063 - INFO: offset (startIndex) = 0
2025-07-01 15:00:16.064 - INFO: limit (length) = 10
2025-07-01 15:00:16.066 - INFO: sortBy = KD_DIST ASC
2025-07-01 15:00:16.066 - INFO: searchValue = 
2025-07-01 15:00:16.066 - INFO: vbln_usulan = 202505
2025-07-01 15:00:16.067 - INFO: vkd_bank = 111
2025-07-01 15:00:16.067 - INFO: vkd_dist = 00
2025-07-01 15:00:16.366 - INFO: draw = 5
2025-07-01 15:00:16.366 - INFO: offset (startIndex) = 0
2025-07-01 15:00:16.366 - INFO: limit (length) = 10
2025-07-01 15:00:16.366 - INFO: sortBy = KD_DIST ASC
2025-07-01 15:00:16.366 - INFO: searchValue = 
2025-07-01 15:00:16.366 - INFO: vbln_usulan = 202505
2025-07-01 15:00:16.366 - INFO: vkd_bank = 111
2025-07-01 15:00:16.366 - INFO: vkd_dist = 00
2025-07-01 15:00:29.264 - INFO: vbln_usulan: 202505
2025-07-01 15:00:29.897 - INFO: vbln_usulan: 202505
2025-07-01 15:00:35.678 - INFO: Jumlah data dikembalikan: 24
2025-07-01 15:00:35.707 - INFO: Jumlah data dikembalikan: 24
2025-07-01 15:00:39.423 - INFO: vbln_usulan: 202505
2025-07-01 15:00:40.078 - INFO: vbln_usulan: 202505
2025-07-01 15:00:45.837 - INFO: Jumlah data dikembalikan: 24
2025-07-01 15:00:46.367 - INFO: Jumlah data dikembalikan: 24
2025-07-01 15:00:56.602 - INFO: vbln_usulan: 202505
2025-07-01 15:01:02.161 - INFO: Jumlah data dikembalikan: 24
2025-07-01 15:04:18.986 - INFO: vbln_usulan: 202505
2025-07-01 15:04:24.466 - INFO: Jumlah data dikembalikan: 24
2025-07-01 15:09:08.266 - INFO: vbln_usulan: 202505
2025-07-01 15:09:13.710 - INFO: Jumlah data dikembalikan: 24
2025-07-01 15:09:43.791 - INFO: vbln_usulan: 202505
2025-07-01 15:09:49.310 - INFO: Jumlah data dikembalikan: 24
2025-07-01 15:45:46.487 - INFO: vbln_usulan: 202505
2025-07-01 15:45:52.880 - INFO: Jumlah data dikembalikan: 24
2025-07-01 15:46:35.775 - INFO: vbln_usulan: 202505
2025-07-01 15:46:41.348 - INFO: Jumlah data dikembalikan: 24
2025-07-01 15:54:15.437 - INFO: vbln_usulan: 202505
2025-07-01 15:54:21.818 - INFO: Jumlah data dikembalikan: 24
2025-07-01 15:55:58.861 - INFO: draw = 1
2025-07-01 15:55:58.861 - INFO: offset (startIndex) = 0
2025-07-01 15:55:58.862 - INFO: limit (length) = 10
2025-07-01 15:55:58.862 - INFO: sortBy = KD_DIST ASC
2025-07-01 15:55:58.863 - INFO: searchValue = 
2025-07-01 15:55:58.863 - INFO: vbln_usulan = 202505
2025-07-01 15:55:58.863 - INFO: vkd_bank = 200
2025-07-01 15:55:58.863 - INFO: vkd_dist = 11
2025-07-01 15:56:29.937 - INFO: vbln_usulan: 202505
2025-07-01 15:56:36.273 - INFO: Jumlah data dikembalikan: 24
2025-07-01 16:05:21.112 - INFO: vbln_usulan: 202505
2025-07-01 16:05:26.714 - INFO: Jumlah data dikembalikan: 24
2025-07-01 16:08:47.800 - INFO: vbln_usulan: 202505
2025-07-01 16:08:53.327 - INFO: Jumlah data dikembalikan: 24
2025-07-01 16:09:36.545 - INFO: draw = 1
2025-07-01 16:09:36.546 - INFO: offset (startIndex) = 0
2025-07-01 16:09:36.546 - INFO: limit (length) = 10
2025-07-01 16:09:36.547 - INFO: sortBy = KD_DIST ASC
2025-07-01 16:09:36.547 - INFO: searchValue = 
2025-07-01 16:09:36.547 - INFO: vbln_usulan = 202505
2025-07-01 16:09:36.547 - INFO: vkd_bank = 200
2025-07-01 16:09:36.547 - INFO: vkd_dist = 11
2025-07-01 16:10:29.696 - INFO: vbln_usulan: 202505
2025-07-01 16:10:35.995 - INFO: Jumlah data dikembalikan: 24
2025-07-01 16:10:46.493 - INFO: draw = 1
2025-07-01 16:10:46.493 - INFO: offset (startIndex) = 0
2025-07-01 16:10:46.494 - INFO: limit (length) = 10
2025-07-01 16:10:46.494 - INFO: sortBy = KD_DIST ASC
2025-07-01 16:10:46.494 - INFO: searchValue = 
2025-07-01 16:10:46.494 - INFO: vbln_usulan = 202505
2025-07-01 16:10:46.495 - INFO: vkd_bank = 200
2025-07-01 16:10:46.495 - INFO: vkd_dist = 11
2025-07-01 16:16:12.412 - INFO: vbln_usulan: 202505
2025-07-01 16:16:17.942 - INFO: Jumlah data dikembalikan: 24
2025-07-01 16:16:38.031 - INFO: draw = 1
2025-07-01 16:16:38.032 - INFO: offset (startIndex) = 0
2025-07-01 16:16:38.032 - INFO: limit (length) = 10
2025-07-01 16:16:38.032 - INFO: sortBy = KD_DIST ASC
2025-07-01 16:16:38.032 - INFO: searchValue = 
2025-07-01 16:16:38.033 - INFO: vbln_usulan = 202505
2025-07-01 16:16:38.033 - INFO: vkd_bank = 200
2025-07-01 16:16:38.035 - INFO: vkd_dist = 11
2025-07-01 16:18:36.929 - INFO: vbln_usulan: 202505
2025-07-01 16:18:43.270 - INFO: Jumlah data dikembalikan: 24
2025-07-01 16:18:46.147 - INFO: draw = 1
2025-07-01 16:18:46.148 - INFO: offset (startIndex) = 0
2025-07-01 16:18:46.148 - INFO: limit (length) = 10
2025-07-01 16:18:46.148 - INFO: sortBy = KD_DIST ASC
2025-07-01 16:18:46.148 - INFO: searchValue = 
2025-07-01 16:18:46.150 - INFO: vbln_usulan = 202505
2025-07-01 16:18:46.150 - INFO: vkd_bank = 200
2025-07-01 16:18:46.150 - INFO: vkd_dist = 11
2025-07-01 16:20:19.966 - INFO: vbln_usulan: 202505
2025-07-01 16:20:56.272 - INFO: Jumlah data dikembalikan: 24
2025-07-01 16:21:15.592 - INFO: draw = 1
2025-07-01 16:21:15.593 - INFO: offset (startIndex) = 0
2025-07-01 16:21:15.594 - INFO: limit (length) = 10
2025-07-01 16:21:15.594 - INFO: sortBy = KD_DIST ASC
2025-07-01 16:21:15.594 - INFO: searchValue = 
2025-07-01 16:21:15.594 - INFO: vbln_usulan = 202505
2025-07-01 16:21:15.594 - INFO: vkd_bank = 200
2025-07-01 16:21:15.594 - INFO: vkd_dist = 11
