2025-07-10 13:25:20.610 - INFO: vbln_usulan: 202507
2025-07-10 13:25:21.721 - INFO: vbln_usulan: 202507
2025-07-10 13:25:56.484 - INFO: Jumlah data dikembalikan: 16
2025-07-10 13:25:56.853 - INFO: Jumlah data dikembalikan: 16
2025-07-10 13:26:01.275 - INFO: draw = 1
2025-07-10 13:26:01.275 - INFO: offset (startIndex) = 0
2025-07-10 13:26:01.275 - INFO: limit (length) = 10
2025-07-10 13:26:01.275 - INFO: sortBy = KD_DIST ASC
2025-07-10 13:26:01.275 - INFO: searchValue = 
2025-07-10 13:26:01.279 - INFO: vbln_usulan = 202507
2025-07-10 13:26:01.279 - INFO: vkd_bank = 200
2025-07-10 13:26:01.279 - INFO: vkd_dist = 12
2025-07-10 13:26:05.864 - INFO: draw = 1
2025-07-10 13:26:05.864 - INFO: offset (startIndex) = 0
2025-07-10 13:26:05.864 - INFO: limit (length) = 1000
2025-07-10 13:26:05.864 - INFO: sortBy = KD_DIST asc
2025-07-10 13:26:05.864 - INFO: searchValue = 
2025-07-10 13:26:05.864 - INFO: vbln_usulan = 202507
2025-07-10 13:26:05.864 - INFO: vkd_bank = 200
2025-07-10 13:26:05.864 - INFO: vkd_dist = 12
